INFO: [SIM 2] *************** CSIM start ***************
INFO: [SIM 4] CSIM will launch GCC as the compiler.
   Compiling ../../../src/encryption_tb.cpp in debug mode
   Generating csim.exe
0x646561646265616674657374636F6465
round 0:
100	98	116	99	
101	101	101	111	
97	97	115	100	
100	102	116	101	
round 1:
205	175	219	184	
38	67	38	73	
44	77	62	90	
159	249	141	232	
round 2:
244	91	128	56	
152	219	253	180	
183	250	196	158	
243	10	135	111	
round 3:
125	38	166	158	
147	72	181	1	
31	229	33	191	
244	254	121	22	
round 4:
9	47	137	23	
155	211	102	103	
88	189	156	35	
255	1	120	110	
round 5:
156	179	58	45	
189	110	8	111	
199	122	230	197	
15	14	118	24	
round 6:
20	167	157	176	
27	117	125	18	
106	16	246	51	
215	217	175	183	
round 7:
157	58	167	23	
216	173	208	194	
195	211	37	22	
48	233	70	241	
round 8:
56	2	165	178	
159	50	226	32	
98	177	148	130	
192	41	111	158	
round 9:
148	150	51	129	
140	190	92	124	
105	216	76	206	
247	222	177	47	
round 10:
178	36	23	150	
7	185	229	153	
124	164	232	38	
251	37	148	187	
round 0:
100	98	116	99	
101	101	101	111	
97	97	115	100	
100	102	116	101	
round 1:
205	175	219	184	
38	67	38	73	
44	77	62	90	
159	249	141	232	
round 2:
244	91	128	56	
152	219	253	180	
183	250	196	158	
243	10	135	111	
round 3:
125	38	166	158	
147	72	181	1	
31	229	33	191	
244	254	121	22	
round 4:
9	47	137	23	
155	211	102	103	
88	189	156	35	
255	1	120	110	
round 5:
156	179	58	45	
189	110	8	111	
199	122	230	197	
15	14	118	24	
round 6:
20	167	157	176	
27	117	125	18	
106	16	246	51	
215	217	175	183	
round 7:
157	58	167	23	
216	173	208	194	
195	211	37	22	
48	233	70	241	
round 8:
56	2	165	178	
159	50	226	32	
98	177	148	130	
192	41	111	158	
round 9:
148	150	51	129	
140	190	92	124	
105	216	76	206	
247	222	177	47	
round 10:
178	36	23	150	
7	185	229	153	
124	164	232	38	
251	37	148	187	
INFO: [SIM 1] CSim done with 0 errors.
INFO: [SIM 3] *************** CSIM finish ***************
