

================================================================
== Vivado HLS Report for 'add_round_key_block_189'
================================================================
* Date:           Tue Apr 23 18:05:05 2019

* Version:        2018.3 (Build 2405991 on Thu Dec 06 23:56:15 MST 2018)
* Project:        CTREncryption
* Solution:       solution1
* Product family: zynquplus
* Target device:  xczu7ev-ffvc1156-2-e


================================================================
== Performance Estimates
================================================================
+ Timing (ns): 
    * Summary: 
    +--------+-------+----------+------------+
    |  Clock | Target| Estimated| Uncertainty|
    +--------+-------+----------+------------+
    |ap_clk  |   5.00|     0.335|        0.62|
    +--------+-------+----------+------------+

+ Latency (clock cycles): 
    * Summary: 
    +-----+-----+-----+-----+---------+
    |  Latency  |  Interval | Pipeline|
    | min | max | min | max |   Type  |
    +-----+-----+-----+-----+---------+
    |    0|    0|    0|    0|   none  |
    +-----+-----+-----+-----+---------+

    + Detail: 
        * Instance: 
        N/A

        * Loop: 
        N/A



================================================================
== Utilization Estimates
================================================================
* Summary: 
+-----------------+---------+-------+--------+--------+-----+
|       Name      | BRAM_18K| DSP48E|   FF   |   LUT  | URAM|
+-----------------+---------+-------+--------+--------+-----+
|DSP              |        -|      -|       -|       -|    -|
|Expression       |        -|      -|       0|     512|    -|
|FIFO             |        -|      -|       -|       -|    -|
|Instance         |        -|      -|       -|       -|    -|
|Memory           |        -|      -|       -|       -|    -|
|Multiplexer      |        -|      -|       -|       -|    -|
|Register         |        -|      -|       -|       -|    -|
+-----------------+---------+-------+--------+--------+-----+
|Total            |        0|      0|       0|     512|    0|
+-----------------+---------+-------+--------+--------+-----+
|Available        |      624|   1728|  460800|  230400|   96|
+-----------------+---------+-------+--------+--------+-----+
|Utilization (%)  |        0|      0|       0|   ~0   |    0|
+-----------------+---------+-------+--------+--------+-----+

+ Detail: 
    * Instance: 
    N/A

    * DSP48: 
    N/A

    * Memory: 
    N/A

    * FIFO: 
    N/A

    * Expression: 
    +--------------------+----------+-------+---+----+------------+------------+
    |    Variable Name   | Operation| DSP48E| FF| LUT| Bitwidth P0| Bitwidth P1|
    +--------------------+----------+-------+---+----+------------+------------+
    |p_0_0_1_fu_604_p2   |    xor   |      0|  0|   8|           8|           8|
    |p_0_0_2_fu_610_p2   |    xor   |      0|  0|   8|           8|           8|
    |p_0_0_3_fu_616_p2   |    xor   |      0|  0|   8|           8|           8|
    |p_0_1_1_fu_638_p2   |    xor   |      0|  0|   8|           8|           8|
    |p_0_1_2_fu_644_p2   |    xor   |      0|  0|   8|           8|           8|
    |p_0_1_3_fu_650_p2   |    xor   |      0|  0|   8|           8|           8|
    |p_0_1_fu_632_p2     |    xor   |      0|  0|   8|           8|           8|
    |p_0_2_1_fu_672_p2   |    xor   |      0|  0|   8|           8|           8|
    |p_0_2_2_fu_678_p2   |    xor   |      0|  0|   8|           8|           8|
    |p_0_2_3_fu_684_p2   |    xor   |      0|  0|   8|           8|           8|
    |p_0_2_fu_666_p2     |    xor   |      0|  0|   8|           8|           8|
    |p_0_3_1_fu_706_p2   |    xor   |      0|  0|   8|           8|           8|
    |p_0_3_2_fu_712_p2   |    xor   |      0|  0|   8|           8|           8|
    |p_0_3_3_fu_718_p2   |    xor   |      0|  0|   8|           8|           8|
    |p_0_3_fu_700_p2     |    xor   |      0|  0|   8|           8|           8|
    |p_1_0_1_fu_740_p2   |    xor   |      0|  0|   8|           8|           8|
    |p_1_0_2_fu_746_p2   |    xor   |      0|  0|   8|           8|           8|
    |p_1_0_3_fu_752_p2   |    xor   |      0|  0|   8|           8|           8|
    |p_1_1_1_fu_774_p2   |    xor   |      0|  0|   8|           8|           8|
    |p_1_1_2_fu_780_p2   |    xor   |      0|  0|   8|           8|           8|
    |p_1_1_3_fu_786_p2   |    xor   |      0|  0|   8|           8|           8|
    |p_1_1_fu_768_p2     |    xor   |      0|  0|   8|           8|           8|
    |p_1_2_1_fu_808_p2   |    xor   |      0|  0|   8|           8|           8|
    |p_1_2_2_fu_814_p2   |    xor   |      0|  0|   8|           8|           8|
    |p_1_2_3_fu_820_p2   |    xor   |      0|  0|   8|           8|           8|
    |p_1_2_fu_802_p2     |    xor   |      0|  0|   8|           8|           8|
    |p_1_3_1_fu_842_p2   |    xor   |      0|  0|   8|           8|           8|
    |p_1_3_2_fu_848_p2   |    xor   |      0|  0|   8|           8|           8|
    |p_1_3_3_fu_854_p2   |    xor   |      0|  0|   8|           8|           8|
    |p_1_3_fu_836_p2     |    xor   |      0|  0|   8|           8|           8|
    |p_1_fu_734_p2       |    xor   |      0|  0|   8|           8|           8|
    |p_2_0_1_fu_876_p2   |    xor   |      0|  0|   8|           8|           8|
    |p_2_0_2_fu_882_p2   |    xor   |      0|  0|   8|           8|           8|
    |p_2_0_3_fu_888_p2   |    xor   |      0|  0|   8|           8|           8|
    |p_2_1_1_fu_910_p2   |    xor   |      0|  0|   8|           8|           8|
    |p_2_1_2_fu_916_p2   |    xor   |      0|  0|   8|           8|           8|
    |p_2_1_3_fu_922_p2   |    xor   |      0|  0|   8|           8|           8|
    |p_2_1_fu_904_p2     |    xor   |      0|  0|   8|           8|           8|
    |p_2_2_1_fu_944_p2   |    xor   |      0|  0|   8|           8|           8|
    |p_2_2_2_fu_950_p2   |    xor   |      0|  0|   8|           8|           8|
    |p_2_2_3_fu_956_p2   |    xor   |      0|  0|   8|           8|           8|
    |p_2_2_fu_938_p2     |    xor   |      0|  0|   8|           8|           8|
    |p_2_3_1_fu_978_p2   |    xor   |      0|  0|   8|           8|           8|
    |p_2_3_2_fu_984_p2   |    xor   |      0|  0|   8|           8|           8|
    |p_2_3_3_fu_990_p2   |    xor   |      0|  0|   8|           8|           8|
    |p_2_3_fu_972_p2     |    xor   |      0|  0|   8|           8|           8|
    |p_2_fu_870_p2       |    xor   |      0|  0|   8|           8|           8|
    |p_3_0_1_fu_1012_p2  |    xor   |      0|  0|   8|           8|           8|
    |p_3_0_2_fu_1018_p2  |    xor   |      0|  0|   8|           8|           8|
    |p_3_0_3_fu_1024_p2  |    xor   |      0|  0|   8|           8|           8|
    |p_3_1_1_fu_1046_p2  |    xor   |      0|  0|   8|           8|           8|
    |p_3_1_2_fu_1052_p2  |    xor   |      0|  0|   8|           8|           8|
    |p_3_1_3_fu_1058_p2  |    xor   |      0|  0|   8|           8|           8|
    |p_3_1_fu_1040_p2    |    xor   |      0|  0|   8|           8|           8|
    |p_3_2_1_fu_1080_p2  |    xor   |      0|  0|   8|           8|           8|
    |p_3_2_2_fu_1086_p2  |    xor   |      0|  0|   8|           8|           8|
    |p_3_2_3_fu_1092_p2  |    xor   |      0|  0|   8|           8|           8|
    |p_3_2_fu_1074_p2    |    xor   |      0|  0|   8|           8|           8|
    |p_3_3_1_fu_1108_p2  |    xor   |      0|  0|   8|           8|           8|
    |p_3_3_2_fu_1114_p2  |    xor   |      0|  0|   8|           8|           8|
    |p_3_3_3_fu_1120_p2  |    xor   |      0|  0|   8|           8|           8|
    |p_3_3_fu_1102_p2    |    xor   |      0|  0|   8|           8|           8|
    |p_3_fu_1006_p2      |    xor   |      0|  0|   8|           8|           8|
    |p_s_fu_598_p2       |    xor   |      0|  0|   8|           8|           8|
    +--------------------+----------+-------+---+----+------------+------------+
    |Total               |          |      0|  0| 512|         512|         512|
    +--------------------+----------+-------+---+----+------------+------------+

    * Multiplexer: 
    N/A

    * Register: 
    N/A



================================================================
== Interface
================================================================
* Summary: 
+--------------+-----+-----+------------+-------------------------+--------------+
|   RTL Ports  | Dir | Bits|  Protocol  |      Source Object      |    C Type    |
+--------------+-----+-----+------------+-------------------------+--------------+
|ap_ready      | out |    1| ap_ctrl_hs | add_round_key_block.189 | return value |
|ap_return_0   | out |    8| ap_ctrl_hs | add_round_key_block.189 | return value |
|ap_return_1   | out |    8| ap_ctrl_hs | add_round_key_block.189 | return value |
|ap_return_2   | out |    8| ap_ctrl_hs | add_round_key_block.189 | return value |
|ap_return_3   | out |    8| ap_ctrl_hs | add_round_key_block.189 | return value |
|ap_return_4   | out |    8| ap_ctrl_hs | add_round_key_block.189 | return value |
|ap_return_5   | out |    8| ap_ctrl_hs | add_round_key_block.189 | return value |
|ap_return_6   | out |    8| ap_ctrl_hs | add_round_key_block.189 | return value |
|ap_return_7   | out |    8| ap_ctrl_hs | add_round_key_block.189 | return value |
|ap_return_8   | out |    8| ap_ctrl_hs | add_round_key_block.189 | return value |
|ap_return_9   | out |    8| ap_ctrl_hs | add_round_key_block.189 | return value |
|ap_return_10  | out |    8| ap_ctrl_hs | add_round_key_block.189 | return value |
|ap_return_11  | out |    8| ap_ctrl_hs | add_round_key_block.189 | return value |
|ap_return_12  | out |    8| ap_ctrl_hs | add_round_key_block.189 | return value |
|ap_return_13  | out |    8| ap_ctrl_hs | add_round_key_block.189 | return value |
|ap_return_14  | out |    8| ap_ctrl_hs | add_round_key_block.189 | return value |
|ap_return_15  | out |    8| ap_ctrl_hs | add_round_key_block.189 | return value |
|ap_return_16  | out |    8| ap_ctrl_hs | add_round_key_block.189 | return value |
|ap_return_17  | out |    8| ap_ctrl_hs | add_round_key_block.189 | return value |
|ap_return_18  | out |    8| ap_ctrl_hs | add_round_key_block.189 | return value |
|ap_return_19  | out |    8| ap_ctrl_hs | add_round_key_block.189 | return value |
|ap_return_20  | out |    8| ap_ctrl_hs | add_round_key_block.189 | return value |
|ap_return_21  | out |    8| ap_ctrl_hs | add_round_key_block.189 | return value |
|ap_return_22  | out |    8| ap_ctrl_hs | add_round_key_block.189 | return value |
|ap_return_23  | out |    8| ap_ctrl_hs | add_round_key_block.189 | return value |
|ap_return_24  | out |    8| ap_ctrl_hs | add_round_key_block.189 | return value |
|ap_return_25  | out |    8| ap_ctrl_hs | add_round_key_block.189 | return value |
|ap_return_26  | out |    8| ap_ctrl_hs | add_round_key_block.189 | return value |
|ap_return_27  | out |    8| ap_ctrl_hs | add_round_key_block.189 | return value |
|ap_return_28  | out |    8| ap_ctrl_hs | add_round_key_block.189 | return value |
|ap_return_29  | out |    8| ap_ctrl_hs | add_round_key_block.189 | return value |
|ap_return_30  | out |    8| ap_ctrl_hs | add_round_key_block.189 | return value |
|ap_return_31  | out |    8| ap_ctrl_hs | add_round_key_block.189 | return value |
|ap_return_32  | out |    8| ap_ctrl_hs | add_round_key_block.189 | return value |
|ap_return_33  | out |    8| ap_ctrl_hs | add_round_key_block.189 | return value |
|ap_return_34  | out |    8| ap_ctrl_hs | add_round_key_block.189 | return value |
|ap_return_35  | out |    8| ap_ctrl_hs | add_round_key_block.189 | return value |
|ap_return_36  | out |    8| ap_ctrl_hs | add_round_key_block.189 | return value |
|ap_return_37  | out |    8| ap_ctrl_hs | add_round_key_block.189 | return value |
|ap_return_38  | out |    8| ap_ctrl_hs | add_round_key_block.189 | return value |
|ap_return_39  | out |    8| ap_ctrl_hs | add_round_key_block.189 | return value |
|ap_return_40  | out |    8| ap_ctrl_hs | add_round_key_block.189 | return value |
|ap_return_41  | out |    8| ap_ctrl_hs | add_round_key_block.189 | return value |
|ap_return_42  | out |    8| ap_ctrl_hs | add_round_key_block.189 | return value |
|ap_return_43  | out |    8| ap_ctrl_hs | add_round_key_block.189 | return value |
|ap_return_44  | out |    8| ap_ctrl_hs | add_round_key_block.189 | return value |
|ap_return_45  | out |    8| ap_ctrl_hs | add_round_key_block.189 | return value |
|ap_return_46  | out |    8| ap_ctrl_hs | add_round_key_block.189 | return value |
|ap_return_47  | out |    8| ap_ctrl_hs | add_round_key_block.189 | return value |
|ap_return_48  | out |    8| ap_ctrl_hs | add_round_key_block.189 | return value |
|ap_return_49  | out |    8| ap_ctrl_hs | add_round_key_block.189 | return value |
|ap_return_50  | out |    8| ap_ctrl_hs | add_round_key_block.189 | return value |
|ap_return_51  | out |    8| ap_ctrl_hs | add_round_key_block.189 | return value |
|ap_return_52  | out |    8| ap_ctrl_hs | add_round_key_block.189 | return value |
|ap_return_53  | out |    8| ap_ctrl_hs | add_round_key_block.189 | return value |
|ap_return_54  | out |    8| ap_ctrl_hs | add_round_key_block.189 | return value |
|ap_return_55  | out |    8| ap_ctrl_hs | add_round_key_block.189 | return value |
|ap_return_56  | out |    8| ap_ctrl_hs | add_round_key_block.189 | return value |
|ap_return_57  | out |    8| ap_ctrl_hs | add_round_key_block.189 | return value |
|ap_return_58  | out |    8| ap_ctrl_hs | add_round_key_block.189 | return value |
|ap_return_59  | out |    8| ap_ctrl_hs | add_round_key_block.189 | return value |
|ap_return_60  | out |    8| ap_ctrl_hs | add_round_key_block.189 | return value |
|ap_return_61  | out |    8| ap_ctrl_hs | add_round_key_block.189 | return value |
|ap_return_62  | out |    8| ap_ctrl_hs | add_round_key_block.189 | return value |
|ap_return_63  | out |    8| ap_ctrl_hs | add_round_key_block.189 | return value |
|p_read        |  in |    8|   ap_none  |          p_read         |    scalar    |
|p_read1       |  in |    8|   ap_none  |         p_read1         |    scalar    |
|p_read2       |  in |    8|   ap_none  |         p_read2         |    scalar    |
|p_read3       |  in |    8|   ap_none  |         p_read3         |    scalar    |
|p_read4       |  in |    8|   ap_none  |         p_read4         |    scalar    |
|p_read5       |  in |    8|   ap_none  |         p_read5         |    scalar    |
|p_read6       |  in |    8|   ap_none  |         p_read6         |    scalar    |
|p_read7       |  in |    8|   ap_none  |         p_read7         |    scalar    |
|p_read8       |  in |    8|   ap_none  |         p_read8         |    scalar    |
|p_read9       |  in |    8|   ap_none  |         p_read9         |    scalar    |
|p_read10      |  in |    8|   ap_none  |         p_read10        |    scalar    |
|p_read11      |  in |    8|   ap_none  |         p_read11        |    scalar    |
|p_read12      |  in |    8|   ap_none  |         p_read12        |    scalar    |
|p_read13      |  in |    8|   ap_none  |         p_read13        |    scalar    |
|p_read14      |  in |    8|   ap_none  |         p_read14        |    scalar    |
|p_read15      |  in |    8|   ap_none  |         p_read15        |    scalar    |
|p_read16      |  in |    8|   ap_none  |         p_read16        |    scalar    |
|p_read17      |  in |    8|   ap_none  |         p_read17        |    scalar    |
|p_read18      |  in |    8|   ap_none  |         p_read18        |    scalar    |
|p_read19      |  in |    8|   ap_none  |         p_read19        |    scalar    |
|p_read20      |  in |    8|   ap_none  |         p_read20        |    scalar    |
|p_read21      |  in |    8|   ap_none  |         p_read21        |    scalar    |
|p_read22      |  in |    8|   ap_none  |         p_read22        |    scalar    |
|p_read23      |  in |    8|   ap_none  |         p_read23        |    scalar    |
|p_read24      |  in |    8|   ap_none  |         p_read24        |    scalar    |
|p_read25      |  in |    8|   ap_none  |         p_read25        |    scalar    |
|p_read26      |  in |    8|   ap_none  |         p_read26        |    scalar    |
|p_read27      |  in |    8|   ap_none  |         p_read27        |    scalar    |
|p_read28      |  in |    8|   ap_none  |         p_read28        |    scalar    |
|p_read29      |  in |    8|   ap_none  |         p_read29        |    scalar    |
|p_read30      |  in |    8|   ap_none  |         p_read30        |    scalar    |
|p_read31      |  in |    8|   ap_none  |         p_read31        |    scalar    |
|p_read32      |  in |    8|   ap_none  |         p_read32        |    scalar    |
|p_read33      |  in |    8|   ap_none  |         p_read33        |    scalar    |
|p_read34      |  in |    8|   ap_none  |         p_read34        |    scalar    |
|p_read35      |  in |    8|   ap_none  |         p_read35        |    scalar    |
|p_read36      |  in |    8|   ap_none  |         p_read36        |    scalar    |
|p_read37      |  in |    8|   ap_none  |         p_read37        |    scalar    |
|p_read38      |  in |    8|   ap_none  |         p_read38        |    scalar    |
|p_read39      |  in |    8|   ap_none  |         p_read39        |    scalar    |
|p_read40      |  in |    8|   ap_none  |         p_read40        |    scalar    |
|p_read41      |  in |    8|   ap_none  |         p_read41        |    scalar    |
|p_read42      |  in |    8|   ap_none  |         p_read42        |    scalar    |
|p_read43      |  in |    8|   ap_none  |         p_read43        |    scalar    |
|p_read44      |  in |    8|   ap_none  |         p_read44        |    scalar    |
|p_read45      |  in |    8|   ap_none  |         p_read45        |    scalar    |
|p_read46      |  in |    8|   ap_none  |         p_read46        |    scalar    |
|p_read47      |  in |    8|   ap_none  |         p_read47        |    scalar    |
|p_read48      |  in |    8|   ap_none  |         p_read48        |    scalar    |
|p_read49      |  in |    8|   ap_none  |         p_read49        |    scalar    |
|p_read50      |  in |    8|   ap_none  |         p_read50        |    scalar    |
|p_read51      |  in |    8|   ap_none  |         p_read51        |    scalar    |
|p_read52      |  in |    8|   ap_none  |         p_read52        |    scalar    |
|p_read53      |  in |    8|   ap_none  |         p_read53        |    scalar    |
|p_read54      |  in |    8|   ap_none  |         p_read54        |    scalar    |
|p_read55      |  in |    8|   ap_none  |         p_read55        |    scalar    |
|p_read56      |  in |    8|   ap_none  |         p_read56        |    scalar    |
|p_read57      |  in |    8|   ap_none  |         p_read57        |    scalar    |
|p_read58      |  in |    8|   ap_none  |         p_read58        |    scalar    |
|p_read59      |  in |    8|   ap_none  |         p_read59        |    scalar    |
|p_read60      |  in |    8|   ap_none  |         p_read60        |    scalar    |
|p_read61      |  in |    8|   ap_none  |         p_read61        |    scalar    |
|p_read62      |  in |    8|   ap_none  |         p_read62        |    scalar    |
|p_read63      |  in |    8|   ap_none  |         p_read63        |    scalar    |
|sub_key_V_6   |  in |  128|   ap_none  |       sub_key_V_6       |    scalar    |
+--------------+-----+-----+------------+-------------------------+--------------+

