

================================================================
== Vivado HLS Report for 'add_round_key_block'
================================================================
* Date:           Tue Apr 23 18:05:02 2019

* Version:        2018.3 (Build 2405991 on Thu Dec 06 23:56:15 MST 2018)
* Project:        CTREncryption
* Solution:       solution1
* Product family: zynquplus
* Target device:  xczu7ev-ffvc1156-2-e


================================================================
== Performance Estimates
================================================================
+ Timing (ns): 
    * Summary: 
    +--------+-------+----------+------------+
    |  Clock | Target| Estimated| Uncertainty|
    +--------+-------+----------+------------+
    |ap_clk  |   5.00|     0.728|        0.62|
    +--------+-------+----------+------------+

+ Latency (clock cycles): 
    * Summary: 
    +-----+-----+-----+-----+----------+
    |  Latency  |  Interval | Pipeline |
    | min | max | min | max |   Type   |
    +-----+-----+-----+-----+----------+
    |    0|    0|    1|    1| function |
    +-----+-----+-----+-----+----------+

    + Detail: 
        * Instance: 
        N/A

        * Loop: 
        N/A



================================================================
== Utilization Estimates
================================================================
* Summary: 
+-----------------+---------+-------+--------+--------+-----+
|       Name      | BRAM_18K| DSP48E|   FF   |   LUT  | URAM|
+-----------------+---------+-------+--------+--------+-----+
|DSP              |        -|      -|       -|       -|    -|
|Expression       |        -|      -|       0|    1536|    -|
|FIFO             |        -|      -|       -|       -|    -|
|Instance         |        -|      -|       -|       -|    -|
|Memory           |        -|      -|       -|       -|    -|
|Multiplexer      |        -|      -|       -|       -|    -|
|Register         |        -|      -|       -|       -|    -|
+-----------------+---------+-------+--------+--------+-----+
|Total            |        0|      0|       0|    1536|    0|
+-----------------+---------+-------+--------+--------+-----+
|Available        |      624|   1728|  460800|  230400|   96|
+-----------------+---------+-------+--------+--------+-----+
|Utilization (%)  |        0|      0|       0|   ~0   |    0|
+-----------------+---------+-------+--------+--------+-----+

+ Detail: 
    * Instance: 
    N/A

    * DSP48: 
    N/A

    * Memory: 
    N/A

    * FIFO: 
    N/A

    * Expression: 
    +-----------------------+----------+-------+---+----+------------+------------+
    |     Variable Name     | Operation| DSP48E| FF| LUT| Bitwidth P0| Bitwidth P1|
    +-----------------------+----------+-------+---+----+------------+------------+
    |mrv_sel100_fu_2960_p3  |  select  |      0|  0|   8|           1|           8|
    |mrv_sel101_fu_2968_p3  |  select  |      0|  0|   8|           1|           8|
    |mrv_sel102_fu_2976_p3  |  select  |      0|  0|   8|           1|           8|
    |mrv_sel103_fu_2984_p3  |  select  |      0|  0|   8|           1|           8|
    |mrv_sel104_fu_2992_p3  |  select  |      0|  0|   8|           1|           8|
    |mrv_sel105_fu_3000_p3  |  select  |      0|  0|   8|           1|           8|
    |mrv_sel106_fu_3008_p3  |  select  |      0|  0|   8|           1|           8|
    |mrv_sel107_fu_3016_p3  |  select  |      0|  0|   8|           1|           8|
    |mrv_sel108_fu_3024_p3  |  select  |      0|  0|   8|           1|           8|
    |mrv_sel109_fu_3032_p3  |  select  |      0|  0|   8|           1|           8|
    |mrv_sel10_fu_2240_p3   |  select  |      0|  0|   8|           1|           8|
    |mrv_sel110_fu_3040_p3  |  select  |      0|  0|   8|           1|           8|
    |mrv_sel111_fu_3048_p3  |  select  |      0|  0|   8|           1|           8|
    |mrv_sel112_fu_3056_p3  |  select  |      0|  0|   8|           1|           8|
    |mrv_sel113_fu_3064_p3  |  select  |      0|  0|   8|           1|           8|
    |mrv_sel114_fu_3072_p3  |  select  |      0|  0|   8|           1|           8|
    |mrv_sel115_fu_3080_p3  |  select  |      0|  0|   8|           1|           8|
    |mrv_sel116_fu_3088_p3  |  select  |      0|  0|   8|           1|           8|
    |mrv_sel117_fu_3096_p3  |  select  |      0|  0|   8|           1|           8|
    |mrv_sel118_fu_3104_p3  |  select  |      0|  0|   8|           1|           8|
    |mrv_sel119_fu_3112_p3  |  select  |      0|  0|   8|           1|           8|
    |mrv_sel11_fu_2248_p3   |  select  |      0|  0|   8|           1|           8|
    |mrv_sel120_fu_3120_p3  |  select  |      0|  0|   8|           1|           8|
    |mrv_sel121_fu_3128_p3  |  select  |      0|  0|   8|           1|           8|
    |mrv_sel122_fu_3136_p3  |  select  |      0|  0|   8|           1|           8|
    |mrv_sel123_fu_3144_p3  |  select  |      0|  0|   8|           1|           8|
    |mrv_sel124_fu_3152_p3  |  select  |      0|  0|   8|           1|           8|
    |mrv_sel125_fu_3160_p3  |  select  |      0|  0|   8|           1|           8|
    |mrv_sel126_fu_3168_p3  |  select  |      0|  0|   8|           1|           8|
    |mrv_sel127_fu_3176_p3  |  select  |      0|  0|   8|           1|           8|
    |mrv_sel12_fu_2256_p3   |  select  |      0|  0|   8|           1|           8|
    |mrv_sel13_fu_2264_p3   |  select  |      0|  0|   8|           1|           8|
    |mrv_sel14_fu_2272_p3   |  select  |      0|  0|   8|           1|           8|
    |mrv_sel15_fu_2280_p3   |  select  |      0|  0|   8|           1|           8|
    |mrv_sel16_fu_2288_p3   |  select  |      0|  0|   8|           1|           8|
    |mrv_sel17_fu_2296_p3   |  select  |      0|  0|   8|           1|           8|
    |mrv_sel18_fu_2304_p3   |  select  |      0|  0|   8|           1|           8|
    |mrv_sel19_fu_2312_p3   |  select  |      0|  0|   8|           1|           8|
    |mrv_sel1_fu_2168_p3    |  select  |      0|  0|   8|           1|           8|
    |mrv_sel20_fu_2320_p3   |  select  |      0|  0|   8|           1|           8|
    |mrv_sel21_fu_2328_p3   |  select  |      0|  0|   8|           1|           8|
    |mrv_sel22_fu_2336_p3   |  select  |      0|  0|   8|           1|           8|
    |mrv_sel23_fu_2344_p3   |  select  |      0|  0|   8|           1|           8|
    |mrv_sel24_fu_2352_p3   |  select  |      0|  0|   8|           1|           8|
    |mrv_sel25_fu_2360_p3   |  select  |      0|  0|   8|           1|           8|
    |mrv_sel26_fu_2368_p3   |  select  |      0|  0|   8|           1|           8|
    |mrv_sel27_fu_2376_p3   |  select  |      0|  0|   8|           1|           8|
    |mrv_sel28_fu_2384_p3   |  select  |      0|  0|   8|           1|           8|
    |mrv_sel29_fu_2392_p3   |  select  |      0|  0|   8|           1|           8|
    |mrv_sel2_fu_2176_p3    |  select  |      0|  0|   8|           1|           8|
    |mrv_sel30_fu_2400_p3   |  select  |      0|  0|   8|           1|           8|
    |mrv_sel31_fu_2408_p3   |  select  |      0|  0|   8|           1|           8|
    |mrv_sel32_fu_2416_p3   |  select  |      0|  0|   8|           1|           8|
    |mrv_sel33_fu_2424_p3   |  select  |      0|  0|   8|           1|           8|
    |mrv_sel34_fu_2432_p3   |  select  |      0|  0|   8|           1|           8|
    |mrv_sel35_fu_2440_p3   |  select  |      0|  0|   8|           1|           8|
    |mrv_sel36_fu_2448_p3   |  select  |      0|  0|   8|           1|           8|
    |mrv_sel37_fu_2456_p3   |  select  |      0|  0|   8|           1|           8|
    |mrv_sel38_fu_2464_p3   |  select  |      0|  0|   8|           1|           8|
    |mrv_sel39_fu_2472_p3   |  select  |      0|  0|   8|           1|           8|
    |mrv_sel3_fu_2184_p3    |  select  |      0|  0|   8|           1|           8|
    |mrv_sel40_fu_2480_p3   |  select  |      0|  0|   8|           1|           8|
    |mrv_sel41_fu_2488_p3   |  select  |      0|  0|   8|           1|           8|
    |mrv_sel42_fu_2496_p3   |  select  |      0|  0|   8|           1|           8|
    |mrv_sel43_fu_2504_p3   |  select  |      0|  0|   8|           1|           8|
    |mrv_sel44_fu_2512_p3   |  select  |      0|  0|   8|           1|           8|
    |mrv_sel45_fu_2520_p3   |  select  |      0|  0|   8|           1|           8|
    |mrv_sel46_fu_2528_p3   |  select  |      0|  0|   8|           1|           8|
    |mrv_sel47_fu_2536_p3   |  select  |      0|  0|   8|           1|           8|
    |mrv_sel48_fu_2544_p3   |  select  |      0|  0|   8|           1|           8|
    |mrv_sel49_fu_2552_p3   |  select  |      0|  0|   8|           1|           8|
    |mrv_sel4_fu_2192_p3    |  select  |      0|  0|   8|           1|           8|
    |mrv_sel50_fu_2560_p3   |  select  |      0|  0|   8|           1|           8|
    |mrv_sel51_fu_2568_p3   |  select  |      0|  0|   8|           1|           8|
    |mrv_sel52_fu_2576_p3   |  select  |      0|  0|   8|           1|           8|
    |mrv_sel53_fu_2584_p3   |  select  |      0|  0|   8|           1|           8|
    |mrv_sel54_fu_2592_p3   |  select  |      0|  0|   8|           1|           8|
    |mrv_sel55_fu_2600_p3   |  select  |      0|  0|   8|           1|           8|
    |mrv_sel56_fu_2608_p3   |  select  |      0|  0|   8|           1|           8|
    |mrv_sel57_fu_2616_p3   |  select  |      0|  0|   8|           1|           8|
    |mrv_sel58_fu_2624_p3   |  select  |      0|  0|   8|           1|           8|
    |mrv_sel59_fu_2632_p3   |  select  |      0|  0|   8|           1|           8|
    |mrv_sel5_fu_2200_p3    |  select  |      0|  0|   8|           1|           8|
    |mrv_sel60_fu_2640_p3   |  select  |      0|  0|   8|           1|           8|
    |mrv_sel61_fu_2648_p3   |  select  |      0|  0|   8|           1|           8|
    |mrv_sel62_fu_2656_p3   |  select  |      0|  0|   8|           1|           8|
    |mrv_sel63_fu_2664_p3   |  select  |      0|  0|   8|           1|           8|
    |mrv_sel64_fu_2672_p3   |  select  |      0|  0|   8|           1|           8|
    |mrv_sel65_fu_2680_p3   |  select  |      0|  0|   8|           1|           8|
    |mrv_sel66_fu_2688_p3   |  select  |      0|  0|   8|           1|           8|
    |mrv_sel67_fu_2696_p3   |  select  |      0|  0|   8|           1|           8|
    |mrv_sel68_fu_2704_p3   |  select  |      0|  0|   8|           1|           8|
    |mrv_sel69_fu_2712_p3   |  select  |      0|  0|   8|           1|           8|
    |mrv_sel6_fu_2208_p3    |  select  |      0|  0|   8|           1|           8|
    |mrv_sel70_fu_2720_p3   |  select  |      0|  0|   8|           1|           8|
    |mrv_sel71_fu_2728_p3   |  select  |      0|  0|   8|           1|           8|
    |mrv_sel72_fu_2736_p3   |  select  |      0|  0|   8|           1|           8|
    |mrv_sel73_fu_2744_p3   |  select  |      0|  0|   8|           1|           8|
    |mrv_sel74_fu_2752_p3   |  select  |      0|  0|   8|           1|           8|
    |mrv_sel75_fu_2760_p3   |  select  |      0|  0|   8|           1|           8|
    |mrv_sel76_fu_2768_p3   |  select  |      0|  0|   8|           1|           8|
    |mrv_sel77_fu_2776_p3   |  select  |      0|  0|   8|           1|           8|
    |mrv_sel78_fu_2784_p3   |  select  |      0|  0|   8|           1|           8|
    |mrv_sel79_fu_2792_p3   |  select  |      0|  0|   8|           1|           8|
    |mrv_sel7_fu_2216_p3    |  select  |      0|  0|   8|           1|           8|
    |mrv_sel80_fu_2800_p3   |  select  |      0|  0|   8|           1|           8|
    |mrv_sel81_fu_2808_p3   |  select  |      0|  0|   8|           1|           8|
    |mrv_sel82_fu_2816_p3   |  select  |      0|  0|   8|           1|           8|
    |mrv_sel83_fu_2824_p3   |  select  |      0|  0|   8|           1|           8|
    |mrv_sel84_fu_2832_p3   |  select  |      0|  0|   8|           1|           8|
    |mrv_sel85_fu_2840_p3   |  select  |      0|  0|   8|           1|           8|
    |mrv_sel86_fu_2848_p3   |  select  |      0|  0|   8|           1|           8|
    |mrv_sel87_fu_2856_p3   |  select  |      0|  0|   8|           1|           8|
    |mrv_sel88_fu_2864_p3   |  select  |      0|  0|   8|           1|           8|
    |mrv_sel89_fu_2872_p3   |  select  |      0|  0|   8|           1|           8|
    |mrv_sel8_fu_2224_p3    |  select  |      0|  0|   8|           1|           8|
    |mrv_sel90_fu_2880_p3   |  select  |      0|  0|   8|           1|           8|
    |mrv_sel91_fu_2888_p3   |  select  |      0|  0|   8|           1|           8|
    |mrv_sel92_fu_2896_p3   |  select  |      0|  0|   8|           1|           8|
    |mrv_sel93_fu_2904_p3   |  select  |      0|  0|   8|           1|           8|
    |mrv_sel94_fu_2912_p3   |  select  |      0|  0|   8|           1|           8|
    |mrv_sel95_fu_2920_p3   |  select  |      0|  0|   8|           1|           8|
    |mrv_sel96_fu_2928_p3   |  select  |      0|  0|   8|           1|           8|
    |mrv_sel97_fu_2936_p3   |  select  |      0|  0|   8|           1|           8|
    |mrv_sel98_fu_2944_p3   |  select  |      0|  0|   8|           1|           8|
    |mrv_sel99_fu_2952_p3   |  select  |      0|  0|   8|           1|           8|
    |mrv_sel9_fu_2232_p3    |  select  |      0|  0|   8|           1|           8|
    |mrv_sel_fu_2160_p3     |  select  |      0|  0|   8|           1|           8|
    |p_0_0_1_fu_1638_p2     |    xor   |      0|  0|   8|           8|           8|
    |p_0_0_2_fu_1644_p2     |    xor   |      0|  0|   8|           8|           8|
    |p_0_0_3_fu_1650_p2     |    xor   |      0|  0|   8|           8|           8|
    |p_0_1_1_fu_1672_p2     |    xor   |      0|  0|   8|           8|           8|
    |p_0_1_2_fu_1678_p2     |    xor   |      0|  0|   8|           8|           8|
    |p_0_1_3_fu_1684_p2     |    xor   |      0|  0|   8|           8|           8|
    |p_0_1_fu_1666_p2       |    xor   |      0|  0|   8|           8|           8|
    |p_0_2_1_fu_1706_p2     |    xor   |      0|  0|   8|           8|           8|
    |p_0_2_2_fu_1712_p2     |    xor   |      0|  0|   8|           8|           8|
    |p_0_2_3_fu_1718_p2     |    xor   |      0|  0|   8|           8|           8|
    |p_0_2_fu_1700_p2       |    xor   |      0|  0|   8|           8|           8|
    |p_0_3_1_fu_1740_p2     |    xor   |      0|  0|   8|           8|           8|
    |p_0_3_2_fu_1746_p2     |    xor   |      0|  0|   8|           8|           8|
    |p_0_3_3_fu_1752_p2     |    xor   |      0|  0|   8|           8|           8|
    |p_0_3_fu_1734_p2       |    xor   |      0|  0|   8|           8|           8|
    |p_1_0_1_fu_1774_p2     |    xor   |      0|  0|   8|           8|           8|
    |p_1_0_2_fu_1780_p2     |    xor   |      0|  0|   8|           8|           8|
    |p_1_0_3_fu_1786_p2     |    xor   |      0|  0|   8|           8|           8|
    |p_1_1_1_fu_1808_p2     |    xor   |      0|  0|   8|           8|           8|
    |p_1_1_2_fu_1814_p2     |    xor   |      0|  0|   8|           8|           8|
    |p_1_1_3_fu_1820_p2     |    xor   |      0|  0|   8|           8|           8|
    |p_1_1_fu_1802_p2       |    xor   |      0|  0|   8|           8|           8|
    |p_1_2_1_fu_1842_p2     |    xor   |      0|  0|   8|           8|           8|
    |p_1_2_2_fu_1848_p2     |    xor   |      0|  0|   8|           8|           8|
    |p_1_2_3_fu_1854_p2     |    xor   |      0|  0|   8|           8|           8|
    |p_1_2_fu_1836_p2       |    xor   |      0|  0|   8|           8|           8|
    |p_1_3_1_fu_1876_p2     |    xor   |      0|  0|   8|           8|           8|
    |p_1_3_2_fu_1882_p2     |    xor   |      0|  0|   8|           8|           8|
    |p_1_3_3_fu_1888_p2     |    xor   |      0|  0|   8|           8|           8|
    |p_1_3_fu_1870_p2       |    xor   |      0|  0|   8|           8|           8|
    |p_1_fu_1768_p2         |    xor   |      0|  0|   8|           8|           8|
    |p_2_0_1_fu_1910_p2     |    xor   |      0|  0|   8|           8|           8|
    |p_2_0_2_fu_1916_p2     |    xor   |      0|  0|   8|           8|           8|
    |p_2_0_3_fu_1922_p2     |    xor   |      0|  0|   8|           8|           8|
    |p_2_1_1_fu_1944_p2     |    xor   |      0|  0|   8|           8|           8|
    |p_2_1_2_fu_1950_p2     |    xor   |      0|  0|   8|           8|           8|
    |p_2_1_3_fu_1956_p2     |    xor   |      0|  0|   8|           8|           8|
    |p_2_1_fu_1938_p2       |    xor   |      0|  0|   8|           8|           8|
    |p_2_2_1_fu_1978_p2     |    xor   |      0|  0|   8|           8|           8|
    |p_2_2_2_fu_1984_p2     |    xor   |      0|  0|   8|           8|           8|
    |p_2_2_3_fu_1990_p2     |    xor   |      0|  0|   8|           8|           8|
    |p_2_2_fu_1972_p2       |    xor   |      0|  0|   8|           8|           8|
    |p_2_3_1_fu_2012_p2     |    xor   |      0|  0|   8|           8|           8|
    |p_2_3_2_fu_2018_p2     |    xor   |      0|  0|   8|           8|           8|
    |p_2_3_3_fu_2024_p2     |    xor   |      0|  0|   8|           8|           8|
    |p_2_3_fu_2006_p2       |    xor   |      0|  0|   8|           8|           8|
    |p_2_fu_1904_p2         |    xor   |      0|  0|   8|           8|           8|
    |p_3_0_1_fu_2046_p2     |    xor   |      0|  0|   8|           8|           8|
    |p_3_0_2_fu_2052_p2     |    xor   |      0|  0|   8|           8|           8|
    |p_3_0_3_fu_2058_p2     |    xor   |      0|  0|   8|           8|           8|
    |p_3_1_1_fu_2080_p2     |    xor   |      0|  0|   8|           8|           8|
    |p_3_1_2_fu_2086_p2     |    xor   |      0|  0|   8|           8|           8|
    |p_3_1_3_fu_2092_p2     |    xor   |      0|  0|   8|           8|           8|
    |p_3_1_fu_2074_p2       |    xor   |      0|  0|   8|           8|           8|
    |p_3_2_1_fu_2114_p2     |    xor   |      0|  0|   8|           8|           8|
    |p_3_2_2_fu_2120_p2     |    xor   |      0|  0|   8|           8|           8|
    |p_3_2_3_fu_2126_p2     |    xor   |      0|  0|   8|           8|           8|
    |p_3_2_fu_2108_p2       |    xor   |      0|  0|   8|           8|           8|
    |p_3_3_1_fu_2142_p2     |    xor   |      0|  0|   8|           8|           8|
    |p_3_3_2_fu_2148_p2     |    xor   |      0|  0|   8|           8|           8|
    |p_3_3_3_fu_2154_p2     |    xor   |      0|  0|   8|           8|           8|
    |p_3_3_fu_2136_p2       |    xor   |      0|  0|   8|           8|           8|
    |p_3_fu_2040_p2         |    xor   |      0|  0|   8|           8|           8|
    |p_s_fu_1632_p2         |    xor   |      0|  0|   8|           8|           8|
    +-----------------------+----------+-------+---+----+------------+------------+
    |Total                  |          |      0|  0|1536|         640|        1536|
    +-----------------------+----------+-------+---+----+------------+------------+

    * Multiplexer: 
    N/A

    * Register: 
    N/A



================================================================
== Interface
================================================================
* Summary: 
+--------------------+-----+-----+------------+---------------------+--------------+
|      RTL Ports     | Dir | Bits|  Protocol  |    Source Object    |    C Type    |
+--------------------+-----+-----+------------+---------------------+--------------+
|ap_ready            | out |    1| ap_ctrl_hs | add_round_key_block | return value |
|ap_return_0         | out |    8| ap_ctrl_hs | add_round_key_block | return value |
|ap_return_1         | out |    8| ap_ctrl_hs | add_round_key_block | return value |
|ap_return_2         | out |    8| ap_ctrl_hs | add_round_key_block | return value |
|ap_return_3         | out |    8| ap_ctrl_hs | add_round_key_block | return value |
|ap_return_4         | out |    8| ap_ctrl_hs | add_round_key_block | return value |
|ap_return_5         | out |    8| ap_ctrl_hs | add_round_key_block | return value |
|ap_return_6         | out |    8| ap_ctrl_hs | add_round_key_block | return value |
|ap_return_7         | out |    8| ap_ctrl_hs | add_round_key_block | return value |
|ap_return_8         | out |    8| ap_ctrl_hs | add_round_key_block | return value |
|ap_return_9         | out |    8| ap_ctrl_hs | add_round_key_block | return value |
|ap_return_10        | out |    8| ap_ctrl_hs | add_round_key_block | return value |
|ap_return_11        | out |    8| ap_ctrl_hs | add_round_key_block | return value |
|ap_return_12        | out |    8| ap_ctrl_hs | add_round_key_block | return value |
|ap_return_13        | out |    8| ap_ctrl_hs | add_round_key_block | return value |
|ap_return_14        | out |    8| ap_ctrl_hs | add_round_key_block | return value |
|ap_return_15        | out |    8| ap_ctrl_hs | add_round_key_block | return value |
|ap_return_16        | out |    8| ap_ctrl_hs | add_round_key_block | return value |
|ap_return_17        | out |    8| ap_ctrl_hs | add_round_key_block | return value |
|ap_return_18        | out |    8| ap_ctrl_hs | add_round_key_block | return value |
|ap_return_19        | out |    8| ap_ctrl_hs | add_round_key_block | return value |
|ap_return_20        | out |    8| ap_ctrl_hs | add_round_key_block | return value |
|ap_return_21        | out |    8| ap_ctrl_hs | add_round_key_block | return value |
|ap_return_22        | out |    8| ap_ctrl_hs | add_round_key_block | return value |
|ap_return_23        | out |    8| ap_ctrl_hs | add_round_key_block | return value |
|ap_return_24        | out |    8| ap_ctrl_hs | add_round_key_block | return value |
|ap_return_25        | out |    8| ap_ctrl_hs | add_round_key_block | return value |
|ap_return_26        | out |    8| ap_ctrl_hs | add_round_key_block | return value |
|ap_return_27        | out |    8| ap_ctrl_hs | add_round_key_block | return value |
|ap_return_28        | out |    8| ap_ctrl_hs | add_round_key_block | return value |
|ap_return_29        | out |    8| ap_ctrl_hs | add_round_key_block | return value |
|ap_return_30        | out |    8| ap_ctrl_hs | add_round_key_block | return value |
|ap_return_31        | out |    8| ap_ctrl_hs | add_round_key_block | return value |
|ap_return_32        | out |    8| ap_ctrl_hs | add_round_key_block | return value |
|ap_return_33        | out |    8| ap_ctrl_hs | add_round_key_block | return value |
|ap_return_34        | out |    8| ap_ctrl_hs | add_round_key_block | return value |
|ap_return_35        | out |    8| ap_ctrl_hs | add_round_key_block | return value |
|ap_return_36        | out |    8| ap_ctrl_hs | add_round_key_block | return value |
|ap_return_37        | out |    8| ap_ctrl_hs | add_round_key_block | return value |
|ap_return_38        | out |    8| ap_ctrl_hs | add_round_key_block | return value |
|ap_return_39        | out |    8| ap_ctrl_hs | add_round_key_block | return value |
|ap_return_40        | out |    8| ap_ctrl_hs | add_round_key_block | return value |
|ap_return_41        | out |    8| ap_ctrl_hs | add_round_key_block | return value |
|ap_return_42        | out |    8| ap_ctrl_hs | add_round_key_block | return value |
|ap_return_43        | out |    8| ap_ctrl_hs | add_round_key_block | return value |
|ap_return_44        | out |    8| ap_ctrl_hs | add_round_key_block | return value |
|ap_return_45        | out |    8| ap_ctrl_hs | add_round_key_block | return value |
|ap_return_46        | out |    8| ap_ctrl_hs | add_round_key_block | return value |
|ap_return_47        | out |    8| ap_ctrl_hs | add_round_key_block | return value |
|ap_return_48        | out |    8| ap_ctrl_hs | add_round_key_block | return value |
|ap_return_49        | out |    8| ap_ctrl_hs | add_round_key_block | return value |
|ap_return_50        | out |    8| ap_ctrl_hs | add_round_key_block | return value |
|ap_return_51        | out |    8| ap_ctrl_hs | add_round_key_block | return value |
|ap_return_52        | out |    8| ap_ctrl_hs | add_round_key_block | return value |
|ap_return_53        | out |    8| ap_ctrl_hs | add_round_key_block | return value |
|ap_return_54        | out |    8| ap_ctrl_hs | add_round_key_block | return value |
|ap_return_55        | out |    8| ap_ctrl_hs | add_round_key_block | return value |
|ap_return_56        | out |    8| ap_ctrl_hs | add_round_key_block | return value |
|ap_return_57        | out |    8| ap_ctrl_hs | add_round_key_block | return value |
|ap_return_58        | out |    8| ap_ctrl_hs | add_round_key_block | return value |
|ap_return_59        | out |    8| ap_ctrl_hs | add_round_key_block | return value |
|ap_return_60        | out |    8| ap_ctrl_hs | add_round_key_block | return value |
|ap_return_61        | out |    8| ap_ctrl_hs | add_round_key_block | return value |
|ap_return_62        | out |    8| ap_ctrl_hs | add_round_key_block | return value |
|ap_return_63        | out |    8| ap_ctrl_hs | add_round_key_block | return value |
|ap_return_64        | out |    8| ap_ctrl_hs | add_round_key_block | return value |
|ap_return_65        | out |    8| ap_ctrl_hs | add_round_key_block | return value |
|ap_return_66        | out |    8| ap_ctrl_hs | add_round_key_block | return value |
|ap_return_67        | out |    8| ap_ctrl_hs | add_round_key_block | return value |
|ap_return_68        | out |    8| ap_ctrl_hs | add_round_key_block | return value |
|ap_return_69        | out |    8| ap_ctrl_hs | add_round_key_block | return value |
|ap_return_70        | out |    8| ap_ctrl_hs | add_round_key_block | return value |
|ap_return_71        | out |    8| ap_ctrl_hs | add_round_key_block | return value |
|ap_return_72        | out |    8| ap_ctrl_hs | add_round_key_block | return value |
|ap_return_73        | out |    8| ap_ctrl_hs | add_round_key_block | return value |
|ap_return_74        | out |    8| ap_ctrl_hs | add_round_key_block | return value |
|ap_return_75        | out |    8| ap_ctrl_hs | add_round_key_block | return value |
|ap_return_76        | out |    8| ap_ctrl_hs | add_round_key_block | return value |
|ap_return_77        | out |    8| ap_ctrl_hs | add_round_key_block | return value |
|ap_return_78        | out |    8| ap_ctrl_hs | add_round_key_block | return value |
|ap_return_79        | out |    8| ap_ctrl_hs | add_round_key_block | return value |
|ap_return_80        | out |    8| ap_ctrl_hs | add_round_key_block | return value |
|ap_return_81        | out |    8| ap_ctrl_hs | add_round_key_block | return value |
|ap_return_82        | out |    8| ap_ctrl_hs | add_round_key_block | return value |
|ap_return_83        | out |    8| ap_ctrl_hs | add_round_key_block | return value |
|ap_return_84        | out |    8| ap_ctrl_hs | add_round_key_block | return value |
|ap_return_85        | out |    8| ap_ctrl_hs | add_round_key_block | return value |
|ap_return_86        | out |    8| ap_ctrl_hs | add_round_key_block | return value |
|ap_return_87        | out |    8| ap_ctrl_hs | add_round_key_block | return value |
|ap_return_88        | out |    8| ap_ctrl_hs | add_round_key_block | return value |
|ap_return_89        | out |    8| ap_ctrl_hs | add_round_key_block | return value |
|ap_return_90        | out |    8| ap_ctrl_hs | add_round_key_block | return value |
|ap_return_91        | out |    8| ap_ctrl_hs | add_round_key_block | return value |
|ap_return_92        | out |    8| ap_ctrl_hs | add_round_key_block | return value |
|ap_return_93        | out |    8| ap_ctrl_hs | add_round_key_block | return value |
|ap_return_94        | out |    8| ap_ctrl_hs | add_round_key_block | return value |
|ap_return_95        | out |    8| ap_ctrl_hs | add_round_key_block | return value |
|ap_return_96        | out |    8| ap_ctrl_hs | add_round_key_block | return value |
|ap_return_97        | out |    8| ap_ctrl_hs | add_round_key_block | return value |
|ap_return_98        | out |    8| ap_ctrl_hs | add_round_key_block | return value |
|ap_return_99        | out |    8| ap_ctrl_hs | add_round_key_block | return value |
|ap_return_100       | out |    8| ap_ctrl_hs | add_round_key_block | return value |
|ap_return_101       | out |    8| ap_ctrl_hs | add_round_key_block | return value |
|ap_return_102       | out |    8| ap_ctrl_hs | add_round_key_block | return value |
|ap_return_103       | out |    8| ap_ctrl_hs | add_round_key_block | return value |
|ap_return_104       | out |    8| ap_ctrl_hs | add_round_key_block | return value |
|ap_return_105       | out |    8| ap_ctrl_hs | add_round_key_block | return value |
|ap_return_106       | out |    8| ap_ctrl_hs | add_round_key_block | return value |
|ap_return_107       | out |    8| ap_ctrl_hs | add_round_key_block | return value |
|ap_return_108       | out |    8| ap_ctrl_hs | add_round_key_block | return value |
|ap_return_109       | out |    8| ap_ctrl_hs | add_round_key_block | return value |
|ap_return_110       | out |    8| ap_ctrl_hs | add_round_key_block | return value |
|ap_return_111       | out |    8| ap_ctrl_hs | add_round_key_block | return value |
|ap_return_112       | out |    8| ap_ctrl_hs | add_round_key_block | return value |
|ap_return_113       | out |    8| ap_ctrl_hs | add_round_key_block | return value |
|ap_return_114       | out |    8| ap_ctrl_hs | add_round_key_block | return value |
|ap_return_115       | out |    8| ap_ctrl_hs | add_round_key_block | return value |
|ap_return_116       | out |    8| ap_ctrl_hs | add_round_key_block | return value |
|ap_return_117       | out |    8| ap_ctrl_hs | add_round_key_block | return value |
|ap_return_118       | out |    8| ap_ctrl_hs | add_round_key_block | return value |
|ap_return_119       | out |    8| ap_ctrl_hs | add_round_key_block | return value |
|ap_return_120       | out |    8| ap_ctrl_hs | add_round_key_block | return value |
|ap_return_121       | out |    8| ap_ctrl_hs | add_round_key_block | return value |
|ap_return_122       | out |    8| ap_ctrl_hs | add_round_key_block | return value |
|ap_return_123       | out |    8| ap_ctrl_hs | add_round_key_block | return value |
|ap_return_124       | out |    8| ap_ctrl_hs | add_round_key_block | return value |
|ap_return_125       | out |    8| ap_ctrl_hs | add_round_key_block | return value |
|ap_return_126       | out |    8| ap_ctrl_hs | add_round_key_block | return value |
|ap_return_127       | out |    8| ap_ctrl_hs | add_round_key_block | return value |
|in_state_0_0_0_V_s  |  in |    8|   ap_none  |  in_state_0_0_0_V_s |    scalar    |
|in_state_0_0_1_V_s  |  in |    8|   ap_none  |  in_state_0_0_1_V_s |    scalar    |
|in_state_0_0_2_V_s  |  in |    8|   ap_none  |  in_state_0_0_2_V_s |    scalar    |
|in_state_0_0_3_V_s  |  in |    8|   ap_none  |  in_state_0_0_3_V_s |    scalar    |
|in_state_0_1_0_V_s  |  in |    8|   ap_none  |  in_state_0_1_0_V_s |    scalar    |
|in_state_0_1_1_V_s  |  in |    8|   ap_none  |  in_state_0_1_1_V_s |    scalar    |
|in_state_0_1_2_V_s  |  in |    8|   ap_none  |  in_state_0_1_2_V_s |    scalar    |
|in_state_0_1_3_V_s  |  in |    8|   ap_none  |  in_state_0_1_3_V_s |    scalar    |
|in_state_0_2_0_V_s  |  in |    8|   ap_none  |  in_state_0_2_0_V_s |    scalar    |
|in_state_0_2_1_V_s  |  in |    8|   ap_none  |  in_state_0_2_1_V_s |    scalar    |
|in_state_0_2_2_V_s  |  in |    8|   ap_none  |  in_state_0_2_2_V_s |    scalar    |
|in_state_0_2_3_V_s  |  in |    8|   ap_none  |  in_state_0_2_3_V_s |    scalar    |
|in_state_0_3_0_V_s  |  in |    8|   ap_none  |  in_state_0_3_0_V_s |    scalar    |
|in_state_0_3_1_V_s  |  in |    8|   ap_none  |  in_state_0_3_1_V_s |    scalar    |
|in_state_0_3_2_V_s  |  in |    8|   ap_none  |  in_state_0_3_2_V_s |    scalar    |
|in_state_0_3_3_V_s  |  in |    8|   ap_none  |  in_state_0_3_3_V_s |    scalar    |
|in_state_1_0_0_V_s  |  in |    8|   ap_none  |  in_state_1_0_0_V_s |    scalar    |
|in_state_1_0_1_V_s  |  in |    8|   ap_none  |  in_state_1_0_1_V_s |    scalar    |
|in_state_1_0_2_V_s  |  in |    8|   ap_none  |  in_state_1_0_2_V_s |    scalar    |
|in_state_1_0_3_V_s  |  in |    8|   ap_none  |  in_state_1_0_3_V_s |    scalar    |
|in_state_1_1_0_V_s  |  in |    8|   ap_none  |  in_state_1_1_0_V_s |    scalar    |
|in_state_1_1_1_V_s  |  in |    8|   ap_none  |  in_state_1_1_1_V_s |    scalar    |
|in_state_1_1_2_V_s  |  in |    8|   ap_none  |  in_state_1_1_2_V_s |    scalar    |
|in_state_1_1_3_V_s  |  in |    8|   ap_none  |  in_state_1_1_3_V_s |    scalar    |
|in_state_1_2_0_V_s  |  in |    8|   ap_none  |  in_state_1_2_0_V_s |    scalar    |
|in_state_1_2_1_V_s  |  in |    8|   ap_none  |  in_state_1_2_1_V_s |    scalar    |
|in_state_1_2_2_V_s  |  in |    8|   ap_none  |  in_state_1_2_2_V_s |    scalar    |
|in_state_1_2_3_V_s  |  in |    8|   ap_none  |  in_state_1_2_3_V_s |    scalar    |
|in_state_1_3_0_V_s  |  in |    8|   ap_none  |  in_state_1_3_0_V_s |    scalar    |
|in_state_1_3_1_V_s  |  in |    8|   ap_none  |  in_state_1_3_1_V_s |    scalar    |
|in_state_1_3_2_V_s  |  in |    8|   ap_none  |  in_state_1_3_2_V_s |    scalar    |
|in_state_1_3_3_V_s  |  in |    8|   ap_none  |  in_state_1_3_3_V_s |    scalar    |
|in_state_2_0_0_V_s  |  in |    8|   ap_none  |  in_state_2_0_0_V_s |    scalar    |
|in_state_2_0_1_V_s  |  in |    8|   ap_none  |  in_state_2_0_1_V_s |    scalar    |
|in_state_2_0_2_V_s  |  in |    8|   ap_none  |  in_state_2_0_2_V_s |    scalar    |
|in_state_2_0_3_V_s  |  in |    8|   ap_none  |  in_state_2_0_3_V_s |    scalar    |
|in_state_2_1_0_V_s  |  in |    8|   ap_none  |  in_state_2_1_0_V_s |    scalar    |
|in_state_2_1_1_V_s  |  in |    8|   ap_none  |  in_state_2_1_1_V_s |    scalar    |
|in_state_2_1_2_V_s  |  in |    8|   ap_none  |  in_state_2_1_2_V_s |    scalar    |
|in_state_2_1_3_V_s  |  in |    8|   ap_none  |  in_state_2_1_3_V_s |    scalar    |
|in_state_2_2_0_V_s  |  in |    8|   ap_none  |  in_state_2_2_0_V_s |    scalar    |
|in_state_2_2_1_V_s  |  in |    8|   ap_none  |  in_state_2_2_1_V_s |    scalar    |
|in_state_2_2_2_V_s  |  in |    8|   ap_none  |  in_state_2_2_2_V_s |    scalar    |
|in_state_2_2_3_V_s  |  in |    8|   ap_none  |  in_state_2_2_3_V_s |    scalar    |
|in_state_2_3_0_V_s  |  in |    8|   ap_none  |  in_state_2_3_0_V_s |    scalar    |
|in_state_2_3_1_V_s  |  in |    8|   ap_none  |  in_state_2_3_1_V_s |    scalar    |
|in_state_2_3_2_V_s  |  in |    8|   ap_none  |  in_state_2_3_2_V_s |    scalar    |
|in_state_2_3_3_V_s  |  in |    8|   ap_none  |  in_state_2_3_3_V_s |    scalar    |
|in_state_3_0_0_V_s  |  in |    8|   ap_none  |  in_state_3_0_0_V_s |    scalar    |
|in_state_3_0_1_V_s  |  in |    8|   ap_none  |  in_state_3_0_1_V_s |    scalar    |
|in_state_3_0_2_V_s  |  in |    8|   ap_none  |  in_state_3_0_2_V_s |    scalar    |
|in_state_3_0_3_V_s  |  in |    8|   ap_none  |  in_state_3_0_3_V_s |    scalar    |
|in_state_3_1_0_V_s  |  in |    8|   ap_none  |  in_state_3_1_0_V_s |    scalar    |
|in_state_3_1_1_V_s  |  in |    8|   ap_none  |  in_state_3_1_1_V_s |    scalar    |
|in_state_3_1_2_V_s  |  in |    8|   ap_none  |  in_state_3_1_2_V_s |    scalar    |
|in_state_3_1_3_V_s  |  in |    8|   ap_none  |  in_state_3_1_3_V_s |    scalar    |
|in_state_3_2_0_V_s  |  in |    8|   ap_none  |  in_state_3_2_0_V_s |    scalar    |
|in_state_3_2_1_V_s  |  in |    8|   ap_none  |  in_state_3_2_1_V_s |    scalar    |
|in_state_3_2_2_V_s  |  in |    8|   ap_none  |  in_state_3_2_2_V_s |    scalar    |
|in_state_3_2_3_V_s  |  in |    8|   ap_none  |  in_state_3_2_3_V_s |    scalar    |
|in_state_3_3_0_V_s  |  in |    8|   ap_none  |  in_state_3_3_0_V_s |    scalar    |
|in_state_3_3_1_V_s  |  in |    8|   ap_none  |  in_state_3_3_1_V_s |    scalar    |
|in_state_3_3_2_V_s  |  in |    8|   ap_none  |  in_state_3_3_2_V_s |    scalar    |
|in_state_3_3_3_V_s  |  in |    8|   ap_none  |  in_state_3_3_3_V_s |    scalar    |
|p_read64            |  in |    8|   ap_none  |       p_read64      |    scalar    |
|p_read65            |  in |    8|   ap_none  |       p_read65      |    scalar    |
|p_read66            |  in |    8|   ap_none  |       p_read66      |    scalar    |
|p_read67            |  in |    8|   ap_none  |       p_read67      |    scalar    |
|p_read68            |  in |    8|   ap_none  |       p_read68      |    scalar    |
|p_read69            |  in |    8|   ap_none  |       p_read69      |    scalar    |
|p_read70            |  in |    8|   ap_none  |       p_read70      |    scalar    |
|p_read71            |  in |    8|   ap_none  |       p_read71      |    scalar    |
|p_read72            |  in |    8|   ap_none  |       p_read72      |    scalar    |
|p_read73            |  in |    8|   ap_none  |       p_read73      |    scalar    |
|p_read74            |  in |    8|   ap_none  |       p_read74      |    scalar    |
|p_read75            |  in |    8|   ap_none  |       p_read75      |    scalar    |
|p_read76            |  in |    8|   ap_none  |       p_read76      |    scalar    |
|p_read77            |  in |    8|   ap_none  |       p_read77      |    scalar    |
|p_read78            |  in |    8|   ap_none  |       p_read78      |    scalar    |
|p_read79            |  in |    8|   ap_none  |       p_read79      |    scalar    |
|p_read80            |  in |    8|   ap_none  |       p_read80      |    scalar    |
|p_read81            |  in |    8|   ap_none  |       p_read81      |    scalar    |
|p_read82            |  in |    8|   ap_none  |       p_read82      |    scalar    |
|p_read83            |  in |    8|   ap_none  |       p_read83      |    scalar    |
|p_read84            |  in |    8|   ap_none  |       p_read84      |    scalar    |
|p_read85            |  in |    8|   ap_none  |       p_read85      |    scalar    |
|p_read86            |  in |    8|   ap_none  |       p_read86      |    scalar    |
|p_read87            |  in |    8|   ap_none  |       p_read87      |    scalar    |
|p_read88            |  in |    8|   ap_none  |       p_read88      |    scalar    |
|p_read89            |  in |    8|   ap_none  |       p_read89      |    scalar    |
|p_read90            |  in |    8|   ap_none  |       p_read90      |    scalar    |
|p_read91            |  in |    8|   ap_none  |       p_read91      |    scalar    |
|p_read92            |  in |    8|   ap_none  |       p_read92      |    scalar    |
|p_read93            |  in |    8|   ap_none  |       p_read93      |    scalar    |
|p_read94            |  in |    8|   ap_none  |       p_read94      |    scalar    |
|p_read95            |  in |    8|   ap_none  |       p_read95      |    scalar    |
|p_read96            |  in |    8|   ap_none  |       p_read96      |    scalar    |
|p_read97            |  in |    8|   ap_none  |       p_read97      |    scalar    |
|p_read98            |  in |    8|   ap_none  |       p_read98      |    scalar    |
|p_read99            |  in |    8|   ap_none  |       p_read99      |    scalar    |
|p_read100           |  in |    8|   ap_none  |      p_read100      |    scalar    |
|p_read101           |  in |    8|   ap_none  |      p_read101      |    scalar    |
|p_read102           |  in |    8|   ap_none  |      p_read102      |    scalar    |
|p_read103           |  in |    8|   ap_none  |      p_read103      |    scalar    |
|p_read104           |  in |    8|   ap_none  |      p_read104      |    scalar    |
|p_read105           |  in |    8|   ap_none  |      p_read105      |    scalar    |
|p_read106           |  in |    8|   ap_none  |      p_read106      |    scalar    |
|p_read107           |  in |    8|   ap_none  |      p_read107      |    scalar    |
|p_read108           |  in |    8|   ap_none  |      p_read108      |    scalar    |
|p_read109           |  in |    8|   ap_none  |      p_read109      |    scalar    |
|p_read110           |  in |    8|   ap_none  |      p_read110      |    scalar    |
|p_read111           |  in |    8|   ap_none  |      p_read111      |    scalar    |
|p_read112           |  in |    8|   ap_none  |      p_read112      |    scalar    |
|p_read113           |  in |    8|   ap_none  |      p_read113      |    scalar    |
|p_read114           |  in |    8|   ap_none  |      p_read114      |    scalar    |
|p_read115           |  in |    8|   ap_none  |      p_read115      |    scalar    |
|p_read116           |  in |    8|   ap_none  |      p_read116      |    scalar    |
|p_read117           |  in |    8|   ap_none  |      p_read117      |    scalar    |
|p_read118           |  in |    8|   ap_none  |      p_read118      |    scalar    |
|p_read119           |  in |    8|   ap_none  |      p_read119      |    scalar    |
|p_read120           |  in |    8|   ap_none  |      p_read120      |    scalar    |
|p_read121           |  in |    8|   ap_none  |      p_read121      |    scalar    |
|p_read122           |  in |    8|   ap_none  |      p_read122      |    scalar    |
|p_read123           |  in |    8|   ap_none  |      p_read123      |    scalar    |
|p_read124           |  in |    8|   ap_none  |      p_read124      |    scalar    |
|p_read125           |  in |    8|   ap_none  |      p_read125      |    scalar    |
|p_read126           |  in |    8|   ap_none  |      p_read126      |    scalar    |
|p_read127           |  in |    8|   ap_none  |      p_read127      |    scalar    |
|p_read128           |  in |    8|   ap_none  |      p_read128      |    scalar    |
|p_read129           |  in |    8|   ap_none  |      p_read129      |    scalar    |
|p_read130           |  in |    8|   ap_none  |      p_read130      |    scalar    |
|p_read131           |  in |    8|   ap_none  |      p_read131      |    scalar    |
|p_read132           |  in |    8|   ap_none  |      p_read132      |    scalar    |
|p_read133           |  in |    8|   ap_none  |      p_read133      |    scalar    |
|p_read134           |  in |    8|   ap_none  |      p_read134      |    scalar    |
|p_read135           |  in |    8|   ap_none  |      p_read135      |    scalar    |
|p_read136           |  in |    8|   ap_none  |      p_read136      |    scalar    |
|p_read137           |  in |    8|   ap_none  |      p_read137      |    scalar    |
|p_read138           |  in |    8|   ap_none  |      p_read138      |    scalar    |
|p_read139           |  in |    8|   ap_none  |      p_read139      |    scalar    |
|p_read140           |  in |    8|   ap_none  |      p_read140      |    scalar    |
|p_read141           |  in |    8|   ap_none  |      p_read141      |    scalar    |
|p_read142           |  in |    8|   ap_none  |      p_read142      |    scalar    |
|p_read143           |  in |    8|   ap_none  |      p_read143      |    scalar    |
|p_read144           |  in |    8|   ap_none  |      p_read144      |    scalar    |
|p_read145           |  in |    8|   ap_none  |      p_read145      |    scalar    |
|p_read146           |  in |    8|   ap_none  |      p_read146      |    scalar    |
|p_read147           |  in |    8|   ap_none  |      p_read147      |    scalar    |
|p_read148           |  in |    8|   ap_none  |      p_read148      |    scalar    |
|p_read149           |  in |    8|   ap_none  |      p_read149      |    scalar    |
|p_read150           |  in |    8|   ap_none  |      p_read150      |    scalar    |
|p_read151           |  in |    8|   ap_none  |      p_read151      |    scalar    |
|p_read152           |  in |    8|   ap_none  |      p_read152      |    scalar    |
|p_read153           |  in |    8|   ap_none  |      p_read153      |    scalar    |
|p_read154           |  in |    8|   ap_none  |      p_read154      |    scalar    |
|p_read155           |  in |    8|   ap_none  |      p_read155      |    scalar    |
|p_read156           |  in |    8|   ap_none  |      p_read156      |    scalar    |
|p_read157           |  in |    8|   ap_none  |      p_read157      |    scalar    |
|p_read158           |  in |    8|   ap_none  |      p_read158      |    scalar    |
|p_read159           |  in |    8|   ap_none  |      p_read159      |    scalar    |
|p_read160           |  in |    8|   ap_none  |      p_read160      |    scalar    |
|p_read161           |  in |    8|   ap_none  |      p_read161      |    scalar    |
|p_read162           |  in |    8|   ap_none  |      p_read162      |    scalar    |
|p_read163           |  in |    8|   ap_none  |      p_read163      |    scalar    |
|p_read164           |  in |    8|   ap_none  |      p_read164      |    scalar    |
|p_read165           |  in |    8|   ap_none  |      p_read165      |    scalar    |
|p_read166           |  in |    8|   ap_none  |      p_read166      |    scalar    |
|p_read167           |  in |    8|   ap_none  |      p_read167      |    scalar    |
|p_read168           |  in |    8|   ap_none  |      p_read168      |    scalar    |
|p_read169           |  in |    8|   ap_none  |      p_read169      |    scalar    |
|p_read170           |  in |    8|   ap_none  |      p_read170      |    scalar    |
|p_read171           |  in |    8|   ap_none  |      p_read171      |    scalar    |
|p_read172           |  in |    8|   ap_none  |      p_read172      |    scalar    |
|p_read173           |  in |    8|   ap_none  |      p_read173      |    scalar    |
|p_read174           |  in |    8|   ap_none  |      p_read174      |    scalar    |
|p_read175           |  in |    8|   ap_none  |      p_read175      |    scalar    |
|p_read176           |  in |    8|   ap_none  |      p_read176      |    scalar    |
|p_read177           |  in |    8|   ap_none  |      p_read177      |    scalar    |
|p_read178           |  in |    8|   ap_none  |      p_read178      |    scalar    |
|p_read179           |  in |    8|   ap_none  |      p_read179      |    scalar    |
|p_read180           |  in |    8|   ap_none  |      p_read180      |    scalar    |
|p_read181           |  in |    8|   ap_none  |      p_read181      |    scalar    |
|p_read182           |  in |    8|   ap_none  |      p_read182      |    scalar    |
|p_read183           |  in |    8|   ap_none  |      p_read183      |    scalar    |
|p_read184           |  in |    8|   ap_none  |      p_read184      |    scalar    |
|p_read185           |  in |    8|   ap_none  |      p_read185      |    scalar    |
|p_read186           |  in |    8|   ap_none  |      p_read186      |    scalar    |
|p_read187           |  in |    8|   ap_none  |      p_read187      |    scalar    |
|p_read188           |  in |    8|   ap_none  |      p_read188      |    scalar    |
|p_read189           |  in |    8|   ap_none  |      p_read189      |    scalar    |
|p_read190           |  in |    8|   ap_none  |      p_read190      |    scalar    |
|p_read191           |  in |    8|   ap_none  |      p_read191      |    scalar    |
|out_state_V_offset  |  in |    1|   ap_none  |  out_state_V_offset |    scalar    |
|sub_key_V_6         |  in |  128|   ap_none  |     sub_key_V_6     |    scalar    |
+--------------------+-----+-----+------------+---------------------+--------------+

