

================================================================
== Vivado HLS Report for 'key_expansion'
================================================================
* Date:           Tue Apr 23 18:05:11 2019

* Version:        2018.3 (Build 2405991 on Thu Dec 06 23:56:15 MST 2018)
* Project:        CTREncryption
* Solution:       solution1
* Product family: zynquplus
* Target device:  xczu7ev-ffvc1156-2-e


================================================================
== Performance Estimates
================================================================
+ Timing (ns): 
    * Summary: 
    +--------+-------+----------+------------+
    |  Clock | Target| Estimated| Uncertainty|
    +--------+-------+----------+------------+
    |ap_clk  |   5.00|     2.555|        0.62|
    +--------+-------+----------+------------+

+ Latency (clock cycles): 
    * Summary: 
    +-----+-----+-----+-----+---------+
    |  Latency  |  Interval | Pipeline|
    | min | max | min | max |   Type  |
    +-----+-----+-----+-----+---------+
    |   31|   31|   31|   31|   none  |
    +-----+-----+-----+-----+---------+

    + Detail: 
        * Instance: 
        N/A

        * Loop: 
        +----------+-----+-----+----------+-----------+-----------+------+----------+
        |          |  Latency  | Iteration|  Initiation Interval  | Trip |          |
        | Loop Name| min | max |  Latency |  achieved |   target  | Count| Pipelined|
        +----------+-----+-----+----------+-----------+-----------+------+----------+
        |- Loop 1  |   30|   30|         3|          -|          -|    10|    no    |
        +----------+-----+-----+----------+-----------+-----------+------+----------+



================================================================
== Utilization Estimates
================================================================
* Summary: 
+-----------------+---------+-------+--------+--------+-----+
|       Name      | BRAM_18K| DSP48E|   FF   |   LUT  | URAM|
+-----------------+---------+-------+--------+--------+-----+
|DSP              |        -|      -|       -|       -|    -|
|Expression       |        -|      -|       0|     157|    -|
|FIFO             |        -|      -|       -|       -|    -|
|Instance         |        -|      -|       0|    5448|    -|
|Memory           |        0|      -|       8|       2|    -|
|Multiplexer      |        -|      -|       -|      72|    -|
|Register         |        -|      -|     144|       -|    -|
+-----------------+---------+-------+--------+--------+-----+
|Total            |        0|      0|     152|    5679|    0|
+-----------------+---------+-------+--------+--------+-----+
|Available        |      624|   1728|  460800|  230400|   96|
+-----------------+---------+-------+--------+--------+-----+
|Utilization (%)  |        0|      0|   ~0   |       2|    0|
+-----------------+---------+-------+--------+--------+-----+

+ Detail: 
    * Instance: 
    +-----------------------------------+------------------------------+---------+-------+---+------+
    |              Instance             |            Module            | BRAM_18K| DSP48E| FF|  LUT |
    +-----------------------------------+------------------------------+---------+-------+---+------+
    |block_aes_128_mux_2568_8_1_1_U713  |block_aes_128_mux_2568_8_1_1  |        0|      0|  0|  1362|
    |block_aes_128_mux_2568_8_1_1_U714  |block_aes_128_mux_2568_8_1_1  |        0|      0|  0|  1362|
    |block_aes_128_mux_2568_8_1_1_U715  |block_aes_128_mux_2568_8_1_1  |        0|      0|  0|  1362|
    |block_aes_128_mux_2568_8_1_1_U716  |block_aes_128_mux_2568_8_1_1  |        0|      0|  0|  1362|
    +-----------------------------------+------------------------------+---------+-------+---+------+
    |Total                              |                              |        0|      0|  0|  5448|
    +-----------------------------------+------------------------------+---------+-------+---+------+

    * DSP48: 
    N/A

    * Memory: 
    +----------+----------------------+---------+---+----+------+-----+------+-------------+
    |  Memory  |        Module        | BRAM_18K| FF| LUT| Words| Bits| Banks| W*Bits*Banks|
    +----------+----------------------+---------+---+----+------+-----+------+-------------+
    |rcon_V_U  |key_expansion_rcon_V  |        0|  8|   2|    11|    8|     1|           88|
    +----------+----------------------+---------+---+----+------+-----+------+-------------+
    |Total     |                      |        0|  8|   2|    11|    8|     1|           88|
    +----------+----------------------+---------+---+----+------+-----+------+-------------+

    * FIFO: 
    N/A

    * Expression: 
    +---------------------------+----------+-------+---+----+------------+------------+
    |       Variable Name       | Operation| DSP48E| FF| LUT| Bitwidth P0| Bitwidth P1|
    +---------------------------+----------+-------+---+----+------------+------------+
    |round_2_fu_633_p2          |     +    |      0|  0|  12|           4|           1|
    |exitcond8_fu_627_p2        |   icmp   |      0|  0|   9|           4|           4|
    |ret_V_15_trunc_fu_2787_p2  |    xor   |      0|  0|  32|          32|          32|
    |ret_V_16_trunc_fu_2813_p2  |    xor   |      0|  0|  32|          32|          32|
    |ret_V_17_trunc_fu_2817_p2  |    xor   |      0|  0|  32|          32|          32|
    |ret_V_18_trunc_fu_2822_p2  |    xor   |      0|  0|  32|          32|          32|
    |ret_V_trunc_fu_2759_p2     |    xor   |      0|  0|   8|           8|           8|
    +---------------------------+----------+-------+---+----+------------+------------+
    |Total                      |          |      0|  0| 157|         144|         141|
    +---------------------------+----------+-------+---+----+------------+------------+

    * Multiplexer: 
    +----------------------+----+-----------+-----+-----------+
    |         Name         | LUT| Input Size| Bits| Total Bits|
    +----------------------+----+-----------+-----+-----------+
    |ap_NS_fsm             |  27|          5|    1|          5|
    |round_reg_616         |   9|          2|    4|          8|
    |sub_key_V_2_address0  |  21|          4|    4|         16|
    |sub_key_V_2_d0        |  15|          3|  128|        384|
    +----------------------+----+-----------+-----+-----------+
    |Total                 |  72|         14|  137|        413|
    +----------------------+----+-----------+-----+-----------+

    * Register: 
    +-------------------------+----+----+-----+-----------+
    |           Name          | FF | LUT| Bits| Const Bits|
    +-------------------------+----+----+-----+-----------+
    |ap_CS_fsm                |   4|   0|    4|          0|
    |p_Result_1_reg_2873      |  32|   0|   32|          0|
    |p_Result_3_reg_2878      |  32|   0|   32|          0|
    |ret_V_15_trunc_reg_2867  |  32|   0|   32|          0|
    |round_2_reg_2842         |   4|   0|    4|          0|
    |round_reg_616            |   4|   0|    4|          0|
    |tmp_s_reg_2852           |   4|   0|   64|         60|
    |word_V_reg_2862          |  32|   0|   32|          0|
    +-------------------------+----+----+-----+-----------+
    |Total                    | 144|   0|  204|         60|
    +-------------------------+----+----+-----+-----------+



================================================================
== Interface
================================================================
* Summary: 
+----------------------+-----+-----+------------+---------------+--------------+
|       RTL Ports      | Dir | Bits|  Protocol  | Source Object |    C Type    |
+----------------------+-----+-----+------------+---------------+--------------+
|ap_clk                |  in |    1| ap_ctrl_hs | key_expansion | return value |
|ap_rst                |  in |    1| ap_ctrl_hs | key_expansion | return value |
|ap_start              |  in |    1| ap_ctrl_hs | key_expansion | return value |
|ap_done               | out |    1| ap_ctrl_hs | key_expansion | return value |
|ap_idle               | out |    1| ap_ctrl_hs | key_expansion | return value |
|ap_ready              | out |    1| ap_ctrl_hs | key_expansion | return value |
|key_V                 |  in |  128|   ap_none  |     key_V     |    scalar    |
|sub_key_V_2_address0  | out |    4|  ap_memory |  sub_key_V_2  |     array    |
|sub_key_V_2_ce0       | out |    1|  ap_memory |  sub_key_V_2  |     array    |
|sub_key_V_2_we0       | out |    1|  ap_memory |  sub_key_V_2  |     array    |
|sub_key_V_2_d0        | out |  128|  ap_memory |  sub_key_V_2  |     array    |
|sub_key_V_2_q0        |  in |  128|  ap_memory |  sub_key_V_2  |     array    |
+----------------------+-----+-----+------------+---------------+--------------+

