

================================================================
== Vivado HLS Report for 'proc_block'
================================================================
* Date:           Tue Apr 23 18:05:08 2019

* Version:        2018.3 (Build 2405991 on Thu Dec 06 23:56:15 MST 2018)
* Project:        CTREncryption
* Solution:       solution1
* Product family: zynquplus
* Target device:  xczu7ev-ffvc1156-2-e


================================================================
== Performance Estimates
================================================================
+ Timing (ns): 
    * Summary: 
    +--------+-------+----------+------------+
    |  Clock | Target| Estimated| Uncertainty|
    +--------+-------+----------+------------+
    |ap_clk  |   5.00|     4.091|        0.62|
    +--------+-------+----------+------------+

+ Latency (clock cycles): 
    * Summary: 
    +-----+-----+-----+-----+---------+
    |  Latency  |  Interval | Pipeline|
    | min | max | min | max |   Type  |
    +-----+-----+-----+-----+---------+
    |   13|   13|   13|   13|   none  |
    +-----+-----+-----+-----+---------+

    + Detail: 
        * Instance: 
        +-------------------------------------------+-------------------------+-----+-----+-----+-----+----------+
        |                                           |                         |  Latency  |  Interval | Pipeline |
        |                  Instance                 |          Module         | min | max | min | max |   Type   |
        +-------------------------------------------+-------------------------+-----+-----+-----+-----+----------+
        |call_ret4_sub_byte_block_fu_1444           |sub_byte_block           |    0|    0|    1|    1| function |
        |call_ret2_sub_byte_block_1_fu_1705         |sub_byte_block_1         |    0|    0|    0|    0|   none   |
        |call_ret6_add_round_key_block_fu_1837      |add_round_key_block      |    0|    0|    1|    1| function |
        |call_ret1_add_round_key_block_1_fu_2164    |add_round_key_block_1    |    0|    0|    0|    0|   none   |
        |call_ret3_add_round_key_block_189_fu_2234  |add_round_key_block_189  |    0|    0|    0|    0|   none   |
        |grp_shift_row_block_fu_2304                |shift_row_block          |    0|    0|    1|    1| function |
        +-------------------------------------------+-------------------------+-----+-----+-----+-----+----------+

        * Loop: 
        +-------------+-----+-----+----------+-----------+-----------+------+----------+
        |             |  Latency  | Iteration|  Initiation Interval  | Trip |          |
        |  Loop Name  | min | max |  Latency |  achieved |   target  | Count| Pipelined|
        +-------------+-----+-----+----------+-----------+-----------+------+----------+
        |- loop_main  |    9|    9|         2|          1|          1|     9|    yes   |
        +-------------+-----+-----+----------+-----------+-----------+------+----------+



================================================================
== Utilization Estimates
================================================================
* Summary: 
+-----------------+---------+-------+--------+--------+-----+
|       Name      | BRAM_18K| DSP48E|   FF   |   LUT  | URAM|
+-----------------+---------+-------+--------+--------+-----+
|DSP              |        -|      -|       -|       -|    -|
|Expression       |        -|      -|       0|    2928|    -|
|FIFO             |        -|      -|       -|       -|    -|
|Instance         |        -|      -|       0|  177408|    -|
|Memory           |        -|      -|       -|       -|    -|
|Multiplexer      |        -|      -|       -|    2199|    -|
|Register         |        -|      -|    2061|       -|    -|
+-----------------+---------+-------+--------+--------+-----+
|Total            |        0|      0|    2061|  182535|    0|
+-----------------+---------+-------+--------+--------+-----+
|Available        |      624|   1728|  460800|  230400|   96|
+-----------------+---------+-------+--------+--------+-----+
|Utilization (%)  |        0|      0|   ~0   |      79|    0|
+-----------------+---------+-------+--------+--------+-----+

+ Detail: 
    * Instance: 
    +-------------------------------------------+-------------------------+---------+-------+---+-------+
    |                  Instance                 |          Module         | BRAM_18K| DSP48E| FF|  LUT  |
    +-------------------------------------------+-------------------------+---------+-------+---+-------+
    |call_ret6_add_round_key_block_fu_1837      |add_round_key_block      |        0|      0|  0|   1536|
    |call_ret1_add_round_key_block_1_fu_2164    |add_round_key_block_1    |        0|      0|  0|    512|
    |call_ret3_add_round_key_block_189_fu_2234  |add_round_key_block_189  |        0|      0|  0|    512|
    |grp_shift_row_block_fu_2304                |shift_row_block          |        0|      0|  0|      0|
    |call_ret4_sub_byte_block_fu_1444           |sub_byte_block           |        0|      0|  0|  87680|
    |call_ret2_sub_byte_block_1_fu_1705         |sub_byte_block_1         |        0|      0|  0|  87168|
    +-------------------------------------------+-------------------------+---------+-------+---+-------+
    |Total                                      |                         |        0|      0|  0| 177408|
    +-------------------------------------------+-------------------------+---------+-------+---+-------+

    * DSP48: 
    N/A

    * Memory: 
    N/A

    * FIFO: 
    N/A

    * Expression: 
    +----------------------------------------------------------+----------+-------+---+-----+------------+------------+
    |                       Variable Name                      | Operation| DSP48E| FF| LUT | Bitwidth P0| Bitwidth P1|
    +----------------------------------------------------------+----------+-------+---+-----+------------+------------+
    |round_1_fu_3836_p2                                        |     +    |      0|  0|   12|           1|           4|
    |tmp_9_1_fu_2872_p2                                        |     +    |      0|  0|  135|           1|         128|
    |tmp_9_2_fu_2878_p2                                        |     +    |      0|  0|  135|           2|         128|
    |tmp_9_3_fu_2884_p2                                        |     +    |      0|  0|  135|           2|         128|
    |exitcond3_fu_3826_p2                                      |   icmp   |      0|  0|    9|           4|           4|
    |p_053_0_i399_i_0_1_ca_fu_4449_p3                          |  select  |      0|  0|    5|           1|           5|
    |p_053_0_i399_i_0_2_ca_fu_4643_p3                          |  select  |      0|  0|    5|           1|           5|
    |p_053_0_i399_i_0_3_ca_fu_4837_p3                          |  select  |      0|  0|    5|           1|           5|
    |p_053_0_i399_i_1_1_ca_fu_5225_p3                          |  select  |      0|  0|    5|           1|           5|
    |p_053_0_i399_i_1_2_ca_fu_5419_p3                          |  select  |      0|  0|    5|           1|           5|
    |p_053_0_i399_i_1_3_ca_fu_5613_p3                          |  select  |      0|  0|    5|           1|           5|
    |p_053_0_i399_i_1_cast_fu_5031_p3                          |  select  |      0|  0|    5|           1|           5|
    |p_053_0_i399_i_2_1_ca_fu_6001_p3                          |  select  |      0|  0|    5|           1|           5|
    |p_053_0_i399_i_2_2_ca_fu_6195_p3                          |  select  |      0|  0|    5|           1|           5|
    |p_053_0_i399_i_2_3_ca_fu_6389_p3                          |  select  |      0|  0|    5|           1|           5|
    |p_053_0_i399_i_2_cast_fu_5807_p3                          |  select  |      0|  0|    5|           1|           5|
    |p_053_0_i399_i_3_1_ca_fu_6777_p3                          |  select  |      0|  0|    5|           1|           5|
    |p_053_0_i399_i_3_2_ca_fu_6971_p3                          |  select  |      0|  0|    5|           1|           5|
    |p_053_0_i399_i_3_3_ca_fu_7165_p3                          |  select  |      0|  0|    5|           1|           5|
    |p_053_0_i399_i_3_cast_fu_6583_p3                          |  select  |      0|  0|    5|           1|           5|
    |p_053_0_i399_i_cast_c_fu_4255_p3                          |  select  |      0|  0|    5|           1|           5|
    |p_053_0_i403_i_0_1_ca_fu_4421_p3                          |  select  |      0|  0|    5|           1|           5|
    |p_053_0_i403_i_0_2_ca_fu_4615_p3                          |  select  |      0|  0|    5|           1|           5|
    |p_053_0_i403_i_0_3_ca_fu_4809_p3                          |  select  |      0|  0|    5|           1|           5|
    |p_053_0_i403_i_1_1_ca_fu_5197_p3                          |  select  |      0|  0|    5|           1|           5|
    |p_053_0_i403_i_1_2_ca_fu_5391_p3                          |  select  |      0|  0|    5|           1|           5|
    |p_053_0_i403_i_1_3_ca_fu_5585_p3                          |  select  |      0|  0|    5|           1|           5|
    |p_053_0_i403_i_1_cast_fu_5003_p3                          |  select  |      0|  0|    5|           1|           5|
    |p_053_0_i403_i_2_1_ca_fu_5973_p3                          |  select  |      0|  0|    5|           1|           5|
    |p_053_0_i403_i_2_2_ca_fu_6167_p3                          |  select  |      0|  0|    5|           1|           5|
    |p_053_0_i403_i_2_3_ca_fu_6361_p3                          |  select  |      0|  0|    5|           1|           5|
    |p_053_0_i403_i_2_cast_fu_5779_p3                          |  select  |      0|  0|    5|           1|           5|
    |p_053_0_i403_i_3_1_ca_fu_6749_p3                          |  select  |      0|  0|    5|           1|           5|
    |p_053_0_i403_i_3_2_ca_fu_6943_p3                          |  select  |      0|  0|    5|           1|           5|
    |p_053_0_i403_i_3_3_ca_fu_7137_p3                          |  select  |      0|  0|    5|           1|           5|
    |p_053_0_i403_i_3_cast_fu_6555_p3                          |  select  |      0|  0|    5|           1|           5|
    |p_053_0_i403_i_cast_c_fu_4227_p3                          |  select  |      0|  0|    5|           1|           5|
    |p_053_0_i407_i_0_1_ca_fu_4393_p3                          |  select  |      0|  0|    5|           1|           5|
    |p_053_0_i407_i_0_2_ca_fu_4587_p3                          |  select  |      0|  0|    5|           1|           5|
    |p_053_0_i407_i_0_3_ca_fu_4781_p3                          |  select  |      0|  0|    5|           1|           5|
    |p_053_0_i407_i_1_1_ca_fu_5169_p3                          |  select  |      0|  0|    5|           1|           5|
    |p_053_0_i407_i_1_2_ca_fu_5363_p3                          |  select  |      0|  0|    5|           1|           5|
    |p_053_0_i407_i_1_3_ca_fu_5557_p3                          |  select  |      0|  0|    5|           1|           5|
    |p_053_0_i407_i_1_cast_fu_4975_p3                          |  select  |      0|  0|    5|           1|           5|
    |p_053_0_i407_i_2_1_ca_fu_5945_p3                          |  select  |      0|  0|    5|           1|           5|
    |p_053_0_i407_i_2_2_ca_fu_6139_p3                          |  select  |      0|  0|    5|           1|           5|
    |p_053_0_i407_i_2_3_ca_fu_6333_p3                          |  select  |      0|  0|    5|           1|           5|
    |p_053_0_i407_i_2_cast_fu_5751_p3                          |  select  |      0|  0|    5|           1|           5|
    |p_053_0_i407_i_3_1_ca_fu_6721_p3                          |  select  |      0|  0|    5|           1|           5|
    |p_053_0_i407_i_3_2_ca_fu_6915_p3                          |  select  |      0|  0|    5|           1|           5|
    |p_053_0_i407_i_3_3_ca_fu_7109_p3                          |  select  |      0|  0|    5|           1|           5|
    |p_053_0_i407_i_3_cast_fu_6527_p3                          |  select  |      0|  0|    5|           1|           5|
    |p_053_0_i407_i_cast_c_fu_4199_p3                          |  select  |      0|  0|    5|           1|           5|
    |p_053_0_i_i_0_1_cast_s_fu_4477_p3                         |  select  |      0|  0|    5|           1|           5|
    |p_053_0_i_i_0_2_cast_s_fu_4671_p3                         |  select  |      0|  0|    5|           1|           5|
    |p_053_0_i_i_0_3_cast_s_fu_4865_p3                         |  select  |      0|  0|    5|           1|           5|
    |p_053_0_i_i_1_1_cast_s_fu_5253_p3                         |  select  |      0|  0|    5|           1|           5|
    |p_053_0_i_i_1_2_cast_s_fu_5447_p3                         |  select  |      0|  0|    5|           1|           5|
    |p_053_0_i_i_1_3_cast_s_fu_5641_p3                         |  select  |      0|  0|    5|           1|           5|
    |p_053_0_i_i_1_cast_ca_fu_5059_p3                          |  select  |      0|  0|    5|           1|           5|
    |p_053_0_i_i_2_1_cast_s_fu_6029_p3                         |  select  |      0|  0|    5|           1|           5|
    |p_053_0_i_i_2_2_cast_s_fu_6223_p3                         |  select  |      0|  0|    5|           1|           5|
    |p_053_0_i_i_2_3_cast_s_fu_6417_p3                         |  select  |      0|  0|    5|           1|           5|
    |p_053_0_i_i_2_cast_ca_fu_5835_p3                          |  select  |      0|  0|    5|           1|           5|
    |p_053_0_i_i_3_1_cast_s_fu_6805_p3                         |  select  |      0|  0|    5|           1|           5|
    |p_053_0_i_i_3_2_cast_s_fu_6999_p3                         |  select  |      0|  0|    5|           1|           5|
    |p_053_0_i_i_3_3_cast_s_fu_7193_p3                         |  select  |      0|  0|    5|           1|           5|
    |p_053_0_i_i_3_cast_ca_fu_6611_p3                          |  select  |      0|  0|    5|           1|           5|
    |p_053_0_i_i_cast_cast_fu_4283_p3                          |  select  |      0|  0|    5|           1|           5|
    |ap_enable_pp0                                             |    xor   |      0|  0|    2|           1|           2|
    |ap_enable_reg_pp0_iter1                                   |    xor   |      0|  0|    2|           2|           1|
    |call_ret6_add_round_key_block_fu_1837_in_state_0_0_0_V_s  |    xor   |      0|  0|    8|           8|           8|
    |call_ret6_add_round_key_block_fu_1837_in_state_0_0_1_V_s  |    xor   |      0|  0|    8|           8|           8|
    |call_ret6_add_round_key_block_fu_1837_in_state_0_0_2_V_s  |    xor   |      0|  0|    8|           8|           8|
    |call_ret6_add_round_key_block_fu_1837_in_state_0_0_3_V_s  |    xor   |      0|  0|    8|           8|           8|
    |call_ret6_add_round_key_block_fu_1837_in_state_0_1_0_V_s  |    xor   |      0|  0|    8|           8|           8|
    |call_ret6_add_round_key_block_fu_1837_in_state_0_1_1_V_s  |    xor   |      0|  0|    8|           8|           8|
    |call_ret6_add_round_key_block_fu_1837_in_state_0_1_2_V_s  |    xor   |      0|  0|    8|           8|           8|
    |call_ret6_add_round_key_block_fu_1837_in_state_0_1_3_V_s  |    xor   |      0|  0|    8|           8|           8|
    |call_ret6_add_round_key_block_fu_1837_in_state_0_2_0_V_s  |    xor   |      0|  0|    8|           8|           8|
    |call_ret6_add_round_key_block_fu_1837_in_state_0_2_1_V_s  |    xor   |      0|  0|    8|           8|           8|
    |call_ret6_add_round_key_block_fu_1837_in_state_0_2_2_V_s  |    xor   |      0|  0|    8|           8|           8|
    |call_ret6_add_round_key_block_fu_1837_in_state_0_2_3_V_s  |    xor   |      0|  0|    8|           8|           8|
    |call_ret6_add_round_key_block_fu_1837_in_state_0_3_0_V_s  |    xor   |      0|  0|    8|           8|           8|
    |call_ret6_add_round_key_block_fu_1837_in_state_0_3_1_V_s  |    xor   |      0|  0|    8|           8|           8|
    |call_ret6_add_round_key_block_fu_1837_in_state_0_3_2_V_s  |    xor   |      0|  0|    8|           8|           8|
    |call_ret6_add_round_key_block_fu_1837_in_state_0_3_3_V_s  |    xor   |      0|  0|    8|           8|           8|
    |call_ret6_add_round_key_block_fu_1837_in_state_1_0_0_V_s  |    xor   |      0|  0|    8|           8|           8|
    |call_ret6_add_round_key_block_fu_1837_in_state_1_0_1_V_s  |    xor   |      0|  0|    8|           8|           8|
    |call_ret6_add_round_key_block_fu_1837_in_state_1_0_2_V_s  |    xor   |      0|  0|    8|           8|           8|
    |call_ret6_add_round_key_block_fu_1837_in_state_1_0_3_V_s  |    xor   |      0|  0|    8|           8|           8|
    |call_ret6_add_round_key_block_fu_1837_in_state_1_1_0_V_s  |    xor   |      0|  0|    8|           8|           8|
    |call_ret6_add_round_key_block_fu_1837_in_state_1_1_1_V_s  |    xor   |      0|  0|    8|           8|           8|
    |call_ret6_add_round_key_block_fu_1837_in_state_1_1_2_V_s  |    xor   |      0|  0|    8|           8|           8|
    |call_ret6_add_round_key_block_fu_1837_in_state_1_1_3_V_s  |    xor   |      0|  0|    8|           8|           8|
    |call_ret6_add_round_key_block_fu_1837_in_state_1_2_0_V_s  |    xor   |      0|  0|    8|           8|           8|
    |call_ret6_add_round_key_block_fu_1837_in_state_1_2_1_V_s  |    xor   |      0|  0|    8|           8|           8|
    |call_ret6_add_round_key_block_fu_1837_in_state_1_2_2_V_s  |    xor   |      0|  0|    8|           8|           8|
    |call_ret6_add_round_key_block_fu_1837_in_state_1_2_3_V_s  |    xor   |      0|  0|    8|           8|           8|
    |call_ret6_add_round_key_block_fu_1837_in_state_1_3_0_V_s  |    xor   |      0|  0|    8|           8|           8|
    |call_ret6_add_round_key_block_fu_1837_in_state_1_3_1_V_s  |    xor   |      0|  0|    8|           8|           8|
    |call_ret6_add_round_key_block_fu_1837_in_state_1_3_2_V_s  |    xor   |      0|  0|    8|           8|           8|
    |call_ret6_add_round_key_block_fu_1837_in_state_1_3_3_V_s  |    xor   |      0|  0|    8|           8|           8|
    |call_ret6_add_round_key_block_fu_1837_in_state_2_0_0_V_s  |    xor   |      0|  0|    8|           8|           8|
    |call_ret6_add_round_key_block_fu_1837_in_state_2_0_1_V_s  |    xor   |      0|  0|    8|           8|           8|
    |call_ret6_add_round_key_block_fu_1837_in_state_2_0_2_V_s  |    xor   |      0|  0|    8|           8|           8|
    |call_ret6_add_round_key_block_fu_1837_in_state_2_0_3_V_s  |    xor   |      0|  0|    8|           8|           8|
    |call_ret6_add_round_key_block_fu_1837_in_state_2_1_0_V_s  |    xor   |      0|  0|    8|           8|           8|
    |call_ret6_add_round_key_block_fu_1837_in_state_2_1_1_V_s  |    xor   |      0|  0|    8|           8|           8|
    |call_ret6_add_round_key_block_fu_1837_in_state_2_1_2_V_s  |    xor   |      0|  0|    8|           8|           8|
    |call_ret6_add_round_key_block_fu_1837_in_state_2_1_3_V_s  |    xor   |      0|  0|    8|           8|           8|
    |call_ret6_add_round_key_block_fu_1837_in_state_2_2_0_V_s  |    xor   |      0|  0|    8|           8|           8|
    |call_ret6_add_round_key_block_fu_1837_in_state_2_2_1_V_s  |    xor   |      0|  0|    8|           8|           8|
    |call_ret6_add_round_key_block_fu_1837_in_state_2_2_2_V_s  |    xor   |      0|  0|    8|           8|           8|
    |call_ret6_add_round_key_block_fu_1837_in_state_2_2_3_V_s  |    xor   |      0|  0|    8|           8|           8|
    |call_ret6_add_round_key_block_fu_1837_in_state_2_3_0_V_s  |    xor   |      0|  0|    8|           8|           8|
    |call_ret6_add_round_key_block_fu_1837_in_state_2_3_1_V_s  |    xor   |      0|  0|    8|           8|           8|
    |call_ret6_add_round_key_block_fu_1837_in_state_2_3_2_V_s  |    xor   |      0|  0|    8|           8|           8|
    |call_ret6_add_round_key_block_fu_1837_in_state_2_3_3_V_s  |    xor   |      0|  0|    8|           8|           8|
    |call_ret6_add_round_key_block_fu_1837_in_state_3_0_0_V_s  |    xor   |      0|  0|    8|           8|           8|
    |call_ret6_add_round_key_block_fu_1837_in_state_3_0_1_V_s  |    xor   |      0|  0|    8|           8|           8|
    |call_ret6_add_round_key_block_fu_1837_in_state_3_0_2_V_s  |    xor   |      0|  0|    8|           8|           8|
    |call_ret6_add_round_key_block_fu_1837_in_state_3_0_3_V_s  |    xor   |      0|  0|    8|           8|           8|
    |call_ret6_add_round_key_block_fu_1837_in_state_3_1_0_V_s  |    xor   |      0|  0|    8|           8|           8|
    |call_ret6_add_round_key_block_fu_1837_in_state_3_1_1_V_s  |    xor   |      0|  0|    8|           8|           8|
    |call_ret6_add_round_key_block_fu_1837_in_state_3_1_2_V_s  |    xor   |      0|  0|    8|           8|           8|
    |call_ret6_add_round_key_block_fu_1837_in_state_3_1_3_V_s  |    xor   |      0|  0|    8|           8|           8|
    |call_ret6_add_round_key_block_fu_1837_in_state_3_2_0_V_s  |    xor   |      0|  0|    8|           8|           8|
    |call_ret6_add_round_key_block_fu_1837_in_state_3_2_1_V_s  |    xor   |      0|  0|    8|           8|           8|
    |call_ret6_add_round_key_block_fu_1837_in_state_3_2_2_V_s  |    xor   |      0|  0|    8|           8|           8|
    |call_ret6_add_round_key_block_fu_1837_in_state_3_2_3_V_s  |    xor   |      0|  0|    8|           8|           8|
    |call_ret6_add_round_key_block_fu_1837_in_state_3_3_0_V_s  |    xor   |      0|  0|    8|           8|           8|
    |call_ret6_add_round_key_block_fu_1837_in_state_3_3_1_V_s  |    xor   |      0|  0|    8|           8|           8|
    |call_ret6_add_round_key_block_fu_1837_in_state_3_3_2_V_s  |    xor   |      0|  0|    8|           8|           8|
    |call_ret6_add_round_key_block_fu_1837_in_state_3_3_3_V_s  |    xor   |      0|  0|    8|           8|           8|
    |call_ret6_add_round_key_block_fu_1837_out_state_V_offset  |    xor   |      0|  0|    2|           1|           2|
    |ret_V_0_1_fu_4401_p2                                      |    xor   |      0|  0|    8|           8|           8|
    |ret_V_0_2_fu_4595_p2                                      |    xor   |      0|  0|    8|           8|           8|
    |ret_V_0_3_fu_4789_p2                                      |    xor   |      0|  0|    8|           8|           8|
    |ret_V_1_1_fu_5177_p2                                      |    xor   |      0|  0|    8|           8|           8|
    |ret_V_1_2_fu_5371_p2                                      |    xor   |      0|  0|    8|           8|           8|
    |ret_V_1_3_fu_5565_p2                                      |    xor   |      0|  0|    8|           8|           8|
    |ret_V_1_fu_4983_p2                                        |    xor   |      0|  0|    8|           8|           8|
    |ret_V_239_1_fu_5953_p2                                    |    xor   |      0|  0|    8|           8|           8|
    |ret_V_239_2_fu_6147_p2                                    |    xor   |      0|  0|    8|           8|           8|
    |ret_V_239_3_fu_6341_p2                                    |    xor   |      0|  0|    8|           8|           8|
    |ret_V_2_0_1_fu_4429_p2                                    |    xor   |      0|  0|    8|           8|           8|
    |ret_V_2_0_2_fu_4623_p2                                    |    xor   |      0|  0|    8|           8|           8|
    |ret_V_2_0_3_fu_4817_p2                                    |    xor   |      0|  0|    8|           8|           8|
    |ret_V_2_1_1_fu_5205_p2                                    |    xor   |      0|  0|    8|           8|           8|
    |ret_V_2_1_2_fu_5399_p2                                    |    xor   |      0|  0|    8|           8|           8|
    |ret_V_2_1_3_fu_5593_p2                                    |    xor   |      0|  0|    8|           8|           8|
    |ret_V_2_1_fu_5011_p2                                      |    xor   |      0|  0|    8|           8|           8|
    |ret_V_2_2_1_fu_5981_p2                                    |    xor   |      0|  0|    8|           8|           8|
    |ret_V_2_2_2_fu_6175_p2                                    |    xor   |      0|  0|    8|           8|           8|
    |ret_V_2_2_3_fu_6369_p2                                    |    xor   |      0|  0|    8|           8|           8|
    |ret_V_2_2_fu_5787_p2                                      |    xor   |      0|  0|    8|           8|           8|
    |ret_V_2_3_1_fu_6757_p2                                    |    xor   |      0|  0|    8|           8|           8|
    |ret_V_2_3_2_fu_6951_p2                                    |    xor   |      0|  0|    8|           8|           8|
    |ret_V_2_3_3_fu_7145_p2                                    |    xor   |      0|  0|    8|           8|           8|
    |ret_V_2_3_fu_6563_p2                                      |    xor   |      0|  0|    8|           8|           8|
    |ret_V_2_fu_4235_p2                                        |    xor   |      0|  0|    8|           8|           8|
    |ret_V_341_1_fu_6729_p2                                    |    xor   |      0|  0|    8|           8|           8|
    |ret_V_341_2_fu_6923_p2                                    |    xor   |      0|  0|    8|           8|           8|
    |ret_V_341_3_fu_7117_p2                                    |    xor   |      0|  0|    8|           8|           8|
    |ret_V_3_0_1_fu_4457_p2                                    |    xor   |      0|  0|    8|           8|           8|
    |ret_V_3_0_2_fu_4651_p2                                    |    xor   |      0|  0|    8|           8|           8|
    |ret_V_3_0_3_fu_4845_p2                                    |    xor   |      0|  0|    8|           8|           8|
    |ret_V_3_1_1_fu_5233_p2                                    |    xor   |      0|  0|    8|           8|           8|
    |ret_V_3_1_2_fu_5427_p2                                    |    xor   |      0|  0|    8|           8|           8|
    |ret_V_3_1_3_fu_5621_p2                                    |    xor   |      0|  0|    8|           8|           8|
    |ret_V_3_1_fu_5039_p2                                      |    xor   |      0|  0|    8|           8|           8|
    |ret_V_3_2_1_fu_6009_p2                                    |    xor   |      0|  0|    8|           8|           8|
    |ret_V_3_2_2_fu_6203_p2                                    |    xor   |      0|  0|    8|           8|           8|
    |ret_V_3_2_3_fu_6397_p2                                    |    xor   |      0|  0|    8|           8|           8|
    |ret_V_3_2_fu_5815_p2                                      |    xor   |      0|  0|    8|           8|           8|
    |ret_V_3_3_1_fu_6785_p2                                    |    xor   |      0|  0|    8|           8|           8|
    |ret_V_3_3_2_fu_6979_p2                                    |    xor   |      0|  0|    8|           8|           8|
    |ret_V_3_3_3_fu_7173_p2                                    |    xor   |      0|  0|    8|           8|           8|
    |ret_V_3_3_fu_6591_p2                                      |    xor   |      0|  0|    8|           8|           8|
    |ret_V_3_fu_4263_p2                                        |    xor   |      0|  0|    8|           8|           8|
    |ret_V_4_fu_6535_p2                                        |    xor   |      0|  0|    8|           8|           8|
    |ret_V_8_0_1_fu_4367_p2                                    |    xor   |      0|  0|    8|           8|           8|
    |ret_V_8_0_2_fu_4561_p2                                    |    xor   |      0|  0|    8|           8|           8|
    |ret_V_8_0_3_fu_4755_p2                                    |    xor   |      0|  0|    8|           8|           8|
    |ret_V_8_1_1_fu_5143_p2                                    |    xor   |      0|  0|    8|           8|           8|
    |ret_V_8_1_2_fu_5337_p2                                    |    xor   |      0|  0|    8|           8|           8|
    |ret_V_8_1_3_fu_5531_p2                                    |    xor   |      0|  0|    8|           8|           8|
    |ret_V_8_1_fu_4949_p2                                      |    xor   |      0|  0|    8|           8|           8|
    |ret_V_8_2_1_fu_5919_p2                                    |    xor   |      0|  0|    8|           8|           8|
    |ret_V_8_2_2_fu_6113_p2                                    |    xor   |      0|  0|    8|           8|           8|
    |ret_V_8_2_3_fu_6307_p2                                    |    xor   |      0|  0|    8|           8|           8|
    |ret_V_8_2_fu_5725_p2                                      |    xor   |      0|  0|    8|           8|           8|
    |ret_V_8_3_1_fu_6695_p2                                    |    xor   |      0|  0|    8|           8|           8|
    |ret_V_8_3_2_fu_6889_p2                                    |    xor   |      0|  0|    8|           8|           8|
    |ret_V_8_3_3_fu_7083_p2                                    |    xor   |      0|  0|    8|           8|           8|
    |ret_V_8_3_fu_6501_p2                                      |    xor   |      0|  0|    8|           8|           8|
    |ret_V_8_fu_4173_p2                                        |    xor   |      0|  0|    8|           8|           8|
    |ret_V_9_0_1_fu_4373_p2                                    |    xor   |      0|  0|    8|           8|           8|
    |ret_V_9_0_2_fu_4567_p2                                    |    xor   |      0|  0|    8|           8|           8|
    |ret_V_9_0_3_fu_4761_p2                                    |    xor   |      0|  0|    8|           8|           8|
    |ret_V_9_1_1_fu_5149_p2                                    |    xor   |      0|  0|    8|           8|           8|
    |ret_V_9_1_2_fu_5343_p2                                    |    xor   |      0|  0|    8|           8|           8|
    |ret_V_9_1_3_fu_5537_p2                                    |    xor   |      0|  0|    8|           8|           8|
    |ret_V_9_1_fu_4955_p2                                      |    xor   |      0|  0|    8|           8|           8|
    |ret_V_9_2_1_fu_5925_p2                                    |    xor   |      0|  0|    8|           8|           8|
    |ret_V_9_2_2_fu_6119_p2                                    |    xor   |      0|  0|    8|           8|           8|
    |ret_V_9_2_3_fu_6313_p2                                    |    xor   |      0|  0|    8|           8|           8|
    |ret_V_9_2_fu_5731_p2                                      |    xor   |      0|  0|    8|           8|           8|
    |ret_V_9_3_1_fu_6701_p2                                    |    xor   |      0|  0|    8|           8|           8|
    |ret_V_9_3_2_fu_6895_p2                                    |    xor   |      0|  0|    8|           8|           8|
    |ret_V_9_3_3_fu_7089_p2                                    |    xor   |      0|  0|    8|           8|           8|
    |ret_V_9_3_fu_6507_p2                                      |    xor   |      0|  0|    8|           8|           8|
    |ret_V_9_fu_4179_p2                                        |    xor   |      0|  0|    8|           8|           8|
    |ret_V_fu_4207_p2                                          |    xor   |      0|  0|    8|           8|           8|
    |ret_V_s_fu_5759_p2                                        |    xor   |      0|  0|    8|           8|           8|
    |tmp100_fu_7013_p2                                         |    xor   |      0|  0|    8|           8|           8|
    |tmp101_fu_7026_p2                                         |    xor   |      0|  0|    8|           8|           8|
    |tmp102_fu_7032_p2                                         |    xor   |      0|  0|    8|           8|           8|
    |tmp103_fu_7045_p2                                         |    xor   |      0|  0|    8|           8|           8|
    |tmp104_fu_7051_p2                                         |    xor   |      0|  0|    8|           8|           8|
    |tmp105_fu_7064_p2                                         |    xor   |      0|  0|    8|           8|           8|
    |tmp106_fu_7201_p2                                         |    xor   |      0|  0|    8|           8|           8|
    |tmp107_fu_7207_p2                                         |    xor   |      0|  0|    8|           8|           8|
    |tmp108_fu_7220_p2                                         |    xor   |      0|  0|    8|           8|           8|
    |tmp109_fu_7226_p2                                         |    xor   |      0|  0|    8|           8|           8|
    |tmp10_fu_4504_p2                                          |    xor   |      0|  0|    8|           8|           8|
    |tmp110_fu_7239_p2                                         |    xor   |      0|  0|    8|           8|           8|
    |tmp111_fu_7245_p2                                         |    xor   |      0|  0|    8|           8|           8|
    |tmp112_fu_7258_p2                                         |    xor   |      0|  0|    8|           8|           8|
    |tmp11_fu_4510_p2                                          |    xor   |      0|  0|    8|           8|           8|
    |tmp12_fu_4523_p2                                          |    xor   |      0|  0|    8|           8|           8|
    |tmp13_fu_4529_p2                                          |    xor   |      0|  0|    8|           8|           8|
    |tmp14_fu_4542_p2                                          |    xor   |      0|  0|    8|           8|           8|
    |tmp15_fu_4679_p2                                          |    xor   |      0|  0|    8|           8|           8|
    |tmp16_fu_4685_p2                                          |    xor   |      0|  0|    8|           8|           8|
    |tmp17_fu_4698_p2                                          |    xor   |      0|  0|    8|           8|           8|
    |tmp18_fu_4704_p2                                          |    xor   |      0|  0|    8|           8|           8|
    |tmp19_fu_4717_p2                                          |    xor   |      0|  0|    8|           8|           8|
    |tmp1_fu_4291_p2                                           |    xor   |      0|  0|    8|           8|           8|
    |tmp20_fu_4723_p2                                          |    xor   |      0|  0|    8|           8|           8|
    |tmp21_fu_4736_p2                                          |    xor   |      0|  0|    8|           8|           8|
    |tmp22_fu_4873_p2                                          |    xor   |      0|  0|    8|           8|           8|
    |tmp23_fu_4879_p2                                          |    xor   |      0|  0|    8|           8|           8|
    |tmp24_fu_4892_p2                                          |    xor   |      0|  0|    8|           8|           8|
    |tmp25_fu_4898_p2                                          |    xor   |      0|  0|    8|           8|           8|
    |tmp26_fu_4911_p2                                          |    xor   |      0|  0|    8|           8|           8|
    |tmp27_fu_4917_p2                                          |    xor   |      0|  0|    8|           8|           8|
    |tmp28_fu_4930_p2                                          |    xor   |      0|  0|    8|           8|           8|
    |tmp29_fu_5067_p2                                          |    xor   |      0|  0|    8|           8|           8|
    |tmp2_fu_4297_p2                                           |    xor   |      0|  0|    8|           8|           8|
    |tmp30_fu_5073_p2                                          |    xor   |      0|  0|    8|           8|           8|
    |tmp31_fu_5086_p2                                          |    xor   |      0|  0|    8|           8|           8|
    |tmp32_fu_5092_p2                                          |    xor   |      0|  0|    8|           8|           8|
    |tmp33_fu_5105_p2                                          |    xor   |      0|  0|    8|           8|           8|
    |tmp34_fu_5111_p2                                          |    xor   |      0|  0|    8|           8|           8|
    |tmp35_fu_5124_p2                                          |    xor   |      0|  0|    8|           8|           8|
    |tmp36_fu_5261_p2                                          |    xor   |      0|  0|    8|           8|           8|
    |tmp37_fu_5267_p2                                          |    xor   |      0|  0|    8|           8|           8|
    |tmp38_fu_5280_p2                                          |    xor   |      0|  0|    8|           8|           8|
    |tmp39_fu_5286_p2                                          |    xor   |      0|  0|    8|           8|           8|
    |tmp3_fu_4310_p2                                           |    xor   |      0|  0|    8|           8|           8|
    |tmp40_fu_5299_p2                                          |    xor   |      0|  0|    8|           8|           8|
    |tmp41_fu_5305_p2                                          |    xor   |      0|  0|    8|           8|           8|
    |tmp42_fu_5318_p2                                          |    xor   |      0|  0|    8|           8|           8|
    |tmp43_fu_5455_p2                                          |    xor   |      0|  0|    8|           8|           8|
    |tmp44_fu_5461_p2                                          |    xor   |      0|  0|    8|           8|           8|
    |tmp45_fu_5474_p2                                          |    xor   |      0|  0|    8|           8|           8|
    |tmp46_fu_5480_p2                                          |    xor   |      0|  0|    8|           8|           8|
    |tmp47_fu_5493_p2                                          |    xor   |      0|  0|    8|           8|           8|
    |tmp48_fu_5499_p2                                          |    xor   |      0|  0|    8|           8|           8|
    |tmp49_fu_5512_p2                                          |    xor   |      0|  0|    8|           8|           8|
    |tmp4_fu_4316_p2                                           |    xor   |      0|  0|    8|           8|           8|
    |tmp50_fu_5649_p2                                          |    xor   |      0|  0|    8|           8|           8|
    |tmp51_fu_5655_p2                                          |    xor   |      0|  0|    8|           8|           8|
    |tmp52_fu_5668_p2                                          |    xor   |      0|  0|    8|           8|           8|
    |tmp53_fu_5674_p2                                          |    xor   |      0|  0|    8|           8|           8|
    |tmp54_fu_5687_p2                                          |    xor   |      0|  0|    8|           8|           8|
    |tmp55_fu_5693_p2                                          |    xor   |      0|  0|    8|           8|           8|
    |tmp56_fu_5706_p2                                          |    xor   |      0|  0|    8|           8|           8|
    |tmp57_fu_5843_p2                                          |    xor   |      0|  0|    8|           8|           8|
    |tmp58_fu_5849_p2                                          |    xor   |      0|  0|    8|           8|           8|
    |tmp59_fu_5862_p2                                          |    xor   |      0|  0|    8|           8|           8|
    |tmp5_fu_4329_p2                                           |    xor   |      0|  0|    8|           8|           8|
    |tmp60_fu_5868_p2                                          |    xor   |      0|  0|    8|           8|           8|
    |tmp61_fu_5881_p2                                          |    xor   |      0|  0|    8|           8|           8|
    |tmp62_fu_5887_p2                                          |    xor   |      0|  0|    8|           8|           8|
    |tmp63_fu_5900_p2                                          |    xor   |      0|  0|    8|           8|           8|
    |tmp64_fu_6037_p2                                          |    xor   |      0|  0|    8|           8|           8|
    |tmp65_fu_6043_p2                                          |    xor   |      0|  0|    8|           8|           8|
    |tmp66_fu_6056_p2                                          |    xor   |      0|  0|    8|           8|           8|
    |tmp67_fu_6062_p2                                          |    xor   |      0|  0|    8|           8|           8|
    |tmp68_fu_6075_p2                                          |    xor   |      0|  0|    8|           8|           8|
    |tmp69_fu_6081_p2                                          |    xor   |      0|  0|    8|           8|           8|
    |tmp6_fu_4335_p2                                           |    xor   |      0|  0|    8|           8|           8|
    |tmp70_fu_6094_p2                                          |    xor   |      0|  0|    8|           8|           8|
    |tmp71_fu_6231_p2                                          |    xor   |      0|  0|    8|           8|           8|
    |tmp72_fu_6237_p2                                          |    xor   |      0|  0|    8|           8|           8|
    |tmp73_fu_6250_p2                                          |    xor   |      0|  0|    8|           8|           8|
    |tmp74_fu_6256_p2                                          |    xor   |      0|  0|    8|           8|           8|
    |tmp75_fu_6269_p2                                          |    xor   |      0|  0|    8|           8|           8|
    |tmp76_fu_6275_p2                                          |    xor   |      0|  0|    8|           8|           8|
    |tmp77_fu_6288_p2                                          |    xor   |      0|  0|    8|           8|           8|
    |tmp78_fu_6425_p2                                          |    xor   |      0|  0|    8|           8|           8|
    |tmp79_fu_6431_p2                                          |    xor   |      0|  0|    8|           8|           8|
    |tmp7_fu_4348_p2                                           |    xor   |      0|  0|    8|           8|           8|
    |tmp80_fu_6444_p2                                          |    xor   |      0|  0|    8|           8|           8|
    |tmp81_fu_6450_p2                                          |    xor   |      0|  0|    8|           8|           8|
    |tmp82_fu_6463_p2                                          |    xor   |      0|  0|    8|           8|           8|
    |tmp83_fu_6469_p2                                          |    xor   |      0|  0|    8|           8|           8|
    |tmp84_fu_6482_p2                                          |    xor   |      0|  0|    8|           8|           8|
    |tmp85_fu_6619_p2                                          |    xor   |      0|  0|    8|           8|           8|
    |tmp86_fu_6625_p2                                          |    xor   |      0|  0|    8|           8|           8|
    |tmp87_fu_6638_p2                                          |    xor   |      0|  0|    8|           8|           8|
    |tmp88_fu_6644_p2                                          |    xor   |      0|  0|    8|           8|           8|
    |tmp89_fu_6657_p2                                          |    xor   |      0|  0|    8|           8|           8|
    |tmp8_fu_4485_p2                                           |    xor   |      0|  0|    8|           8|           8|
    |tmp90_fu_6663_p2                                          |    xor   |      0|  0|    8|           8|           8|
    |tmp91_fu_6676_p2                                          |    xor   |      0|  0|    8|           8|           8|
    |tmp92_fu_6813_p2                                          |    xor   |      0|  0|    8|           8|           8|
    |tmp93_fu_6819_p2                                          |    xor   |      0|  0|    8|           8|           8|
    |tmp94_fu_6832_p2                                          |    xor   |      0|  0|    8|           8|           8|
    |tmp95_fu_6838_p2                                          |    xor   |      0|  0|    8|           8|           8|
    |tmp96_fu_6851_p2                                          |    xor   |      0|  0|    8|           8|           8|
    |tmp97_fu_6857_p2                                          |    xor   |      0|  0|    8|           8|           8|
    |tmp98_fu_6870_p2                                          |    xor   |      0|  0|    8|           8|           8|
    |tmp99_fu_7007_p2                                          |    xor   |      0|  0|    8|           8|           8|
    |tmp9_fu_4491_p2                                           |    xor   |      0|  0|    8|           8|           8|
    |tmp_22_0_1_fu_4361_p2                                     |    xor   |      0|  0|    8|           8|           8|
    |tmp_22_0_2_fu_4555_p2                                     |    xor   |      0|  0|    8|           8|           8|
    |tmp_22_0_3_fu_4749_p2                                     |    xor   |      0|  0|    8|           8|           8|
    |tmp_22_1_1_fu_5137_p2                                     |    xor   |      0|  0|    8|           8|           8|
    |tmp_22_1_2_fu_5331_p2                                     |    xor   |      0|  0|    8|           8|           8|
    |tmp_22_1_3_fu_5525_p2                                     |    xor   |      0|  0|    8|           8|           8|
    |tmp_22_1_fu_4943_p2                                       |    xor   |      0|  0|    8|           8|           8|
    |tmp_22_2_1_fu_5913_p2                                     |    xor   |      0|  0|    8|           8|           8|
    |tmp_22_2_2_fu_6107_p2                                     |    xor   |      0|  0|    8|           8|           8|
    |tmp_22_2_3_fu_6301_p2                                     |    xor   |      0|  0|    8|           8|           8|
    |tmp_22_2_fu_5719_p2                                       |    xor   |      0|  0|    8|           8|           8|
    |tmp_22_3_1_fu_6689_p2                                     |    xor   |      0|  0|    8|           8|           8|
    |tmp_22_3_2_fu_6883_p2                                     |    xor   |      0|  0|    8|           8|           8|
    |tmp_22_3_3_fu_7077_p2                                     |    xor   |      0|  0|    8|           8|           8|
    |tmp_22_3_fu_6495_p2                                       |    xor   |      0|  0|    8|           8|           8|
    |tmp_s_fu_4167_p2                                          |    xor   |      0|  0|    8|           8|           8|
    +----------------------------------------------------------+----------+-------+---+-----+------------+------------+
    |Total                                                     |          |      0|  0| 2928|        2254|        2893|
    +----------------------------------------------------------+----------+-------+---+-----+------------+------------+

    * Multiplexer: 
    +---------------------------------------------------+----+-----------+-----+-----------+
    |                        Name                       | LUT| Input Size| Bits| Total Bits|
    +---------------------------------------------------+----+-----------+-----+-----------+
    |ap_NS_fsm                                          |  33|          6|    1|          6|
    |ap_enable_reg_pp0_iter1                            |  15|          3|    1|          3|
    |ap_return                                          |   9|          2|  512|       1024|
    |grp_shift_row_block_fu_2304_in_state_0_0_0_V_read  |  15|          3|    8|         24|
    |grp_shift_row_block_fu_2304_in_state_0_0_1_V_read  |  15|          3|    8|         24|
    |grp_shift_row_block_fu_2304_in_state_0_0_2_V_read  |  15|          3|    8|         24|
    |grp_shift_row_block_fu_2304_in_state_0_0_3_V_read  |  15|          3|    8|         24|
    |grp_shift_row_block_fu_2304_in_state_0_1_0_V_read  |  15|          3|    8|         24|
    |grp_shift_row_block_fu_2304_in_state_0_1_1_V_read  |  15|          3|    8|         24|
    |grp_shift_row_block_fu_2304_in_state_0_1_2_V_read  |  15|          3|    8|         24|
    |grp_shift_row_block_fu_2304_in_state_0_1_3_V_read  |  15|          3|    8|         24|
    |grp_shift_row_block_fu_2304_in_state_0_2_0_V_read  |  15|          3|    8|         24|
    |grp_shift_row_block_fu_2304_in_state_0_2_1_V_read  |  15|          3|    8|         24|
    |grp_shift_row_block_fu_2304_in_state_0_2_2_V_read  |  15|          3|    8|         24|
    |grp_shift_row_block_fu_2304_in_state_0_2_3_V_read  |  15|          3|    8|         24|
    |grp_shift_row_block_fu_2304_in_state_0_3_0_V_read  |  15|          3|    8|         24|
    |grp_shift_row_block_fu_2304_in_state_0_3_1_V_read  |  15|          3|    8|         24|
    |grp_shift_row_block_fu_2304_in_state_0_3_2_V_read  |  15|          3|    8|         24|
    |grp_shift_row_block_fu_2304_in_state_0_3_3_V_read  |  15|          3|    8|         24|
    |grp_shift_row_block_fu_2304_in_state_1_0_0_V_read  |  15|          3|    8|         24|
    |grp_shift_row_block_fu_2304_in_state_1_0_1_V_read  |  15|          3|    8|         24|
    |grp_shift_row_block_fu_2304_in_state_1_0_2_V_read  |  15|          3|    8|         24|
    |grp_shift_row_block_fu_2304_in_state_1_0_3_V_read  |  15|          3|    8|         24|
    |grp_shift_row_block_fu_2304_in_state_1_1_0_V_read  |  15|          3|    8|         24|
    |grp_shift_row_block_fu_2304_in_state_1_1_1_V_read  |  15|          3|    8|         24|
    |grp_shift_row_block_fu_2304_in_state_1_1_2_V_read  |  15|          3|    8|         24|
    |grp_shift_row_block_fu_2304_in_state_1_1_3_V_read  |  15|          3|    8|         24|
    |grp_shift_row_block_fu_2304_in_state_1_2_0_V_read  |  15|          3|    8|         24|
    |grp_shift_row_block_fu_2304_in_state_1_2_1_V_read  |  15|          3|    8|         24|
    |grp_shift_row_block_fu_2304_in_state_1_2_2_V_read  |  15|          3|    8|         24|
    |grp_shift_row_block_fu_2304_in_state_1_2_3_V_read  |  15|          3|    8|         24|
    |grp_shift_row_block_fu_2304_in_state_1_3_0_V_read  |  15|          3|    8|         24|
    |grp_shift_row_block_fu_2304_in_state_1_3_1_V_read  |  15|          3|    8|         24|
    |grp_shift_row_block_fu_2304_in_state_1_3_2_V_read  |  15|          3|    8|         24|
    |grp_shift_row_block_fu_2304_in_state_1_3_3_V_read  |  15|          3|    8|         24|
    |grp_shift_row_block_fu_2304_in_state_2_0_0_V_read  |  15|          3|    8|         24|
    |grp_shift_row_block_fu_2304_in_state_2_0_1_V_read  |  15|          3|    8|         24|
    |grp_shift_row_block_fu_2304_in_state_2_0_2_V_read  |  15|          3|    8|         24|
    |grp_shift_row_block_fu_2304_in_state_2_0_3_V_read  |  15|          3|    8|         24|
    |grp_shift_row_block_fu_2304_in_state_2_1_0_V_read  |  15|          3|    8|         24|
    |grp_shift_row_block_fu_2304_in_state_2_1_1_V_read  |  15|          3|    8|         24|
    |grp_shift_row_block_fu_2304_in_state_2_1_2_V_read  |  15|          3|    8|         24|
    |grp_shift_row_block_fu_2304_in_state_2_1_3_V_read  |  15|          3|    8|         24|
    |grp_shift_row_block_fu_2304_in_state_2_2_0_V_read  |  15|          3|    8|         24|
    |grp_shift_row_block_fu_2304_in_state_2_2_1_V_read  |  15|          3|    8|         24|
    |grp_shift_row_block_fu_2304_in_state_2_2_2_V_read  |  15|          3|    8|         24|
    |grp_shift_row_block_fu_2304_in_state_2_2_3_V_read  |  15|          3|    8|         24|
    |grp_shift_row_block_fu_2304_in_state_2_3_0_V_read  |  15|          3|    8|         24|
    |grp_shift_row_block_fu_2304_in_state_2_3_1_V_read  |  15|          3|    8|         24|
    |grp_shift_row_block_fu_2304_in_state_2_3_2_V_read  |  15|          3|    8|         24|
    |grp_shift_row_block_fu_2304_in_state_2_3_3_V_read  |  15|          3|    8|         24|
    |grp_shift_row_block_fu_2304_in_state_3_0_0_V_read  |  15|          3|    8|         24|
    |grp_shift_row_block_fu_2304_in_state_3_0_1_V_read  |  15|          3|    8|         24|
    |grp_shift_row_block_fu_2304_in_state_3_0_2_V_read  |  15|          3|    8|         24|
    |grp_shift_row_block_fu_2304_in_state_3_0_3_V_read  |  15|          3|    8|         24|
    |grp_shift_row_block_fu_2304_in_state_3_1_0_V_read  |  15|          3|    8|         24|
    |grp_shift_row_block_fu_2304_in_state_3_1_1_V_read  |  15|          3|    8|         24|
    |grp_shift_row_block_fu_2304_in_state_3_1_2_V_read  |  15|          3|    8|         24|
    |grp_shift_row_block_fu_2304_in_state_3_1_3_V_read  |  15|          3|    8|         24|
    |grp_shift_row_block_fu_2304_in_state_3_2_0_V_read  |  15|          3|    8|         24|
    |grp_shift_row_block_fu_2304_in_state_3_2_1_V_read  |  15|          3|    8|         24|
    |grp_shift_row_block_fu_2304_in_state_3_2_2_V_read  |  15|          3|    8|         24|
    |grp_shift_row_block_fu_2304_in_state_3_2_3_V_read  |  15|          3|    8|         24|
    |grp_shift_row_block_fu_2304_in_state_3_3_0_V_read  |  15|          3|    8|         24|
    |grp_shift_row_block_fu_2304_in_state_3_3_1_V_read  |  15|          3|    8|         24|
    |grp_shift_row_block_fu_2304_in_state_3_3_2_V_read  |  15|          3|    8|         24|
    |grp_shift_row_block_fu_2304_in_state_3_3_3_V_read  |  15|          3|    8|         24|
    |round_reg_1433                                     |   9|          2|    4|          8|
    |state_0_0_0_0_V1_reg_1423                          |   9|          2|    8|         16|
    |state_0_0_0_1_V1_reg_1413                          |   9|          2|    8|         16|
    |state_0_0_0_2_V1_reg_1403                          |   9|          2|    8|         16|
    |state_0_0_0_3_V1_reg_1393                          |   9|          2|    8|         16|
    |state_0_0_1_0_V1_reg_1383                          |   9|          2|    8|         16|
    |state_0_0_1_1_V1_reg_1373                          |   9|          2|    8|         16|
    |state_0_0_1_2_V1_reg_1363                          |   9|          2|    8|         16|
    |state_0_0_1_3_V1_reg_1353                          |   9|          2|    8|         16|
    |state_0_0_2_0_V1_reg_1343                          |   9|          2|    8|         16|
    |state_0_0_2_1_V1_reg_1333                          |   9|          2|    8|         16|
    |state_0_0_2_2_V1_reg_1323                          |   9|          2|    8|         16|
    |state_0_0_2_3_V1_reg_1313                          |   9|          2|    8|         16|
    |state_0_0_3_0_V1_reg_1303                          |   9|          2|    8|         16|
    |state_0_0_3_1_V1_reg_1293                          |   9|          2|    8|         16|
    |state_0_0_3_2_V1_reg_1283                          |   9|          2|    8|         16|
    |state_0_0_3_3_V1_reg_1273                          |   9|          2|    8|         16|
    |state_0_1_0_0_V1_reg_1263                          |   9|          2|    8|         16|
    |state_0_1_0_1_V1_reg_1253                          |   9|          2|    8|         16|
    |state_0_1_0_2_V1_reg_1243                          |   9|          2|    8|         16|
    |state_0_1_0_3_V1_reg_1233                          |   9|          2|    8|         16|
    |state_0_1_1_0_V1_reg_1223                          |   9|          2|    8|         16|
    |state_0_1_1_1_V1_reg_1213                          |   9|          2|    8|         16|
    |state_0_1_1_2_V1_reg_1203                          |   9|          2|    8|         16|
    |state_0_1_1_3_V1_reg_1193                          |   9|          2|    8|         16|
    |state_0_1_2_0_V1_reg_1183                          |   9|          2|    8|         16|
    |state_0_1_2_1_V1_reg_1173                          |   9|          2|    8|         16|
    |state_0_1_2_2_V1_reg_1163                          |   9|          2|    8|         16|
    |state_0_1_2_3_V1_reg_1153                          |   9|          2|    8|         16|
    |state_0_1_3_0_V1_reg_1143                          |   9|          2|    8|         16|
    |state_0_1_3_1_V1_reg_1133                          |   9|          2|    8|         16|
    |state_0_1_3_2_V1_reg_1123                          |   9|          2|    8|         16|
    |state_0_1_3_3_V1_reg_1113                          |   9|          2|    8|         16|
    |state_0_2_0_0_V1_reg_1103                          |   9|          2|    8|         16|
    |state_0_2_0_1_V1_reg_1093                          |   9|          2|    8|         16|
    |state_0_2_0_2_V1_reg_1083                          |   9|          2|    8|         16|
    |state_0_2_0_3_V1_reg_1073                          |   9|          2|    8|         16|
    |state_0_2_1_0_V1_reg_1063                          |   9|          2|    8|         16|
    |state_0_2_1_1_V1_reg_1053                          |   9|          2|    8|         16|
    |state_0_2_1_2_V1_reg_1043                          |   9|          2|    8|         16|
    |state_0_2_1_3_V1_reg_1033                          |   9|          2|    8|         16|
    |state_0_2_2_0_V1_reg_1023                          |   9|          2|    8|         16|
    |state_0_2_2_1_V1_reg_1013                          |   9|          2|    8|         16|
    |state_0_2_2_2_V1_reg_1003                          |   9|          2|    8|         16|
    |state_0_2_2_3_V1_reg_993                           |   9|          2|    8|         16|
    |state_0_2_3_0_V1_reg_983                           |   9|          2|    8|         16|
    |state_0_2_3_1_V1_reg_973                           |   9|          2|    8|         16|
    |state_0_2_3_2_V1_reg_963                           |   9|          2|    8|         16|
    |state_0_2_3_3_V1_reg_953                           |   9|          2|    8|         16|
    |state_0_3_0_0_V1_reg_943                           |   9|          2|    8|         16|
    |state_0_3_0_1_V1_reg_933                           |   9|          2|    8|         16|
    |state_0_3_0_2_V1_reg_923                           |   9|          2|    8|         16|
    |state_0_3_0_3_V1_reg_913                           |   9|          2|    8|         16|
    |state_0_3_1_0_V1_reg_903                           |   9|          2|    8|         16|
    |state_0_3_1_1_V1_reg_893                           |   9|          2|    8|         16|
    |state_0_3_1_2_V1_reg_883                           |   9|          2|    8|         16|
    |state_0_3_1_3_V1_reg_873                           |   9|          2|    8|         16|
    |state_0_3_2_0_V1_reg_863                           |   9|          2|    8|         16|
    |state_0_3_2_1_V1_reg_853                           |   9|          2|    8|         16|
    |state_0_3_2_2_V1_reg_843                           |   9|          2|    8|         16|
    |state_0_3_2_3_V1_reg_833                           |   9|          2|    8|         16|
    |state_0_3_3_0_V1_reg_823                           |   9|          2|    8|         16|
    |state_0_3_3_1_V1_reg_813                           |   9|          2|    8|         16|
    |state_0_3_3_2_V1_reg_803                           |   9|          2|    8|         16|
    |state_0_3_3_3_V1_reg_793                           |   9|          2|    8|         16|
    |state_1_0_0_0_V1_reg_783                           |   9|          2|    8|         16|
    |state_1_0_0_1_V1_reg_773                           |   9|          2|    8|         16|
    |state_1_0_0_2_V1_reg_763                           |   9|          2|    8|         16|
    |state_1_0_0_3_V1_reg_753                           |   9|          2|    8|         16|
    |state_1_0_1_0_V1_reg_743                           |   9|          2|    8|         16|
    |state_1_0_1_1_V1_reg_733                           |   9|          2|    8|         16|
    |state_1_0_1_2_V1_reg_723                           |   9|          2|    8|         16|
    |state_1_0_1_3_V1_reg_713                           |   9|          2|    8|         16|
    |state_1_0_2_0_V1_reg_703                           |   9|          2|    8|         16|
    |state_1_0_2_1_V1_reg_693                           |   9|          2|    8|         16|
    |state_1_0_2_2_V1_reg_683                           |   9|          2|    8|         16|
    |state_1_0_2_3_V1_reg_673                           |   9|          2|    8|         16|
    |state_1_0_3_0_V1_reg_663                           |   9|          2|    8|         16|
    |state_1_0_3_1_V1_reg_653                           |   9|          2|    8|         16|
    |state_1_0_3_2_V1_reg_643                           |   9|          2|    8|         16|
    |state_1_0_3_3_V1_reg_633                           |   9|          2|    8|         16|
    |state_1_1_0_0_V1_reg_623                           |   9|          2|    8|         16|
    |state_1_1_0_1_V1_reg_613                           |   9|          2|    8|         16|
    |state_1_1_0_2_V1_reg_603                           |   9|          2|    8|         16|
    |state_1_1_0_3_V1_reg_593                           |   9|          2|    8|         16|
    |state_1_1_1_0_V1_reg_583                           |   9|          2|    8|         16|
    |state_1_1_1_1_V1_reg_573                           |   9|          2|    8|         16|
    |state_1_1_1_2_V1_reg_563                           |   9|          2|    8|         16|
    |state_1_1_1_3_V1_reg_553                           |   9|          2|    8|         16|
    |state_1_1_2_0_V1_reg_543                           |   9|          2|    8|         16|
    |state_1_1_2_1_V1_reg_533                           |   9|          2|    8|         16|
    |state_1_1_2_2_V1_reg_523                           |   9|          2|    8|         16|
    |state_1_1_2_3_V1_reg_513                           |   9|          2|    8|         16|
    |state_1_1_3_0_V1_reg_503                           |   9|          2|    8|         16|
    |state_1_1_3_1_V1_reg_493                           |   9|          2|    8|         16|
    |state_1_1_3_2_V1_reg_483                           |   9|          2|    8|         16|
    |state_1_1_3_3_V1_reg_473                           |   9|          2|    8|         16|
    |state_1_2_0_0_V1_reg_463                           |   9|          2|    8|         16|
    |state_1_2_0_1_V1_reg_453                           |   9|          2|    8|         16|
    |state_1_2_0_2_V1_reg_443                           |   9|          2|    8|         16|
    |state_1_2_0_3_V1_reg_433                           |   9|          2|    8|         16|
    |state_1_2_1_0_V1_reg_423                           |   9|          2|    8|         16|
    |state_1_2_1_1_V1_reg_413                           |   9|          2|    8|         16|
    |state_1_2_1_2_V1_reg_403                           |   9|          2|    8|         16|
    |state_1_2_1_3_V1_reg_393                           |   9|          2|    8|         16|
    |state_1_2_2_0_V1_reg_383                           |   9|          2|    8|         16|
    |state_1_2_2_1_V1_reg_373                           |   9|          2|    8|         16|
    |state_1_2_2_2_V1_reg_363                           |   9|          2|    8|         16|
    |state_1_2_2_3_V1_reg_353                           |   9|          2|    8|         16|
    |state_1_2_3_0_V1_reg_343                           |   9|          2|    8|         16|
    |state_1_2_3_1_V1_reg_333                           |   9|          2|    8|         16|
    |state_1_2_3_2_V1_reg_323                           |   9|          2|    8|         16|
    |state_1_2_3_3_V1_reg_313                           |   9|          2|    8|         16|
    |state_1_3_0_0_V1_reg_303                           |   9|          2|    8|         16|
    |state_1_3_0_1_V1_reg_293                           |   9|          2|    8|         16|
    |state_1_3_0_2_V1_reg_283                           |   9|          2|    8|         16|
    |state_1_3_0_3_V1_reg_273                           |   9|          2|    8|         16|
    |state_1_3_1_0_V1_reg_263                           |   9|          2|    8|         16|
    |state_1_3_1_1_V1_reg_253                           |   9|          2|    8|         16|
    |state_1_3_1_2_V1_reg_243                           |   9|          2|    8|         16|
    |state_1_3_1_3_V1_reg_233                           |   9|          2|    8|         16|
    |state_1_3_2_0_V1_reg_223                           |   9|          2|    8|         16|
    |state_1_3_2_1_V1_reg_213                           |   9|          2|    8|         16|
    |state_1_3_2_2_V1_reg_203                           |   9|          2|    8|         16|
    |state_1_3_2_3_V1_reg_193                           |   9|          2|    8|         16|
    |state_1_3_3_0_V1_reg_183                           |   9|          2|    8|         16|
    |state_1_3_3_1_V1_reg_173                           |   9|          2|    8|         16|
    |state_1_3_3_2_V1_reg_163                           |   9|          2|    8|         16|
    |state_1_3_3_3_V1_reg_153                           |   9|          2|    8|         16|
    |sub_key_V_address0                                 |  21|          4|    4|         16|
    +---------------------------------------------------+----+-----------+-----+-----------+
    |Total                                              |2199|        465| 2058|       4641|
    +---------------------------------------------------+----+-----------+-----+-----------+

    * Register: 
    +------------------------------+-----+----+-----+-----------+
    |             Name             |  FF | LUT| Bits| Const Bits|
    +------------------------------+-----+----+-----+-----------+
    |ap_CS_fsm                     |    5|   0|    5|          0|
    |ap_enable_reg_pp0_iter0       |    1|   0|    1|          0|
    |ap_enable_reg_pp0_iter1       |    1|   0|    1|          0|
    |ap_return_preg                |  512|   0|  512|          0|
    |exitcond3_reg_9073            |    1|   0|    1|          0|
    |round_reg_1433                |    4|   0|    4|          0|
    |state_0_0_0_0_V1_reg_1423     |    8|   0|    8|          0|
    |state_0_0_0_1_V1_reg_1413     |    8|   0|    8|          0|
    |state_0_0_0_2_V1_reg_1403     |    8|   0|    8|          0|
    |state_0_0_0_3_V1_reg_1393     |    8|   0|    8|          0|
    |state_0_0_1_0_V1_reg_1383     |    8|   0|    8|          0|
    |state_0_0_1_1_V1_reg_1373     |    8|   0|    8|          0|
    |state_0_0_1_2_V1_reg_1363     |    8|   0|    8|          0|
    |state_0_0_1_3_V1_reg_1353     |    8|   0|    8|          0|
    |state_0_0_2_0_V1_reg_1343     |    8|   0|    8|          0|
    |state_0_0_2_1_V1_reg_1333     |    8|   0|    8|          0|
    |state_0_0_2_2_V1_reg_1323     |    8|   0|    8|          0|
    |state_0_0_2_3_V1_reg_1313     |    8|   0|    8|          0|
    |state_0_0_3_0_V1_reg_1303     |    8|   0|    8|          0|
    |state_0_0_3_1_V1_reg_1293     |    8|   0|    8|          0|
    |state_0_0_3_2_V1_reg_1283     |    8|   0|    8|          0|
    |state_0_0_3_3_V1_reg_1273     |    8|   0|    8|          0|
    |state_0_1_0_0_V1_reg_1263     |    8|   0|    8|          0|
    |state_0_1_0_1_V1_reg_1253     |    8|   0|    8|          0|
    |state_0_1_0_2_V1_reg_1243     |    8|   0|    8|          0|
    |state_0_1_0_3_V1_reg_1233     |    8|   0|    8|          0|
    |state_0_1_1_0_V1_reg_1223     |    8|   0|    8|          0|
    |state_0_1_1_1_V1_reg_1213     |    8|   0|    8|          0|
    |state_0_1_1_2_V1_reg_1203     |    8|   0|    8|          0|
    |state_0_1_1_3_V1_reg_1193     |    8|   0|    8|          0|
    |state_0_1_2_0_V1_reg_1183     |    8|   0|    8|          0|
    |state_0_1_2_1_V1_reg_1173     |    8|   0|    8|          0|
    |state_0_1_2_2_V1_reg_1163     |    8|   0|    8|          0|
    |state_0_1_2_3_V1_reg_1153     |    8|   0|    8|          0|
    |state_0_1_3_0_V1_reg_1143     |    8|   0|    8|          0|
    |state_0_1_3_1_V1_reg_1133     |    8|   0|    8|          0|
    |state_0_1_3_2_V1_reg_1123     |    8|   0|    8|          0|
    |state_0_1_3_3_V1_reg_1113     |    8|   0|    8|          0|
    |state_0_2_0_0_V1_reg_1103     |    8|   0|    8|          0|
    |state_0_2_0_1_V1_reg_1093     |    8|   0|    8|          0|
    |state_0_2_0_2_V1_reg_1083     |    8|   0|    8|          0|
    |state_0_2_0_3_V1_reg_1073     |    8|   0|    8|          0|
    |state_0_2_1_0_V1_reg_1063     |    8|   0|    8|          0|
    |state_0_2_1_1_V1_reg_1053     |    8|   0|    8|          0|
    |state_0_2_1_2_V1_reg_1043     |    8|   0|    8|          0|
    |state_0_2_1_3_V1_reg_1033     |    8|   0|    8|          0|
    |state_0_2_2_0_V1_reg_1023     |    8|   0|    8|          0|
    |state_0_2_2_1_V1_reg_1013     |    8|   0|    8|          0|
    |state_0_2_2_2_V1_reg_1003     |    8|   0|    8|          0|
    |state_0_2_2_3_V1_reg_993      |    8|   0|    8|          0|
    |state_0_2_3_0_V1_reg_983      |    8|   0|    8|          0|
    |state_0_2_3_1_V1_reg_973      |    8|   0|    8|          0|
    |state_0_2_3_2_V1_reg_963      |    8|   0|    8|          0|
    |state_0_2_3_3_V1_reg_953      |    8|   0|    8|          0|
    |state_0_3_0_0_V1_reg_943      |    8|   0|    8|          0|
    |state_0_3_0_1_V1_reg_933      |    8|   0|    8|          0|
    |state_0_3_0_2_V1_reg_923      |    8|   0|    8|          0|
    |state_0_3_0_3_V1_reg_913      |    8|   0|    8|          0|
    |state_0_3_1_0_V1_reg_903      |    8|   0|    8|          0|
    |state_0_3_1_1_V1_reg_893      |    8|   0|    8|          0|
    |state_0_3_1_2_V1_reg_883      |    8|   0|    8|          0|
    |state_0_3_1_3_V1_reg_873      |    8|   0|    8|          0|
    |state_0_3_2_0_V1_reg_863      |    8|   0|    8|          0|
    |state_0_3_2_1_V1_reg_853      |    8|   0|    8|          0|
    |state_0_3_2_2_V1_reg_843      |    8|   0|    8|          0|
    |state_0_3_2_3_V1_reg_833      |    8|   0|    8|          0|
    |state_0_3_3_0_V1_reg_823      |    8|   0|    8|          0|
    |state_0_3_3_1_V1_reg_813      |    8|   0|    8|          0|
    |state_0_3_3_2_V1_reg_803      |    8|   0|    8|          0|
    |state_0_3_3_3_V1_reg_793      |    8|   0|    8|          0|
    |state_1_0_0_0_V1_reg_783      |    8|   0|    8|          0|
    |state_1_0_0_1_V1_reg_773      |    8|   0|    8|          0|
    |state_1_0_0_2_V1_reg_763      |    8|   0|    8|          0|
    |state_1_0_0_3_V1_reg_753      |    8|   0|    8|          0|
    |state_1_0_1_0_V1_reg_743      |    8|   0|    8|          0|
    |state_1_0_1_1_V1_reg_733      |    8|   0|    8|          0|
    |state_1_0_1_2_V1_reg_723      |    8|   0|    8|          0|
    |state_1_0_1_3_V1_reg_713      |    8|   0|    8|          0|
    |state_1_0_2_0_V1_reg_703      |    8|   0|    8|          0|
    |state_1_0_2_1_V1_reg_693      |    8|   0|    8|          0|
    |state_1_0_2_2_V1_reg_683      |    8|   0|    8|          0|
    |state_1_0_2_3_V1_reg_673      |    8|   0|    8|          0|
    |state_1_0_3_0_V1_reg_663      |    8|   0|    8|          0|
    |state_1_0_3_1_V1_reg_653      |    8|   0|    8|          0|
    |state_1_0_3_2_V1_reg_643      |    8|   0|    8|          0|
    |state_1_0_3_3_V1_reg_633      |    8|   0|    8|          0|
    |state_1_1_0_0_V1_reg_623      |    8|   0|    8|          0|
    |state_1_1_0_1_V1_reg_613      |    8|   0|    8|          0|
    |state_1_1_0_2_V1_reg_603      |    8|   0|    8|          0|
    |state_1_1_0_3_V1_reg_593      |    8|   0|    8|          0|
    |state_1_1_1_0_V1_reg_583      |    8|   0|    8|          0|
    |state_1_1_1_1_V1_reg_573      |    8|   0|    8|          0|
    |state_1_1_1_2_V1_reg_563      |    8|   0|    8|          0|
    |state_1_1_1_3_V1_reg_553      |    8|   0|    8|          0|
    |state_1_1_2_0_V1_reg_543      |    8|   0|    8|          0|
    |state_1_1_2_1_V1_reg_533      |    8|   0|    8|          0|
    |state_1_1_2_2_V1_reg_523      |    8|   0|    8|          0|
    |state_1_1_2_3_V1_reg_513      |    8|   0|    8|          0|
    |state_1_1_3_0_V1_reg_503      |    8|   0|    8|          0|
    |state_1_1_3_1_V1_reg_493      |    8|   0|    8|          0|
    |state_1_1_3_2_V1_reg_483      |    8|   0|    8|          0|
    |state_1_1_3_3_V1_reg_473      |    8|   0|    8|          0|
    |state_1_2_0_0_V1_reg_463      |    8|   0|    8|          0|
    |state_1_2_0_1_V1_reg_453      |    8|   0|    8|          0|
    |state_1_2_0_2_V1_reg_443      |    8|   0|    8|          0|
    |state_1_2_0_3_V1_reg_433      |    8|   0|    8|          0|
    |state_1_2_1_0_V1_reg_423      |    8|   0|    8|          0|
    |state_1_2_1_1_V1_reg_413      |    8|   0|    8|          0|
    |state_1_2_1_2_V1_reg_403      |    8|   0|    8|          0|
    |state_1_2_1_3_V1_reg_393      |    8|   0|    8|          0|
    |state_1_2_2_0_V1_reg_383      |    8|   0|    8|          0|
    |state_1_2_2_1_V1_reg_373      |    8|   0|    8|          0|
    |state_1_2_2_2_V1_reg_363      |    8|   0|    8|          0|
    |state_1_2_2_3_V1_reg_353      |    8|   0|    8|          0|
    |state_1_2_3_0_V1_reg_343      |    8|   0|    8|          0|
    |state_1_2_3_1_V1_reg_333      |    8|   0|    8|          0|
    |state_1_2_3_2_V1_reg_323      |    8|   0|    8|          0|
    |state_1_2_3_3_V1_reg_313      |    8|   0|    8|          0|
    |state_1_3_0_0_V1_reg_303      |    8|   0|    8|          0|
    |state_1_3_0_1_V1_reg_293      |    8|   0|    8|          0|
    |state_1_3_0_2_V1_reg_283      |    8|   0|    8|          0|
    |state_1_3_0_3_V1_reg_273      |    8|   0|    8|          0|
    |state_1_3_1_0_V1_reg_263      |    8|   0|    8|          0|
    |state_1_3_1_1_V1_reg_253      |    8|   0|    8|          0|
    |state_1_3_1_2_V1_reg_243      |    8|   0|    8|          0|
    |state_1_3_1_3_V1_reg_233      |    8|   0|    8|          0|
    |state_1_3_2_0_V1_reg_223      |    8|   0|    8|          0|
    |state_1_3_2_1_V1_reg_213      |    8|   0|    8|          0|
    |state_1_3_2_2_V1_reg_203      |    8|   0|    8|          0|
    |state_1_3_2_3_V1_reg_193      |    8|   0|    8|          0|
    |state_1_3_3_0_V1_reg_183      |    8|   0|    8|          0|
    |state_1_3_3_1_V1_reg_173      |    8|   0|    8|          0|
    |state_1_3_3_2_V1_reg_163      |    8|   0|    8|          0|
    |state_1_3_3_3_V1_reg_153      |    8|   0|    8|          0|
    |tempState0_0_0_0_1_reg_9733   |    8|   0|    8|          0|
    |tempState0_0_0_1_1_reg_9738   |    8|   0|    8|          0|
    |tempState0_0_0_2_1_reg_9743   |    8|   0|    8|          0|
    |tempState0_0_0_3_1_reg_9748   |    8|   0|    8|          0|
    |tempState0_0_1_0_1_reg_9753   |    8|   0|    8|          0|
    |tempState0_0_1_1_1_reg_9758   |    8|   0|    8|          0|
    |tempState0_0_1_2_1_reg_9763   |    8|   0|    8|          0|
    |tempState0_0_1_3_1_reg_9768   |    8|   0|    8|          0|
    |tempState0_0_2_0_1_reg_9773   |    8|   0|    8|          0|
    |tempState0_0_2_1_1_reg_9778   |    8|   0|    8|          0|
    |tempState0_0_2_2_1_reg_9783   |    8|   0|    8|          0|
    |tempState0_0_2_3_1_reg_9788   |    8|   0|    8|          0|
    |tempState0_0_3_0_1_reg_9793   |    8|   0|    8|          0|
    |tempState0_0_3_1_1_reg_9798   |    8|   0|    8|          0|
    |tempState0_0_3_2_1_reg_9803   |    8|   0|    8|          0|
    |tempState0_0_3_3_1_reg_9808   |    8|   0|    8|          0|
    |tempState0_1_0_0_1_reg_9813   |    8|   0|    8|          0|
    |tempState0_1_0_1_1_reg_9818   |    8|   0|    8|          0|
    |tempState0_1_0_2_1_reg_9823   |    8|   0|    8|          0|
    |tempState0_1_0_3_1_reg_9828   |    8|   0|    8|          0|
    |tempState0_1_1_0_1_reg_9833   |    8|   0|    8|          0|
    |tempState0_1_1_1_1_reg_9838   |    8|   0|    8|          0|
    |tempState0_1_1_2_1_reg_9843   |    8|   0|    8|          0|
    |tempState0_1_1_3_1_reg_9848   |    8|   0|    8|          0|
    |tempState0_1_2_0_1_reg_9853   |    8|   0|    8|          0|
    |tempState0_1_2_1_1_reg_9858   |    8|   0|    8|          0|
    |tempState0_1_2_2_1_reg_9863   |    8|   0|    8|          0|
    |tempState0_1_2_3_1_reg_9868   |    8|   0|    8|          0|
    |tempState0_1_3_0_1_reg_9873   |    8|   0|    8|          0|
    |tempState0_1_3_1_1_reg_9878   |    8|   0|    8|          0|
    |tempState0_1_3_2_1_reg_9883   |    8|   0|    8|          0|
    |tempState0_1_3_3_1_reg_9888   |    8|   0|    8|          0|
    |tempState0_2_0_0_1_reg_9893   |    8|   0|    8|          0|
    |tempState0_2_0_1_1_reg_9898   |    8|   0|    8|          0|
    |tempState0_2_0_2_1_reg_9903   |    8|   0|    8|          0|
    |tempState0_2_0_3_1_reg_9908   |    8|   0|    8|          0|
    |tempState0_2_1_0_1_reg_9913   |    8|   0|    8|          0|
    |tempState0_2_1_1_1_reg_9918   |    8|   0|    8|          0|
    |tempState0_2_1_2_1_reg_9923   |    8|   0|    8|          0|
    |tempState0_2_1_3_1_reg_9928   |    8|   0|    8|          0|
    |tempState0_2_2_0_1_reg_9933   |    8|   0|    8|          0|
    |tempState0_2_2_1_1_reg_9938   |    8|   0|    8|          0|
    |tempState0_2_2_2_1_reg_9943   |    8|   0|    8|          0|
    |tempState0_2_2_3_1_reg_9948   |    8|   0|    8|          0|
    |tempState0_2_3_0_1_reg_9953   |    8|   0|    8|          0|
    |tempState0_2_3_1_1_reg_9958   |    8|   0|    8|          0|
    |tempState0_2_3_2_1_reg_9963   |    8|   0|    8|          0|
    |tempState0_2_3_3_1_reg_9968   |    8|   0|    8|          0|
    |tempState0_3_0_0_1_reg_9973   |    8|   0|    8|          0|
    |tempState0_3_0_1_1_reg_9978   |    8|   0|    8|          0|
    |tempState0_3_0_2_1_reg_9983   |    8|   0|    8|          0|
    |tempState0_3_0_3_1_reg_9988   |    8|   0|    8|          0|
    |tempState0_3_1_0_1_reg_9993   |    8|   0|    8|          0|
    |tempState0_3_1_1_1_reg_9998   |    8|   0|    8|          0|
    |tempState0_3_1_2_1_reg_10003  |    8|   0|    8|          0|
    |tempState0_3_1_3_1_reg_10008  |    8|   0|    8|          0|
    |tempState0_3_2_0_1_reg_10013  |    8|   0|    8|          0|
    |tempState0_3_2_1_1_reg_10018  |    8|   0|    8|          0|
    |tempState0_3_2_2_1_reg_10023  |    8|   0|    8|          0|
    |tempState0_3_2_3_1_reg_10028  |    8|   0|    8|          0|
    |tempState0_3_3_0_1_reg_10033  |    8|   0|    8|          0|
    |tempState0_3_3_1_1_reg_10038  |    8|   0|    8|          0|
    |tempState0_3_3_2_1_reg_10043  |    8|   0|    8|          0|
    |tempState0_3_3_3_1_reg_10048  |    8|   0|    8|          0|
    |tmp_6_reg_9077                |    1|   0|    1|          0|
    +------------------------------+-----+----+-----+-----------+
    |Total                         | 2061|   0| 2061|          0|
    +------------------------------+-----+----+-----+-----------+



================================================================
== Interface
================================================================
* Summary: 
+--------------------+-----+-----+------------+--------------+--------------+
|      RTL Ports     | Dir | Bits|  Protocol  | Source Object|    C Type    |
+--------------------+-----+-----+------------+--------------+--------------+
|ap_clk              |  in |    1| ap_ctrl_hs |  proc_block  | return value |
|ap_rst              |  in |    1| ap_ctrl_hs |  proc_block  | return value |
|ap_start            |  in |    1| ap_ctrl_hs |  proc_block  | return value |
|ap_done             | out |    1| ap_ctrl_hs |  proc_block  | return value |
|ap_idle             | out |    1| ap_ctrl_hs |  proc_block  | return value |
|ap_ready            | out |    1| ap_ctrl_hs |  proc_block  | return value |
|ap_return           | out |  512| ap_ctrl_hs |  proc_block  | return value |
|in_V                |  in |  128|   ap_none  |     in_V     |    scalar    |
|sub_key_V_address0  | out |    4|  ap_memory |   sub_key_V  |     array    |
|sub_key_V_ce0       | out |    1|  ap_memory |   sub_key_V  |     array    |
|sub_key_V_q0        |  in |  128|  ap_memory |   sub_key_V  |     array    |
+--------------------+-----+-----+------------+--------------+--------------+

