

================================================================
== Vivado HLS Report for 'shift_row_block'
================================================================
* Date:           Tue Apr 23 18:05:01 2019

* Version:        2018.3 (Build 2405991 on Thu Dec 06 23:56:15 MST 2018)
* Project:        CTREncryption
* Solution:       solution1
* Product family: zynquplus
* Target device:  xczu7ev-ffvc1156-2-e


================================================================
== Performance Estimates
================================================================
+ Timing (ns): 
    * Summary: 
    +--------+-------+----------+------------+
    |  Clock | Target| Estimated| Uncertainty|
    +--------+-------+----------+------------+
    |ap_clk  |   5.00|     0.000|        0.62|
    +--------+-------+----------+------------+

+ Latency (clock cycles): 
    * Summary: 
    +-----+-----+-----+-----+----------+
    |  Latency  |  Interval | Pipeline |
    | min | max | min | max |   Type   |
    +-----+-----+-----+-----+----------+
    |    0|    0|    1|    1| function |
    +-----+-----+-----+-----+----------+

    + Detail: 
        * Instance: 
        N/A

        * Loop: 
        N/A



================================================================
== Utilization Estimates
================================================================
* Summary: 
+-----------------+---------+-------+--------+--------+-----+
|       Name      | BRAM_18K| DSP48E|   FF   |   LUT  | URAM|
+-----------------+---------+-------+--------+--------+-----+
|DSP              |        -|      -|       -|       -|    -|
|Expression       |        -|      -|       -|       -|    -|
|FIFO             |        -|      -|       -|       -|    -|
|Instance         |        -|      -|       -|       -|    -|
|Memory           |        -|      -|       -|       -|    -|
|Multiplexer      |        -|      -|       -|       -|    -|
|Register         |        -|      -|       -|       -|    -|
+-----------------+---------+-------+--------+--------+-----+
|Total            |        0|      0|       0|       0|    0|
+-----------------+---------+-------+--------+--------+-----+
|Available        |      624|   1728|  460800|  230400|   96|
+-----------------+---------+-------+--------+--------+-----+
|Utilization (%)  |        0|      0|       0|       0|    0|
+-----------------+---------+-------+--------+--------+-----+

+ Detail: 
    * Instance: 
    N/A

    * DSP48: 
    N/A

    * Memory: 
    N/A

    * FIFO: 
    N/A

    * Expression: 
    N/A

    * Multiplexer: 
    N/A

    * Register: 
    N/A



================================================================
== Interface
================================================================
* Summary: 
+-----------------------+-----+-----+------------+-----------------------+--------------+
|       RTL Ports       | Dir | Bits|  Protocol  |     Source Object     |    C Type    |
+-----------------------+-----+-----+------------+-----------------------+--------------+
|ap_ready               | out |    1| ap_ctrl_hs |    shift_row_block    | return value |
|ap_return_0            | out |    8| ap_ctrl_hs |    shift_row_block    | return value |
|ap_return_1            | out |    8| ap_ctrl_hs |    shift_row_block    | return value |
|ap_return_2            | out |    8| ap_ctrl_hs |    shift_row_block    | return value |
|ap_return_3            | out |    8| ap_ctrl_hs |    shift_row_block    | return value |
|ap_return_4            | out |    8| ap_ctrl_hs |    shift_row_block    | return value |
|ap_return_5            | out |    8| ap_ctrl_hs |    shift_row_block    | return value |
|ap_return_6            | out |    8| ap_ctrl_hs |    shift_row_block    | return value |
|ap_return_7            | out |    8| ap_ctrl_hs |    shift_row_block    | return value |
|ap_return_8            | out |    8| ap_ctrl_hs |    shift_row_block    | return value |
|ap_return_9            | out |    8| ap_ctrl_hs |    shift_row_block    | return value |
|ap_return_10           | out |    8| ap_ctrl_hs |    shift_row_block    | return value |
|ap_return_11           | out |    8| ap_ctrl_hs |    shift_row_block    | return value |
|ap_return_12           | out |    8| ap_ctrl_hs |    shift_row_block    | return value |
|ap_return_13           | out |    8| ap_ctrl_hs |    shift_row_block    | return value |
|ap_return_14           | out |    8| ap_ctrl_hs |    shift_row_block    | return value |
|ap_return_15           | out |    8| ap_ctrl_hs |    shift_row_block    | return value |
|ap_return_16           | out |    8| ap_ctrl_hs |    shift_row_block    | return value |
|ap_return_17           | out |    8| ap_ctrl_hs |    shift_row_block    | return value |
|ap_return_18           | out |    8| ap_ctrl_hs |    shift_row_block    | return value |
|ap_return_19           | out |    8| ap_ctrl_hs |    shift_row_block    | return value |
|ap_return_20           | out |    8| ap_ctrl_hs |    shift_row_block    | return value |
|ap_return_21           | out |    8| ap_ctrl_hs |    shift_row_block    | return value |
|ap_return_22           | out |    8| ap_ctrl_hs |    shift_row_block    | return value |
|ap_return_23           | out |    8| ap_ctrl_hs |    shift_row_block    | return value |
|ap_return_24           | out |    8| ap_ctrl_hs |    shift_row_block    | return value |
|ap_return_25           | out |    8| ap_ctrl_hs |    shift_row_block    | return value |
|ap_return_26           | out |    8| ap_ctrl_hs |    shift_row_block    | return value |
|ap_return_27           | out |    8| ap_ctrl_hs |    shift_row_block    | return value |
|ap_return_28           | out |    8| ap_ctrl_hs |    shift_row_block    | return value |
|ap_return_29           | out |    8| ap_ctrl_hs |    shift_row_block    | return value |
|ap_return_30           | out |    8| ap_ctrl_hs |    shift_row_block    | return value |
|ap_return_31           | out |    8| ap_ctrl_hs |    shift_row_block    | return value |
|ap_return_32           | out |    8| ap_ctrl_hs |    shift_row_block    | return value |
|ap_return_33           | out |    8| ap_ctrl_hs |    shift_row_block    | return value |
|ap_return_34           | out |    8| ap_ctrl_hs |    shift_row_block    | return value |
|ap_return_35           | out |    8| ap_ctrl_hs |    shift_row_block    | return value |
|ap_return_36           | out |    8| ap_ctrl_hs |    shift_row_block    | return value |
|ap_return_37           | out |    8| ap_ctrl_hs |    shift_row_block    | return value |
|ap_return_38           | out |    8| ap_ctrl_hs |    shift_row_block    | return value |
|ap_return_39           | out |    8| ap_ctrl_hs |    shift_row_block    | return value |
|ap_return_40           | out |    8| ap_ctrl_hs |    shift_row_block    | return value |
|ap_return_41           | out |    8| ap_ctrl_hs |    shift_row_block    | return value |
|ap_return_42           | out |    8| ap_ctrl_hs |    shift_row_block    | return value |
|ap_return_43           | out |    8| ap_ctrl_hs |    shift_row_block    | return value |
|ap_return_44           | out |    8| ap_ctrl_hs |    shift_row_block    | return value |
|ap_return_45           | out |    8| ap_ctrl_hs |    shift_row_block    | return value |
|ap_return_46           | out |    8| ap_ctrl_hs |    shift_row_block    | return value |
|ap_return_47           | out |    8| ap_ctrl_hs |    shift_row_block    | return value |
|ap_return_48           | out |    8| ap_ctrl_hs |    shift_row_block    | return value |
|ap_return_49           | out |    8| ap_ctrl_hs |    shift_row_block    | return value |
|ap_return_50           | out |    8| ap_ctrl_hs |    shift_row_block    | return value |
|ap_return_51           | out |    8| ap_ctrl_hs |    shift_row_block    | return value |
|ap_return_52           | out |    8| ap_ctrl_hs |    shift_row_block    | return value |
|ap_return_53           | out |    8| ap_ctrl_hs |    shift_row_block    | return value |
|ap_return_54           | out |    8| ap_ctrl_hs |    shift_row_block    | return value |
|ap_return_55           | out |    8| ap_ctrl_hs |    shift_row_block    | return value |
|ap_return_56           | out |    8| ap_ctrl_hs |    shift_row_block    | return value |
|ap_return_57           | out |    8| ap_ctrl_hs |    shift_row_block    | return value |
|ap_return_58           | out |    8| ap_ctrl_hs |    shift_row_block    | return value |
|ap_return_59           | out |    8| ap_ctrl_hs |    shift_row_block    | return value |
|ap_return_60           | out |    8| ap_ctrl_hs |    shift_row_block    | return value |
|ap_return_61           | out |    8| ap_ctrl_hs |    shift_row_block    | return value |
|ap_return_62           | out |    8| ap_ctrl_hs |    shift_row_block    | return value |
|ap_return_63           | out |    8| ap_ctrl_hs |    shift_row_block    | return value |
|in_state_0_0_0_V_read  |  in |    8|   ap_none  | in_state_0_0_0_V_read |    scalar    |
|in_state_0_0_1_V_read  |  in |    8|   ap_none  | in_state_0_0_1_V_read |    scalar    |
|in_state_0_0_2_V_read  |  in |    8|   ap_none  | in_state_0_0_2_V_read |    scalar    |
|in_state_0_0_3_V_read  |  in |    8|   ap_none  | in_state_0_0_3_V_read |    scalar    |
|in_state_0_1_0_V_read  |  in |    8|   ap_none  | in_state_0_1_0_V_read |    scalar    |
|in_state_0_1_1_V_read  |  in |    8|   ap_none  | in_state_0_1_1_V_read |    scalar    |
|in_state_0_1_2_V_read  |  in |    8|   ap_none  | in_state_0_1_2_V_read |    scalar    |
|in_state_0_1_3_V_read  |  in |    8|   ap_none  | in_state_0_1_3_V_read |    scalar    |
|in_state_0_2_0_V_read  |  in |    8|   ap_none  | in_state_0_2_0_V_read |    scalar    |
|in_state_0_2_1_V_read  |  in |    8|   ap_none  | in_state_0_2_1_V_read |    scalar    |
|in_state_0_2_2_V_read  |  in |    8|   ap_none  | in_state_0_2_2_V_read |    scalar    |
|in_state_0_2_3_V_read  |  in |    8|   ap_none  | in_state_0_2_3_V_read |    scalar    |
|in_state_0_3_0_V_read  |  in |    8|   ap_none  | in_state_0_3_0_V_read |    scalar    |
|in_state_0_3_1_V_read  |  in |    8|   ap_none  | in_state_0_3_1_V_read |    scalar    |
|in_state_0_3_2_V_read  |  in |    8|   ap_none  | in_state_0_3_2_V_read |    scalar    |
|in_state_0_3_3_V_read  |  in |    8|   ap_none  | in_state_0_3_3_V_read |    scalar    |
|in_state_1_0_0_V_read  |  in |    8|   ap_none  | in_state_1_0_0_V_read |    scalar    |
|in_state_1_0_1_V_read  |  in |    8|   ap_none  | in_state_1_0_1_V_read |    scalar    |
|in_state_1_0_2_V_read  |  in |    8|   ap_none  | in_state_1_0_2_V_read |    scalar    |
|in_state_1_0_3_V_read  |  in |    8|   ap_none  | in_state_1_0_3_V_read |    scalar    |
|in_state_1_1_0_V_read  |  in |    8|   ap_none  | in_state_1_1_0_V_read |    scalar    |
|in_state_1_1_1_V_read  |  in |    8|   ap_none  | in_state_1_1_1_V_read |    scalar    |
|in_state_1_1_2_V_read  |  in |    8|   ap_none  | in_state_1_1_2_V_read |    scalar    |
|in_state_1_1_3_V_read  |  in |    8|   ap_none  | in_state_1_1_3_V_read |    scalar    |
|in_state_1_2_0_V_read  |  in |    8|   ap_none  | in_state_1_2_0_V_read |    scalar    |
|in_state_1_2_1_V_read  |  in |    8|   ap_none  | in_state_1_2_1_V_read |    scalar    |
|in_state_1_2_2_V_read  |  in |    8|   ap_none  | in_state_1_2_2_V_read |    scalar    |
|in_state_1_2_3_V_read  |  in |    8|   ap_none  | in_state_1_2_3_V_read |    scalar    |
|in_state_1_3_0_V_read  |  in |    8|   ap_none  | in_state_1_3_0_V_read |    scalar    |
|in_state_1_3_1_V_read  |  in |    8|   ap_none  | in_state_1_3_1_V_read |    scalar    |
|in_state_1_3_2_V_read  |  in |    8|   ap_none  | in_state_1_3_2_V_read |    scalar    |
|in_state_1_3_3_V_read  |  in |    8|   ap_none  | in_state_1_3_3_V_read |    scalar    |
|in_state_2_0_0_V_read  |  in |    8|   ap_none  | in_state_2_0_0_V_read |    scalar    |
|in_state_2_0_1_V_read  |  in |    8|   ap_none  | in_state_2_0_1_V_read |    scalar    |
|in_state_2_0_2_V_read  |  in |    8|   ap_none  | in_state_2_0_2_V_read |    scalar    |
|in_state_2_0_3_V_read  |  in |    8|   ap_none  | in_state_2_0_3_V_read |    scalar    |
|in_state_2_1_0_V_read  |  in |    8|   ap_none  | in_state_2_1_0_V_read |    scalar    |
|in_state_2_1_1_V_read  |  in |    8|   ap_none  | in_state_2_1_1_V_read |    scalar    |
|in_state_2_1_2_V_read  |  in |    8|   ap_none  | in_state_2_1_2_V_read |    scalar    |
|in_state_2_1_3_V_read  |  in |    8|   ap_none  | in_state_2_1_3_V_read |    scalar    |
|in_state_2_2_0_V_read  |  in |    8|   ap_none  | in_state_2_2_0_V_read |    scalar    |
|in_state_2_2_1_V_read  |  in |    8|   ap_none  | in_state_2_2_1_V_read |    scalar    |
|in_state_2_2_2_V_read  |  in |    8|   ap_none  | in_state_2_2_2_V_read |    scalar    |
|in_state_2_2_3_V_read  |  in |    8|   ap_none  | in_state_2_2_3_V_read |    scalar    |
|in_state_2_3_0_V_read  |  in |    8|   ap_none  | in_state_2_3_0_V_read |    scalar    |
|in_state_2_3_1_V_read  |  in |    8|   ap_none  | in_state_2_3_1_V_read |    scalar    |
|in_state_2_3_2_V_read  |  in |    8|   ap_none  | in_state_2_3_2_V_read |    scalar    |
|in_state_2_3_3_V_read  |  in |    8|   ap_none  | in_state_2_3_3_V_read |    scalar    |
|in_state_3_0_0_V_read  |  in |    8|   ap_none  | in_state_3_0_0_V_read |    scalar    |
|in_state_3_0_1_V_read  |  in |    8|   ap_none  | in_state_3_0_1_V_read |    scalar    |
|in_state_3_0_2_V_read  |  in |    8|   ap_none  | in_state_3_0_2_V_read |    scalar    |
|in_state_3_0_3_V_read  |  in |    8|   ap_none  | in_state_3_0_3_V_read |    scalar    |
|in_state_3_1_0_V_read  |  in |    8|   ap_none  | in_state_3_1_0_V_read |    scalar    |
|in_state_3_1_1_V_read  |  in |    8|   ap_none  | in_state_3_1_1_V_read |    scalar    |
|in_state_3_1_2_V_read  |  in |    8|   ap_none  | in_state_3_1_2_V_read |    scalar    |
|in_state_3_1_3_V_read  |  in |    8|   ap_none  | in_state_3_1_3_V_read |    scalar    |
|in_state_3_2_0_V_read  |  in |    8|   ap_none  | in_state_3_2_0_V_read |    scalar    |
|in_state_3_2_1_V_read  |  in |    8|   ap_none  | in_state_3_2_1_V_read |    scalar    |
|in_state_3_2_2_V_read  |  in |    8|   ap_none  | in_state_3_2_2_V_read |    scalar    |
|in_state_3_2_3_V_read  |  in |    8|   ap_none  | in_state_3_2_3_V_read |    scalar    |
|in_state_3_3_0_V_read  |  in |    8|   ap_none  | in_state_3_3_0_V_read |    scalar    |
|in_state_3_3_1_V_read  |  in |    8|   ap_none  | in_state_3_3_1_V_read |    scalar    |
|in_state_3_3_2_V_read  |  in |    8|   ap_none  | in_state_3_3_2_V_read |    scalar    |
|in_state_3_3_3_V_read  |  in |    8|   ap_none  | in_state_3_3_3_V_read |    scalar    |
+-----------------------+-----+-----+------------+-----------------------+--------------+

