

================================================================
== Vivado HLS Report for 'add_round_key_block_189'
================================================================
* Date:           Tue Apr 23 18:04:50 2019

* Version:        2018.3 (Build 2405991 on Thu Dec 06 23:56:15 MST 2018)
* Project:        CTREncryption
* Solution:       solution1
* Product family: zynquplus
* Target device:  xczu7ev-ffvc1156-2-e


================================================================
== Performance Estimates
================================================================
+ Timing (ns): 
    * Summary: 
    +--------+-------+----------+------------+
    |  Clock | Target| Estimated| Uncertainty|
    +--------+-------+----------+------------+
    |ap_clk  |   5.00|     0.335|        0.62|
    +--------+-------+----------+------------+

+ Latency (clock cycles): 
    * Summary: 
    +-----+-----+-----+-----+---------+
    |  Latency  |  Interval | Pipeline|
    | min | max | min | max |   Type  |
    +-----+-----+-----+-----+---------+
    |    0|    0|    0|    0|   none  |
    +-----+-----+-----+-----+---------+

    + Detail: 
        * Instance: 
        N/A

        * Loop: 
        N/A

============================================================
+ Verbose Summary: Synthesis Manager
============================================================
InlineROM: 1
ExposeGlobal: 0
============================================================
+ Verbose Summary: CDFG Model
============================================================
IsTopModel: 0
ResetActiveHigh: 1
IsCombinational: 0
IsDatapathOnly: 0
HasWiredReturn: 1
HasMFsm: 0
HasVarLatency: 0
IsPipeline: 0
IsRtlPipelined: 0
IsInstanceOverlapped: 0
IsDontTouch: 0
HasImplIP: 0
IsGatedGlobalClock: 0


============================================================
+ Verbose Summary: Schedule
============================================================
* Number of FSM states : 1
* Pipeline : 0
* Dataflow Pipeline: 0

* FSM state transitions: 
1 --> 

* FSM state operations: 

State 1 <SV = 0> <Delay = 0.33>
ST_1 : Operation 2 [1/1] (0.00ns)   --->   "%sub_key_V_6_read = call i128 @_ssdm_op_Read.ap_auto.i128(i128 %sub_key_V_6)" [CTREncryption/src/encryption.cpp:158]   --->   Operation 2 'read' 'sub_key_V_6_read' <Predicate = true> <Delay = 0.00>
ST_1 : Operation 3 [1/1] (0.00ns)   --->   "%p_read_128 = call i8 @_ssdm_op_Read.ap_auto.i8(i8 %p_read63)" [CTREncryption/src/encryption.cpp:158]   --->   Operation 3 'read' 'p_read_128' <Predicate = true> <Delay = 0.00>
ST_1 : Operation 4 [1/1] (0.00ns)   --->   "%p_read_129 = call i8 @_ssdm_op_Read.ap_auto.i8(i8 %p_read62)" [CTREncryption/src/encryption.cpp:158]   --->   Operation 4 'read' 'p_read_129' <Predicate = true> <Delay = 0.00>
ST_1 : Operation 5 [1/1] (0.00ns)   --->   "%p_read_130 = call i8 @_ssdm_op_Read.ap_auto.i8(i8 %p_read61)" [CTREncryption/src/encryption.cpp:158]   --->   Operation 5 'read' 'p_read_130' <Predicate = true> <Delay = 0.00>
ST_1 : Operation 6 [1/1] (0.00ns)   --->   "%p_read60124 = call i8 @_ssdm_op_Read.ap_auto.i8(i8 %p_read60)" [CTREncryption/src/encryption.cpp:158]   --->   Operation 6 'read' 'p_read60124' <Predicate = true> <Delay = 0.00>
ST_1 : Operation 7 [1/1] (0.00ns)   --->   "%p_read_131 = call i8 @_ssdm_op_Read.ap_auto.i8(i8 %p_read59)" [CTREncryption/src/encryption.cpp:158]   --->   Operation 7 'read' 'p_read_131' <Predicate = true> <Delay = 0.00>
ST_1 : Operation 8 [1/1] (0.00ns)   --->   "%p_read_132 = call i8 @_ssdm_op_Read.ap_auto.i8(i8 %p_read58)" [CTREncryption/src/encryption.cpp:158]   --->   Operation 8 'read' 'p_read_132' <Predicate = true> <Delay = 0.00>
ST_1 : Operation 9 [1/1] (0.00ns)   --->   "%p_read_133 = call i8 @_ssdm_op_Read.ap_auto.i8(i8 %p_read57)" [CTREncryption/src/encryption.cpp:158]   --->   Operation 9 'read' 'p_read_133' <Predicate = true> <Delay = 0.00>
ST_1 : Operation 10 [1/1] (0.00ns)   --->   "%p_read_134 = call i8 @_ssdm_op_Read.ap_auto.i8(i8 %p_read56)" [CTREncryption/src/encryption.cpp:158]   --->   Operation 10 'read' 'p_read_134' <Predicate = true> <Delay = 0.00>
ST_1 : Operation 11 [1/1] (0.00ns)   --->   "%p_read_135 = call i8 @_ssdm_op_Read.ap_auto.i8(i8 %p_read55)" [CTREncryption/src/encryption.cpp:158]   --->   Operation 11 'read' 'p_read_135' <Predicate = true> <Delay = 0.00>
ST_1 : Operation 12 [1/1] (0.00ns)   --->   "%p_read_136 = call i8 @_ssdm_op_Read.ap_auto.i8(i8 %p_read54)" [CTREncryption/src/encryption.cpp:158]   --->   Operation 12 'read' 'p_read_136' <Predicate = true> <Delay = 0.00>
ST_1 : Operation 13 [1/1] (0.00ns)   --->   "%p_read_137 = call i8 @_ssdm_op_Read.ap_auto.i8(i8 %p_read53)" [CTREncryption/src/encryption.cpp:158]   --->   Operation 13 'read' 'p_read_137' <Predicate = true> <Delay = 0.00>
ST_1 : Operation 14 [1/1] (0.00ns)   --->   "%p_read_138 = call i8 @_ssdm_op_Read.ap_auto.i8(i8 %p_read52)" [CTREncryption/src/encryption.cpp:158]   --->   Operation 14 'read' 'p_read_138' <Predicate = true> <Delay = 0.00>
ST_1 : Operation 15 [1/1] (0.00ns)   --->   "%p_read_139 = call i8 @_ssdm_op_Read.ap_auto.i8(i8 %p_read51)" [CTREncryption/src/encryption.cpp:158]   --->   Operation 15 'read' 'p_read_139' <Predicate = true> <Delay = 0.00>
ST_1 : Operation 16 [1/1] (0.00ns)   --->   "%p_read50114 = call i8 @_ssdm_op_Read.ap_auto.i8(i8 %p_read50)" [CTREncryption/src/encryption.cpp:158]   --->   Operation 16 'read' 'p_read50114' <Predicate = true> <Delay = 0.00>
ST_1 : Operation 17 [1/1] (0.00ns)   --->   "%p_read_140 = call i8 @_ssdm_op_Read.ap_auto.i8(i8 %p_read49)" [CTREncryption/src/encryption.cpp:158]   --->   Operation 17 'read' 'p_read_140' <Predicate = true> <Delay = 0.00>
ST_1 : Operation 18 [1/1] (0.00ns)   --->   "%p_read_141 = call i8 @_ssdm_op_Read.ap_auto.i8(i8 %p_read48)" [CTREncryption/src/encryption.cpp:158]   --->   Operation 18 'read' 'p_read_141' <Predicate = true> <Delay = 0.00>
ST_1 : Operation 19 [1/1] (0.00ns)   --->   "%p_read_142 = call i8 @_ssdm_op_Read.ap_auto.i8(i8 %p_read47)" [CTREncryption/src/encryption.cpp:158]   --->   Operation 19 'read' 'p_read_142' <Predicate = true> <Delay = 0.00>
ST_1 : Operation 20 [1/1] (0.00ns)   --->   "%p_read_143 = call i8 @_ssdm_op_Read.ap_auto.i8(i8 %p_read46)" [CTREncryption/src/encryption.cpp:158]   --->   Operation 20 'read' 'p_read_143' <Predicate = true> <Delay = 0.00>
ST_1 : Operation 21 [1/1] (0.00ns)   --->   "%p_read_144 = call i8 @_ssdm_op_Read.ap_auto.i8(i8 %p_read45)" [CTREncryption/src/encryption.cpp:158]   --->   Operation 21 'read' 'p_read_144' <Predicate = true> <Delay = 0.00>
ST_1 : Operation 22 [1/1] (0.00ns)   --->   "%p_read_145 = call i8 @_ssdm_op_Read.ap_auto.i8(i8 %p_read44)" [CTREncryption/src/encryption.cpp:158]   --->   Operation 22 'read' 'p_read_145' <Predicate = true> <Delay = 0.00>
ST_1 : Operation 23 [1/1] (0.00ns)   --->   "%p_read_146 = call i8 @_ssdm_op_Read.ap_auto.i8(i8 %p_read43)" [CTREncryption/src/encryption.cpp:158]   --->   Operation 23 'read' 'p_read_146' <Predicate = true> <Delay = 0.00>
ST_1 : Operation 24 [1/1] (0.00ns)   --->   "%p_read_147 = call i8 @_ssdm_op_Read.ap_auto.i8(i8 %p_read42)" [CTREncryption/src/encryption.cpp:158]   --->   Operation 24 'read' 'p_read_147' <Predicate = true> <Delay = 0.00>
ST_1 : Operation 25 [1/1] (0.00ns)   --->   "%p_read_148 = call i8 @_ssdm_op_Read.ap_auto.i8(i8 %p_read41)" [CTREncryption/src/encryption.cpp:158]   --->   Operation 25 'read' 'p_read_148' <Predicate = true> <Delay = 0.00>
ST_1 : Operation 26 [1/1] (0.00ns)   --->   "%p_read40104 = call i8 @_ssdm_op_Read.ap_auto.i8(i8 %p_read40)" [CTREncryption/src/encryption.cpp:158]   --->   Operation 26 'read' 'p_read40104' <Predicate = true> <Delay = 0.00>
ST_1 : Operation 27 [1/1] (0.00ns)   --->   "%p_read_149 = call i8 @_ssdm_op_Read.ap_auto.i8(i8 %p_read39)" [CTREncryption/src/encryption.cpp:158]   --->   Operation 27 'read' 'p_read_149' <Predicate = true> <Delay = 0.00>
ST_1 : Operation 28 [1/1] (0.00ns)   --->   "%p_read_150 = call i8 @_ssdm_op_Read.ap_auto.i8(i8 %p_read38)" [CTREncryption/src/encryption.cpp:158]   --->   Operation 28 'read' 'p_read_150' <Predicate = true> <Delay = 0.00>
ST_1 : Operation 29 [1/1] (0.00ns)   --->   "%p_read_151 = call i8 @_ssdm_op_Read.ap_auto.i8(i8 %p_read37)" [CTREncryption/src/encryption.cpp:158]   --->   Operation 29 'read' 'p_read_151' <Predicate = true> <Delay = 0.00>
ST_1 : Operation 30 [1/1] (0.00ns)   --->   "%p_read_152 = call i8 @_ssdm_op_Read.ap_auto.i8(i8 %p_read36)" [CTREncryption/src/encryption.cpp:158]   --->   Operation 30 'read' 'p_read_152' <Predicate = true> <Delay = 0.00>
ST_1 : Operation 31 [1/1] (0.00ns)   --->   "%p_read_153 = call i8 @_ssdm_op_Read.ap_auto.i8(i8 %p_read35)" [CTREncryption/src/encryption.cpp:158]   --->   Operation 31 'read' 'p_read_153' <Predicate = true> <Delay = 0.00>
ST_1 : Operation 32 [1/1] (0.00ns)   --->   "%p_read_154 = call i8 @_ssdm_op_Read.ap_auto.i8(i8 %p_read34)" [CTREncryption/src/encryption.cpp:158]   --->   Operation 32 'read' 'p_read_154' <Predicate = true> <Delay = 0.00>
ST_1 : Operation 33 [1/1] (0.00ns)   --->   "%p_read_155 = call i8 @_ssdm_op_Read.ap_auto.i8(i8 %p_read33)" [CTREncryption/src/encryption.cpp:158]   --->   Operation 33 'read' 'p_read_155' <Predicate = true> <Delay = 0.00>
ST_1 : Operation 34 [1/1] (0.00ns)   --->   "%p_read_156 = call i8 @_ssdm_op_Read.ap_auto.i8(i8 %p_read32)" [CTREncryption/src/encryption.cpp:158]   --->   Operation 34 'read' 'p_read_156' <Predicate = true> <Delay = 0.00>
ST_1 : Operation 35 [1/1] (0.00ns)   --->   "%p_read_157 = call i8 @_ssdm_op_Read.ap_auto.i8(i8 %p_read31)" [CTREncryption/src/encryption.cpp:158]   --->   Operation 35 'read' 'p_read_157' <Predicate = true> <Delay = 0.00>
ST_1 : Operation 36 [1/1] (0.00ns)   --->   "%p_read3094 = call i8 @_ssdm_op_Read.ap_auto.i8(i8 %p_read30)" [CTREncryption/src/encryption.cpp:158]   --->   Operation 36 'read' 'p_read3094' <Predicate = true> <Delay = 0.00>
ST_1 : Operation 37 [1/1] (0.00ns)   --->   "%p_read_158 = call i8 @_ssdm_op_Read.ap_auto.i8(i8 %p_read29)" [CTREncryption/src/encryption.cpp:158]   --->   Operation 37 'read' 'p_read_158' <Predicate = true> <Delay = 0.00>
ST_1 : Operation 38 [1/1] (0.00ns)   --->   "%p_read_159 = call i8 @_ssdm_op_Read.ap_auto.i8(i8 %p_read28)" [CTREncryption/src/encryption.cpp:158]   --->   Operation 38 'read' 'p_read_159' <Predicate = true> <Delay = 0.00>
ST_1 : Operation 39 [1/1] (0.00ns)   --->   "%p_read_160 = call i8 @_ssdm_op_Read.ap_auto.i8(i8 %p_read27)" [CTREncryption/src/encryption.cpp:158]   --->   Operation 39 'read' 'p_read_160' <Predicate = true> <Delay = 0.00>
ST_1 : Operation 40 [1/1] (0.00ns)   --->   "%p_read_161 = call i8 @_ssdm_op_Read.ap_auto.i8(i8 %p_read26)" [CTREncryption/src/encryption.cpp:158]   --->   Operation 40 'read' 'p_read_161' <Predicate = true> <Delay = 0.00>
ST_1 : Operation 41 [1/1] (0.00ns)   --->   "%p_read_162 = call i8 @_ssdm_op_Read.ap_auto.i8(i8 %p_read25)" [CTREncryption/src/encryption.cpp:158]   --->   Operation 41 'read' 'p_read_162' <Predicate = true> <Delay = 0.00>
ST_1 : Operation 42 [1/1] (0.00ns)   --->   "%p_read_163 = call i8 @_ssdm_op_Read.ap_auto.i8(i8 %p_read24)" [CTREncryption/src/encryption.cpp:158]   --->   Operation 42 'read' 'p_read_163' <Predicate = true> <Delay = 0.00>
ST_1 : Operation 43 [1/1] (0.00ns)   --->   "%p_read_164 = call i8 @_ssdm_op_Read.ap_auto.i8(i8 %p_read23)" [CTREncryption/src/encryption.cpp:158]   --->   Operation 43 'read' 'p_read_164' <Predicate = true> <Delay = 0.00>
ST_1 : Operation 44 [1/1] (0.00ns)   --->   "%p_read_165 = call i8 @_ssdm_op_Read.ap_auto.i8(i8 %p_read22)" [CTREncryption/src/encryption.cpp:158]   --->   Operation 44 'read' 'p_read_165' <Predicate = true> <Delay = 0.00>
ST_1 : Operation 45 [1/1] (0.00ns)   --->   "%p_read_166 = call i8 @_ssdm_op_Read.ap_auto.i8(i8 %p_read21)" [CTREncryption/src/encryption.cpp:158]   --->   Operation 45 'read' 'p_read_166' <Predicate = true> <Delay = 0.00>
ST_1 : Operation 46 [1/1] (0.00ns)   --->   "%p_read2084 = call i8 @_ssdm_op_Read.ap_auto.i8(i8 %p_read20)" [CTREncryption/src/encryption.cpp:158]   --->   Operation 46 'read' 'p_read2084' <Predicate = true> <Delay = 0.00>
ST_1 : Operation 47 [1/1] (0.00ns)   --->   "%p_read_167 = call i8 @_ssdm_op_Read.ap_auto.i8(i8 %p_read19)" [CTREncryption/src/encryption.cpp:158]   --->   Operation 47 'read' 'p_read_167' <Predicate = true> <Delay = 0.00>
ST_1 : Operation 48 [1/1] (0.00ns)   --->   "%p_read_168 = call i8 @_ssdm_op_Read.ap_auto.i8(i8 %p_read18)" [CTREncryption/src/encryption.cpp:158]   --->   Operation 48 'read' 'p_read_168' <Predicate = true> <Delay = 0.00>
ST_1 : Operation 49 [1/1] (0.00ns)   --->   "%p_read_169 = call i8 @_ssdm_op_Read.ap_auto.i8(i8 %p_read17)" [CTREncryption/src/encryption.cpp:158]   --->   Operation 49 'read' 'p_read_169' <Predicate = true> <Delay = 0.00>
ST_1 : Operation 50 [1/1] (0.00ns)   --->   "%p_read_170 = call i8 @_ssdm_op_Read.ap_auto.i8(i8 %p_read16)" [CTREncryption/src/encryption.cpp:158]   --->   Operation 50 'read' 'p_read_170' <Predicate = true> <Delay = 0.00>
ST_1 : Operation 51 [1/1] (0.00ns)   --->   "%p_read_171 = call i8 @_ssdm_op_Read.ap_auto.i8(i8 %p_read15)" [CTREncryption/src/encryption.cpp:158]   --->   Operation 51 'read' 'p_read_171' <Predicate = true> <Delay = 0.00>
ST_1 : Operation 52 [1/1] (0.00ns)   --->   "%p_read_172 = call i8 @_ssdm_op_Read.ap_auto.i8(i8 %p_read14)" [CTREncryption/src/encryption.cpp:158]   --->   Operation 52 'read' 'p_read_172' <Predicate = true> <Delay = 0.00>
ST_1 : Operation 53 [1/1] (0.00ns)   --->   "%p_read_173 = call i8 @_ssdm_op_Read.ap_auto.i8(i8 %p_read13)" [CTREncryption/src/encryption.cpp:158]   --->   Operation 53 'read' 'p_read_173' <Predicate = true> <Delay = 0.00>
ST_1 : Operation 54 [1/1] (0.00ns)   --->   "%p_read_174 = call i8 @_ssdm_op_Read.ap_auto.i8(i8 %p_read12)" [CTREncryption/src/encryption.cpp:158]   --->   Operation 54 'read' 'p_read_174' <Predicate = true> <Delay = 0.00>
ST_1 : Operation 55 [1/1] (0.00ns)   --->   "%p_read_175 = call i8 @_ssdm_op_Read.ap_auto.i8(i8 %p_read11)" [CTREncryption/src/encryption.cpp:158]   --->   Operation 55 'read' 'p_read_175' <Predicate = true> <Delay = 0.00>
ST_1 : Operation 56 [1/1] (0.00ns)   --->   "%p_read1074 = call i8 @_ssdm_op_Read.ap_auto.i8(i8 %p_read10)" [CTREncryption/src/encryption.cpp:158]   --->   Operation 56 'read' 'p_read1074' <Predicate = true> <Delay = 0.00>
ST_1 : Operation 57 [1/1] (0.00ns)   --->   "%p_read973 = call i8 @_ssdm_op_Read.ap_auto.i8(i8 %p_read9)" [CTREncryption/src/encryption.cpp:158]   --->   Operation 57 'read' 'p_read973' <Predicate = true> <Delay = 0.00>
ST_1 : Operation 58 [1/1] (0.00ns)   --->   "%p_read872 = call i8 @_ssdm_op_Read.ap_auto.i8(i8 %p_read8)" [CTREncryption/src/encryption.cpp:158]   --->   Operation 58 'read' 'p_read872' <Predicate = true> <Delay = 0.00>
ST_1 : Operation 59 [1/1] (0.00ns)   --->   "%p_read771 = call i8 @_ssdm_op_Read.ap_auto.i8(i8 %p_read7)" [CTREncryption/src/encryption.cpp:158]   --->   Operation 59 'read' 'p_read771' <Predicate = true> <Delay = 0.00>
ST_1 : Operation 60 [1/1] (0.00ns)   --->   "%p_read670 = call i8 @_ssdm_op_Read.ap_auto.i8(i8 %p_read6)" [CTREncryption/src/encryption.cpp:158]   --->   Operation 60 'read' 'p_read670' <Predicate = true> <Delay = 0.00>
ST_1 : Operation 61 [1/1] (0.00ns)   --->   "%p_read569 = call i8 @_ssdm_op_Read.ap_auto.i8(i8 %p_read5)" [CTREncryption/src/encryption.cpp:158]   --->   Operation 61 'read' 'p_read569' <Predicate = true> <Delay = 0.00>
ST_1 : Operation 62 [1/1] (0.00ns)   --->   "%p_read468 = call i8 @_ssdm_op_Read.ap_auto.i8(i8 %p_read4)" [CTREncryption/src/encryption.cpp:158]   --->   Operation 62 'read' 'p_read468' <Predicate = true> <Delay = 0.00>
ST_1 : Operation 63 [1/1] (0.00ns)   --->   "%p_read367 = call i8 @_ssdm_op_Read.ap_auto.i8(i8 %p_read3)" [CTREncryption/src/encryption.cpp:158]   --->   Operation 63 'read' 'p_read367' <Predicate = true> <Delay = 0.00>
ST_1 : Operation 64 [1/1] (0.00ns)   --->   "%p_read266 = call i8 @_ssdm_op_Read.ap_auto.i8(i8 %p_read2)" [CTREncryption/src/encryption.cpp:158]   --->   Operation 64 'read' 'p_read266' <Predicate = true> <Delay = 0.00>
ST_1 : Operation 65 [1/1] (0.00ns)   --->   "%p_read165 = call i8 @_ssdm_op_Read.ap_auto.i8(i8 %p_read1)" [CTREncryption/src/encryption.cpp:158]   --->   Operation 65 'read' 'p_read165' <Predicate = true> <Delay = 0.00>
ST_1 : Operation 66 [1/1] (0.00ns)   --->   "%p_read64 = call i8 @_ssdm_op_Read.ap_auto.i8(i8 %p_read)" [CTREncryption/src/encryption.cpp:158]   --->   Operation 66 'read' 'p_read64' <Predicate = true> <Delay = 0.00>
ST_1 : Operation 67 [1/1] (0.00ns)   --->   "%p_Result_s = call i8 @_ssdm_op_PartSelect.i8.i128.i32.i32(i128 %sub_key_V_6_read, i32 120, i32 127)" [CTREncryption/src/encryption.cpp:158]   --->   Operation 67 'partselect' 'p_Result_s' <Predicate = true> <Delay = 0.00>
ST_1 : Operation 68 [1/1] (0.33ns)   --->   "%p_s = xor i8 %p_Result_s, %p_read64" [CTREncryption/src/encryption.cpp:161]   --->   Operation 68 'xor' 'p_s' <Predicate = true> <Delay = 0.33> <Core = "LogicGate">   --->   Core 27 'LogicGate' <Latency = 0> <II = 1> <Delay = 0.33> <FuncUnit> <Opcode : 'and' 'or' 'xor'> <InPorts = 2> <OutPorts = 1>
ST_1 : Operation 69 [1/1] (0.33ns)   --->   "%p_0_0_1 = xor i8 %p_Result_s, %p_read_170" [CTREncryption/src/encryption.cpp:161]   --->   Operation 69 'xor' 'p_0_0_1' <Predicate = true> <Delay = 0.33> <Core = "LogicGate">   --->   Core 27 'LogicGate' <Latency = 0> <II = 1> <Delay = 0.33> <FuncUnit> <Opcode : 'and' 'or' 'xor'> <InPorts = 2> <OutPorts = 1>
ST_1 : Operation 70 [1/1] (0.33ns)   --->   "%p_0_0_2 = xor i8 %p_Result_s, %p_read_156" [CTREncryption/src/encryption.cpp:161]   --->   Operation 70 'xor' 'p_0_0_2' <Predicate = true> <Delay = 0.33> <Core = "LogicGate">   --->   Core 27 'LogicGate' <Latency = 0> <II = 1> <Delay = 0.33> <FuncUnit> <Opcode : 'and' 'or' 'xor'> <InPorts = 2> <OutPorts = 1>
ST_1 : Operation 71 [1/1] (0.33ns)   --->   "%p_0_0_3 = xor i8 %p_Result_s, %p_read_141" [CTREncryption/src/encryption.cpp:161]   --->   Operation 71 'xor' 'p_0_0_3' <Predicate = true> <Delay = 0.33> <Core = "LogicGate">   --->   Core 27 'LogicGate' <Latency = 0> <II = 1> <Delay = 0.33> <FuncUnit> <Opcode : 'and' 'or' 'xor'> <InPorts = 2> <OutPorts = 1>
ST_1 : Operation 72 [1/1] (0.00ns)   --->   "%p_Result_0_1 = call i8 @_ssdm_op_PartSelect.i8.i128.i32.i32(i128 %sub_key_V_6_read, i32 88, i32 95)" [CTREncryption/src/encryption.cpp:158]   --->   Operation 72 'partselect' 'p_Result_0_1' <Predicate = true> <Delay = 0.00>
ST_1 : Operation 73 [1/1] (0.33ns)   --->   "%p_0_1 = xor i8 %p_Result_0_1, %p_read165" [CTREncryption/src/encryption.cpp:161]   --->   Operation 73 'xor' 'p_0_1' <Predicate = true> <Delay = 0.33> <Core = "LogicGate">   --->   Core 27 'LogicGate' <Latency = 0> <II = 1> <Delay = 0.33> <FuncUnit> <Opcode : 'and' 'or' 'xor'> <InPorts = 2> <OutPorts = 1>
ST_1 : Operation 74 [1/1] (0.33ns)   --->   "%p_0_1_1 = xor i8 %p_Result_0_1, %p_read_169" [CTREncryption/src/encryption.cpp:161]   --->   Operation 74 'xor' 'p_0_1_1' <Predicate = true> <Delay = 0.33> <Core = "LogicGate">   --->   Core 27 'LogicGate' <Latency = 0> <II = 1> <Delay = 0.33> <FuncUnit> <Opcode : 'and' 'or' 'xor'> <InPorts = 2> <OutPorts = 1>
ST_1 : Operation 75 [1/1] (0.33ns)   --->   "%p_0_1_2 = xor i8 %p_Result_0_1, %p_read_155" [CTREncryption/src/encryption.cpp:161]   --->   Operation 75 'xor' 'p_0_1_2' <Predicate = true> <Delay = 0.33> <Core = "LogicGate">   --->   Core 27 'LogicGate' <Latency = 0> <II = 1> <Delay = 0.33> <FuncUnit> <Opcode : 'and' 'or' 'xor'> <InPorts = 2> <OutPorts = 1>
ST_1 : Operation 76 [1/1] (0.33ns)   --->   "%p_0_1_3 = xor i8 %p_Result_0_1, %p_read_140" [CTREncryption/src/encryption.cpp:161]   --->   Operation 76 'xor' 'p_0_1_3' <Predicate = true> <Delay = 0.33> <Core = "LogicGate">   --->   Core 27 'LogicGate' <Latency = 0> <II = 1> <Delay = 0.33> <FuncUnit> <Opcode : 'and' 'or' 'xor'> <InPorts = 2> <OutPorts = 1>
ST_1 : Operation 77 [1/1] (0.00ns)   --->   "%p_Result_0_2 = call i8 @_ssdm_op_PartSelect.i8.i128.i32.i32(i128 %sub_key_V_6_read, i32 56, i32 63)" [CTREncryption/src/encryption.cpp:158]   --->   Operation 77 'partselect' 'p_Result_0_2' <Predicate = true> <Delay = 0.00>
ST_1 : Operation 78 [1/1] (0.33ns)   --->   "%p_0_2 = xor i8 %p_Result_0_2, %p_read266" [CTREncryption/src/encryption.cpp:161]   --->   Operation 78 'xor' 'p_0_2' <Predicate = true> <Delay = 0.33> <Core = "LogicGate">   --->   Core 27 'LogicGate' <Latency = 0> <II = 1> <Delay = 0.33> <FuncUnit> <Opcode : 'and' 'or' 'xor'> <InPorts = 2> <OutPorts = 1>
ST_1 : Operation 79 [1/1] (0.33ns)   --->   "%p_0_2_1 = xor i8 %p_Result_0_2, %p_read_168" [CTREncryption/src/encryption.cpp:161]   --->   Operation 79 'xor' 'p_0_2_1' <Predicate = true> <Delay = 0.33> <Core = "LogicGate">   --->   Core 27 'LogicGate' <Latency = 0> <II = 1> <Delay = 0.33> <FuncUnit> <Opcode : 'and' 'or' 'xor'> <InPorts = 2> <OutPorts = 1>
ST_1 : Operation 80 [1/1] (0.33ns)   --->   "%p_0_2_2 = xor i8 %p_Result_0_2, %p_read_154" [CTREncryption/src/encryption.cpp:161]   --->   Operation 80 'xor' 'p_0_2_2' <Predicate = true> <Delay = 0.33> <Core = "LogicGate">   --->   Core 27 'LogicGate' <Latency = 0> <II = 1> <Delay = 0.33> <FuncUnit> <Opcode : 'and' 'or' 'xor'> <InPorts = 2> <OutPorts = 1>
ST_1 : Operation 81 [1/1] (0.33ns)   --->   "%p_0_2_3 = xor i8 %p_Result_0_2, %p_read50114" [CTREncryption/src/encryption.cpp:161]   --->   Operation 81 'xor' 'p_0_2_3' <Predicate = true> <Delay = 0.33> <Core = "LogicGate">   --->   Core 27 'LogicGate' <Latency = 0> <II = 1> <Delay = 0.33> <FuncUnit> <Opcode : 'and' 'or' 'xor'> <InPorts = 2> <OutPorts = 1>
ST_1 : Operation 82 [1/1] (0.00ns)   --->   "%p_Result_0_3 = call i8 @_ssdm_op_PartSelect.i8.i128.i32.i32(i128 %sub_key_V_6_read, i32 24, i32 31)" [CTREncryption/src/encryption.cpp:158]   --->   Operation 82 'partselect' 'p_Result_0_3' <Predicate = true> <Delay = 0.00>
ST_1 : Operation 83 [1/1] (0.33ns)   --->   "%p_0_3 = xor i8 %p_Result_0_3, %p_read367" [CTREncryption/src/encryption.cpp:161]   --->   Operation 83 'xor' 'p_0_3' <Predicate = true> <Delay = 0.33> <Core = "LogicGate">   --->   Core 27 'LogicGate' <Latency = 0> <II = 1> <Delay = 0.33> <FuncUnit> <Opcode : 'and' 'or' 'xor'> <InPorts = 2> <OutPorts = 1>
ST_1 : Operation 84 [1/1] (0.33ns)   --->   "%p_0_3_1 = xor i8 %p_Result_0_3, %p_read_167" [CTREncryption/src/encryption.cpp:161]   --->   Operation 84 'xor' 'p_0_3_1' <Predicate = true> <Delay = 0.33> <Core = "LogicGate">   --->   Core 27 'LogicGate' <Latency = 0> <II = 1> <Delay = 0.33> <FuncUnit> <Opcode : 'and' 'or' 'xor'> <InPorts = 2> <OutPorts = 1>
ST_1 : Operation 85 [1/1] (0.33ns)   --->   "%p_0_3_2 = xor i8 %p_Result_0_3, %p_read_153" [CTREncryption/src/encryption.cpp:161]   --->   Operation 85 'xor' 'p_0_3_2' <Predicate = true> <Delay = 0.33> <Core = "LogicGate">   --->   Core 27 'LogicGate' <Latency = 0> <II = 1> <Delay = 0.33> <FuncUnit> <Opcode : 'and' 'or' 'xor'> <InPorts = 2> <OutPorts = 1>
ST_1 : Operation 86 [1/1] (0.33ns)   --->   "%p_0_3_3 = xor i8 %p_Result_0_3, %p_read_139" [CTREncryption/src/encryption.cpp:161]   --->   Operation 86 'xor' 'p_0_3_3' <Predicate = true> <Delay = 0.33> <Core = "LogicGate">   --->   Core 27 'LogicGate' <Latency = 0> <II = 1> <Delay = 0.33> <FuncUnit> <Opcode : 'and' 'or' 'xor'> <InPorts = 2> <OutPorts = 1>
ST_1 : Operation 87 [1/1] (0.00ns)   --->   "%p_Result_1 = call i8 @_ssdm_op_PartSelect.i8.i128.i32.i32(i128 %sub_key_V_6_read, i32 112, i32 119)" [CTREncryption/src/encryption.cpp:158]   --->   Operation 87 'partselect' 'p_Result_1' <Predicate = true> <Delay = 0.00>
ST_1 : Operation 88 [1/1] (0.33ns)   --->   "%p_1 = xor i8 %p_Result_1, %p_read468" [CTREncryption/src/encryption.cpp:161]   --->   Operation 88 'xor' 'p_1' <Predicate = true> <Delay = 0.33> <Core = "LogicGate">   --->   Core 27 'LogicGate' <Latency = 0> <II = 1> <Delay = 0.33> <FuncUnit> <Opcode : 'and' 'or' 'xor'> <InPorts = 2> <OutPorts = 1>
ST_1 : Operation 89 [1/1] (0.33ns)   --->   "%p_1_0_1 = xor i8 %p_Result_1, %p_read2084" [CTREncryption/src/encryption.cpp:161]   --->   Operation 89 'xor' 'p_1_0_1' <Predicate = true> <Delay = 0.33> <Core = "LogicGate">   --->   Core 27 'LogicGate' <Latency = 0> <II = 1> <Delay = 0.33> <FuncUnit> <Opcode : 'and' 'or' 'xor'> <InPorts = 2> <OutPorts = 1>
ST_1 : Operation 90 [1/1] (0.33ns)   --->   "%p_1_0_2 = xor i8 %p_Result_1, %p_read_152" [CTREncryption/src/encryption.cpp:161]   --->   Operation 90 'xor' 'p_1_0_2' <Predicate = true> <Delay = 0.33> <Core = "LogicGate">   --->   Core 27 'LogicGate' <Latency = 0> <II = 1> <Delay = 0.33> <FuncUnit> <Opcode : 'and' 'or' 'xor'> <InPorts = 2> <OutPorts = 1>
ST_1 : Operation 91 [1/1] (0.33ns)   --->   "%p_1_0_3 = xor i8 %p_Result_1, %p_read_138" [CTREncryption/src/encryption.cpp:161]   --->   Operation 91 'xor' 'p_1_0_3' <Predicate = true> <Delay = 0.33> <Core = "LogicGate">   --->   Core 27 'LogicGate' <Latency = 0> <II = 1> <Delay = 0.33> <FuncUnit> <Opcode : 'and' 'or' 'xor'> <InPorts = 2> <OutPorts = 1>
ST_1 : Operation 92 [1/1] (0.00ns)   --->   "%p_Result_1_1 = call i8 @_ssdm_op_PartSelect.i8.i128.i32.i32(i128 %sub_key_V_6_read, i32 80, i32 87)" [CTREncryption/src/encryption.cpp:158]   --->   Operation 92 'partselect' 'p_Result_1_1' <Predicate = true> <Delay = 0.00>
ST_1 : Operation 93 [1/1] (0.33ns)   --->   "%p_1_1 = xor i8 %p_Result_1_1, %p_read569" [CTREncryption/src/encryption.cpp:161]   --->   Operation 93 'xor' 'p_1_1' <Predicate = true> <Delay = 0.33> <Core = "LogicGate">   --->   Core 27 'LogicGate' <Latency = 0> <II = 1> <Delay = 0.33> <FuncUnit> <Opcode : 'and' 'or' 'xor'> <InPorts = 2> <OutPorts = 1>
ST_1 : Operation 94 [1/1] (0.33ns)   --->   "%p_1_1_1 = xor i8 %p_Result_1_1, %p_read_166" [CTREncryption/src/encryption.cpp:161]   --->   Operation 94 'xor' 'p_1_1_1' <Predicate = true> <Delay = 0.33> <Core = "LogicGate">   --->   Core 27 'LogicGate' <Latency = 0> <II = 1> <Delay = 0.33> <FuncUnit> <Opcode : 'and' 'or' 'xor'> <InPorts = 2> <OutPorts = 1>
ST_1 : Operation 95 [1/1] (0.33ns)   --->   "%p_1_1_2 = xor i8 %p_Result_1_1, %p_read_151" [CTREncryption/src/encryption.cpp:161]   --->   Operation 95 'xor' 'p_1_1_2' <Predicate = true> <Delay = 0.33> <Core = "LogicGate">   --->   Core 27 'LogicGate' <Latency = 0> <II = 1> <Delay = 0.33> <FuncUnit> <Opcode : 'and' 'or' 'xor'> <InPorts = 2> <OutPorts = 1>
ST_1 : Operation 96 [1/1] (0.33ns)   --->   "%p_1_1_3 = xor i8 %p_Result_1_1, %p_read_137" [CTREncryption/src/encryption.cpp:161]   --->   Operation 96 'xor' 'p_1_1_3' <Predicate = true> <Delay = 0.33> <Core = "LogicGate">   --->   Core 27 'LogicGate' <Latency = 0> <II = 1> <Delay = 0.33> <FuncUnit> <Opcode : 'and' 'or' 'xor'> <InPorts = 2> <OutPorts = 1>
ST_1 : Operation 97 [1/1] (0.00ns)   --->   "%p_Result_1_2 = call i8 @_ssdm_op_PartSelect.i8.i128.i32.i32(i128 %sub_key_V_6_read, i32 48, i32 55)" [CTREncryption/src/encryption.cpp:158]   --->   Operation 97 'partselect' 'p_Result_1_2' <Predicate = true> <Delay = 0.00>
ST_1 : Operation 98 [1/1] (0.33ns)   --->   "%p_1_2 = xor i8 %p_Result_1_2, %p_read670" [CTREncryption/src/encryption.cpp:161]   --->   Operation 98 'xor' 'p_1_2' <Predicate = true> <Delay = 0.33> <Core = "LogicGate">   --->   Core 27 'LogicGate' <Latency = 0> <II = 1> <Delay = 0.33> <FuncUnit> <Opcode : 'and' 'or' 'xor'> <InPorts = 2> <OutPorts = 1>
ST_1 : Operation 99 [1/1] (0.33ns)   --->   "%p_1_2_1 = xor i8 %p_Result_1_2, %p_read_165" [CTREncryption/src/encryption.cpp:161]   --->   Operation 99 'xor' 'p_1_2_1' <Predicate = true> <Delay = 0.33> <Core = "LogicGate">   --->   Core 27 'LogicGate' <Latency = 0> <II = 1> <Delay = 0.33> <FuncUnit> <Opcode : 'and' 'or' 'xor'> <InPorts = 2> <OutPorts = 1>
ST_1 : Operation 100 [1/1] (0.33ns)   --->   "%p_1_2_2 = xor i8 %p_Result_1_2, %p_read_150" [CTREncryption/src/encryption.cpp:161]   --->   Operation 100 'xor' 'p_1_2_2' <Predicate = true> <Delay = 0.33> <Core = "LogicGate">   --->   Core 27 'LogicGate' <Latency = 0> <II = 1> <Delay = 0.33> <FuncUnit> <Opcode : 'and' 'or' 'xor'> <InPorts = 2> <OutPorts = 1>
ST_1 : Operation 101 [1/1] (0.33ns)   --->   "%p_1_2_3 = xor i8 %p_Result_1_2, %p_read_136" [CTREncryption/src/encryption.cpp:161]   --->   Operation 101 'xor' 'p_1_2_3' <Predicate = true> <Delay = 0.33> <Core = "LogicGate">   --->   Core 27 'LogicGate' <Latency = 0> <II = 1> <Delay = 0.33> <FuncUnit> <Opcode : 'and' 'or' 'xor'> <InPorts = 2> <OutPorts = 1>
ST_1 : Operation 102 [1/1] (0.00ns)   --->   "%p_Result_1_3 = call i8 @_ssdm_op_PartSelect.i8.i128.i32.i32(i128 %sub_key_V_6_read, i32 16, i32 23)" [CTREncryption/src/encryption.cpp:158]   --->   Operation 102 'partselect' 'p_Result_1_3' <Predicate = true> <Delay = 0.00>
ST_1 : Operation 103 [1/1] (0.33ns)   --->   "%p_1_3 = xor i8 %p_Result_1_3, %p_read771" [CTREncryption/src/encryption.cpp:161]   --->   Operation 103 'xor' 'p_1_3' <Predicate = true> <Delay = 0.33> <Core = "LogicGate">   --->   Core 27 'LogicGate' <Latency = 0> <II = 1> <Delay = 0.33> <FuncUnit> <Opcode : 'and' 'or' 'xor'> <InPorts = 2> <OutPorts = 1>
ST_1 : Operation 104 [1/1] (0.33ns)   --->   "%p_1_3_1 = xor i8 %p_Result_1_3, %p_read_164" [CTREncryption/src/encryption.cpp:161]   --->   Operation 104 'xor' 'p_1_3_1' <Predicate = true> <Delay = 0.33> <Core = "LogicGate">   --->   Core 27 'LogicGate' <Latency = 0> <II = 1> <Delay = 0.33> <FuncUnit> <Opcode : 'and' 'or' 'xor'> <InPorts = 2> <OutPorts = 1>
ST_1 : Operation 105 [1/1] (0.33ns)   --->   "%p_1_3_2 = xor i8 %p_Result_1_3, %p_read_149" [CTREncryption/src/encryption.cpp:161]   --->   Operation 105 'xor' 'p_1_3_2' <Predicate = true> <Delay = 0.33> <Core = "LogicGate">   --->   Core 27 'LogicGate' <Latency = 0> <II = 1> <Delay = 0.33> <FuncUnit> <Opcode : 'and' 'or' 'xor'> <InPorts = 2> <OutPorts = 1>
ST_1 : Operation 106 [1/1] (0.33ns)   --->   "%p_1_3_3 = xor i8 %p_Result_1_3, %p_read_135" [CTREncryption/src/encryption.cpp:161]   --->   Operation 106 'xor' 'p_1_3_3' <Predicate = true> <Delay = 0.33> <Core = "LogicGate">   --->   Core 27 'LogicGate' <Latency = 0> <II = 1> <Delay = 0.33> <FuncUnit> <Opcode : 'and' 'or' 'xor'> <InPorts = 2> <OutPorts = 1>
ST_1 : Operation 107 [1/1] (0.00ns)   --->   "%p_Result_2 = call i8 @_ssdm_op_PartSelect.i8.i128.i32.i32(i128 %sub_key_V_6_read, i32 104, i32 111)" [CTREncryption/src/encryption.cpp:158]   --->   Operation 107 'partselect' 'p_Result_2' <Predicate = true> <Delay = 0.00>
ST_1 : Operation 108 [1/1] (0.33ns)   --->   "%p_2 = xor i8 %p_Result_2, %p_read872" [CTREncryption/src/encryption.cpp:161]   --->   Operation 108 'xor' 'p_2' <Predicate = true> <Delay = 0.33> <Core = "LogicGate">   --->   Core 27 'LogicGate' <Latency = 0> <II = 1> <Delay = 0.33> <FuncUnit> <Opcode : 'and' 'or' 'xor'> <InPorts = 2> <OutPorts = 1>
ST_1 : Operation 109 [1/1] (0.33ns)   --->   "%p_2_0_1 = xor i8 %p_Result_2, %p_read_163" [CTREncryption/src/encryption.cpp:161]   --->   Operation 109 'xor' 'p_2_0_1' <Predicate = true> <Delay = 0.33> <Core = "LogicGate">   --->   Core 27 'LogicGate' <Latency = 0> <II = 1> <Delay = 0.33> <FuncUnit> <Opcode : 'and' 'or' 'xor'> <InPorts = 2> <OutPorts = 1>
ST_1 : Operation 110 [1/1] (0.33ns)   --->   "%p_2_0_2 = xor i8 %p_Result_2, %p_read40104" [CTREncryption/src/encryption.cpp:161]   --->   Operation 110 'xor' 'p_2_0_2' <Predicate = true> <Delay = 0.33> <Core = "LogicGate">   --->   Core 27 'LogicGate' <Latency = 0> <II = 1> <Delay = 0.33> <FuncUnit> <Opcode : 'and' 'or' 'xor'> <InPorts = 2> <OutPorts = 1>
ST_1 : Operation 111 [1/1] (0.33ns)   --->   "%p_2_0_3 = xor i8 %p_Result_2, %p_read_134" [CTREncryption/src/encryption.cpp:161]   --->   Operation 111 'xor' 'p_2_0_3' <Predicate = true> <Delay = 0.33> <Core = "LogicGate">   --->   Core 27 'LogicGate' <Latency = 0> <II = 1> <Delay = 0.33> <FuncUnit> <Opcode : 'and' 'or' 'xor'> <InPorts = 2> <OutPorts = 1>
ST_1 : Operation 112 [1/1] (0.00ns)   --->   "%p_Result_2_1 = call i8 @_ssdm_op_PartSelect.i8.i128.i32.i32(i128 %sub_key_V_6_read, i32 72, i32 79)" [CTREncryption/src/encryption.cpp:158]   --->   Operation 112 'partselect' 'p_Result_2_1' <Predicate = true> <Delay = 0.00>
ST_1 : Operation 113 [1/1] (0.33ns)   --->   "%p_2_1 = xor i8 %p_Result_2_1, %p_read973" [CTREncryption/src/encryption.cpp:161]   --->   Operation 113 'xor' 'p_2_1' <Predicate = true> <Delay = 0.33> <Core = "LogicGate">   --->   Core 27 'LogicGate' <Latency = 0> <II = 1> <Delay = 0.33> <FuncUnit> <Opcode : 'and' 'or' 'xor'> <InPorts = 2> <OutPorts = 1>
ST_1 : Operation 114 [1/1] (0.33ns)   --->   "%p_2_1_1 = xor i8 %p_Result_2_1, %p_read_162" [CTREncryption/src/encryption.cpp:161]   --->   Operation 114 'xor' 'p_2_1_1' <Predicate = true> <Delay = 0.33> <Core = "LogicGate">   --->   Core 27 'LogicGate' <Latency = 0> <II = 1> <Delay = 0.33> <FuncUnit> <Opcode : 'and' 'or' 'xor'> <InPorts = 2> <OutPorts = 1>
ST_1 : Operation 115 [1/1] (0.33ns)   --->   "%p_2_1_2 = xor i8 %p_Result_2_1, %p_read_148" [CTREncryption/src/encryption.cpp:161]   --->   Operation 115 'xor' 'p_2_1_2' <Predicate = true> <Delay = 0.33> <Core = "LogicGate">   --->   Core 27 'LogicGate' <Latency = 0> <II = 1> <Delay = 0.33> <FuncUnit> <Opcode : 'and' 'or' 'xor'> <InPorts = 2> <OutPorts = 1>
ST_1 : Operation 116 [1/1] (0.33ns)   --->   "%p_2_1_3 = xor i8 %p_Result_2_1, %p_read_133" [CTREncryption/src/encryption.cpp:161]   --->   Operation 116 'xor' 'p_2_1_3' <Predicate = true> <Delay = 0.33> <Core = "LogicGate">   --->   Core 27 'LogicGate' <Latency = 0> <II = 1> <Delay = 0.33> <FuncUnit> <Opcode : 'and' 'or' 'xor'> <InPorts = 2> <OutPorts = 1>
ST_1 : Operation 117 [1/1] (0.00ns)   --->   "%p_Result_2_2 = call i8 @_ssdm_op_PartSelect.i8.i128.i32.i32(i128 %sub_key_V_6_read, i32 40, i32 47)" [CTREncryption/src/encryption.cpp:158]   --->   Operation 117 'partselect' 'p_Result_2_2' <Predicate = true> <Delay = 0.00>
ST_1 : Operation 118 [1/1] (0.33ns)   --->   "%p_2_2 = xor i8 %p_Result_2_2, %p_read1074" [CTREncryption/src/encryption.cpp:161]   --->   Operation 118 'xor' 'p_2_2' <Predicate = true> <Delay = 0.33> <Core = "LogicGate">   --->   Core 27 'LogicGate' <Latency = 0> <II = 1> <Delay = 0.33> <FuncUnit> <Opcode : 'and' 'or' 'xor'> <InPorts = 2> <OutPorts = 1>
ST_1 : Operation 119 [1/1] (0.33ns)   --->   "%p_2_2_1 = xor i8 %p_Result_2_2, %p_read_161" [CTREncryption/src/encryption.cpp:161]   --->   Operation 119 'xor' 'p_2_2_1' <Predicate = true> <Delay = 0.33> <Core = "LogicGate">   --->   Core 27 'LogicGate' <Latency = 0> <II = 1> <Delay = 0.33> <FuncUnit> <Opcode : 'and' 'or' 'xor'> <InPorts = 2> <OutPorts = 1>
ST_1 : Operation 120 [1/1] (0.33ns)   --->   "%p_2_2_2 = xor i8 %p_Result_2_2, %p_read_147" [CTREncryption/src/encryption.cpp:161]   --->   Operation 120 'xor' 'p_2_2_2' <Predicate = true> <Delay = 0.33> <Core = "LogicGate">   --->   Core 27 'LogicGate' <Latency = 0> <II = 1> <Delay = 0.33> <FuncUnit> <Opcode : 'and' 'or' 'xor'> <InPorts = 2> <OutPorts = 1>
ST_1 : Operation 121 [1/1] (0.33ns)   --->   "%p_2_2_3 = xor i8 %p_Result_2_2, %p_read_132" [CTREncryption/src/encryption.cpp:161]   --->   Operation 121 'xor' 'p_2_2_3' <Predicate = true> <Delay = 0.33> <Core = "LogicGate">   --->   Core 27 'LogicGate' <Latency = 0> <II = 1> <Delay = 0.33> <FuncUnit> <Opcode : 'and' 'or' 'xor'> <InPorts = 2> <OutPorts = 1>
ST_1 : Operation 122 [1/1] (0.00ns)   --->   "%p_Result_2_3 = call i8 @_ssdm_op_PartSelect.i8.i128.i32.i32(i128 %sub_key_V_6_read, i32 8, i32 15)" [CTREncryption/src/encryption.cpp:158]   --->   Operation 122 'partselect' 'p_Result_2_3' <Predicate = true> <Delay = 0.00>
ST_1 : Operation 123 [1/1] (0.33ns)   --->   "%p_2_3 = xor i8 %p_Result_2_3, %p_read_175" [CTREncryption/src/encryption.cpp:161]   --->   Operation 123 'xor' 'p_2_3' <Predicate = true> <Delay = 0.33> <Core = "LogicGate">   --->   Core 27 'LogicGate' <Latency = 0> <II = 1> <Delay = 0.33> <FuncUnit> <Opcode : 'and' 'or' 'xor'> <InPorts = 2> <OutPorts = 1>
ST_1 : Operation 124 [1/1] (0.33ns)   --->   "%p_2_3_1 = xor i8 %p_Result_2_3, %p_read_160" [CTREncryption/src/encryption.cpp:161]   --->   Operation 124 'xor' 'p_2_3_1' <Predicate = true> <Delay = 0.33> <Core = "LogicGate">   --->   Core 27 'LogicGate' <Latency = 0> <II = 1> <Delay = 0.33> <FuncUnit> <Opcode : 'and' 'or' 'xor'> <InPorts = 2> <OutPorts = 1>
ST_1 : Operation 125 [1/1] (0.33ns)   --->   "%p_2_3_2 = xor i8 %p_Result_2_3, %p_read_146" [CTREncryption/src/encryption.cpp:161]   --->   Operation 125 'xor' 'p_2_3_2' <Predicate = true> <Delay = 0.33> <Core = "LogicGate">   --->   Core 27 'LogicGate' <Latency = 0> <II = 1> <Delay = 0.33> <FuncUnit> <Opcode : 'and' 'or' 'xor'> <InPorts = 2> <OutPorts = 1>
ST_1 : Operation 126 [1/1] (0.33ns)   --->   "%p_2_3_3 = xor i8 %p_Result_2_3, %p_read_131" [CTREncryption/src/encryption.cpp:161]   --->   Operation 126 'xor' 'p_2_3_3' <Predicate = true> <Delay = 0.33> <Core = "LogicGate">   --->   Core 27 'LogicGate' <Latency = 0> <II = 1> <Delay = 0.33> <FuncUnit> <Opcode : 'and' 'or' 'xor'> <InPorts = 2> <OutPorts = 1>
ST_1 : Operation 127 [1/1] (0.00ns)   --->   "%p_Result_3 = call i8 @_ssdm_op_PartSelect.i8.i128.i32.i32(i128 %sub_key_V_6_read, i32 96, i32 103)" [CTREncryption/src/encryption.cpp:158]   --->   Operation 127 'partselect' 'p_Result_3' <Predicate = true> <Delay = 0.00>
ST_1 : Operation 128 [1/1] (0.33ns)   --->   "%p_3 = xor i8 %p_Result_3, %p_read_174" [CTREncryption/src/encryption.cpp:161]   --->   Operation 128 'xor' 'p_3' <Predicate = true> <Delay = 0.33> <Core = "LogicGate">   --->   Core 27 'LogicGate' <Latency = 0> <II = 1> <Delay = 0.33> <FuncUnit> <Opcode : 'and' 'or' 'xor'> <InPorts = 2> <OutPorts = 1>
ST_1 : Operation 129 [1/1] (0.33ns)   --->   "%p_3_0_1 = xor i8 %p_Result_3, %p_read_159" [CTREncryption/src/encryption.cpp:161]   --->   Operation 129 'xor' 'p_3_0_1' <Predicate = true> <Delay = 0.33> <Core = "LogicGate">   --->   Core 27 'LogicGate' <Latency = 0> <II = 1> <Delay = 0.33> <FuncUnit> <Opcode : 'and' 'or' 'xor'> <InPorts = 2> <OutPorts = 1>
ST_1 : Operation 130 [1/1] (0.33ns)   --->   "%p_3_0_2 = xor i8 %p_Result_3, %p_read_145" [CTREncryption/src/encryption.cpp:161]   --->   Operation 130 'xor' 'p_3_0_2' <Predicate = true> <Delay = 0.33> <Core = "LogicGate">   --->   Core 27 'LogicGate' <Latency = 0> <II = 1> <Delay = 0.33> <FuncUnit> <Opcode : 'and' 'or' 'xor'> <InPorts = 2> <OutPorts = 1>
ST_1 : Operation 131 [1/1] (0.33ns)   --->   "%p_3_0_3 = xor i8 %p_Result_3, %p_read60124" [CTREncryption/src/encryption.cpp:161]   --->   Operation 131 'xor' 'p_3_0_3' <Predicate = true> <Delay = 0.33> <Core = "LogicGate">   --->   Core 27 'LogicGate' <Latency = 0> <II = 1> <Delay = 0.33> <FuncUnit> <Opcode : 'and' 'or' 'xor'> <InPorts = 2> <OutPorts = 1>
ST_1 : Operation 132 [1/1] (0.00ns)   --->   "%p_Result_3_1 = call i8 @_ssdm_op_PartSelect.i8.i128.i32.i32(i128 %sub_key_V_6_read, i32 64, i32 71)" [CTREncryption/src/encryption.cpp:158]   --->   Operation 132 'partselect' 'p_Result_3_1' <Predicate = true> <Delay = 0.00>
ST_1 : Operation 133 [1/1] (0.33ns)   --->   "%p_3_1 = xor i8 %p_Result_3_1, %p_read_173" [CTREncryption/src/encryption.cpp:161]   --->   Operation 133 'xor' 'p_3_1' <Predicate = true> <Delay = 0.33> <Core = "LogicGate">   --->   Core 27 'LogicGate' <Latency = 0> <II = 1> <Delay = 0.33> <FuncUnit> <Opcode : 'and' 'or' 'xor'> <InPorts = 2> <OutPorts = 1>
ST_1 : Operation 134 [1/1] (0.33ns)   --->   "%p_3_1_1 = xor i8 %p_Result_3_1, %p_read_158" [CTREncryption/src/encryption.cpp:161]   --->   Operation 134 'xor' 'p_3_1_1' <Predicate = true> <Delay = 0.33> <Core = "LogicGate">   --->   Core 27 'LogicGate' <Latency = 0> <II = 1> <Delay = 0.33> <FuncUnit> <Opcode : 'and' 'or' 'xor'> <InPorts = 2> <OutPorts = 1>
ST_1 : Operation 135 [1/1] (0.33ns)   --->   "%p_3_1_2 = xor i8 %p_Result_3_1, %p_read_144" [CTREncryption/src/encryption.cpp:161]   --->   Operation 135 'xor' 'p_3_1_2' <Predicate = true> <Delay = 0.33> <Core = "LogicGate">   --->   Core 27 'LogicGate' <Latency = 0> <II = 1> <Delay = 0.33> <FuncUnit> <Opcode : 'and' 'or' 'xor'> <InPorts = 2> <OutPorts = 1>
ST_1 : Operation 136 [1/1] (0.33ns)   --->   "%p_3_1_3 = xor i8 %p_Result_3_1, %p_read_130" [CTREncryption/src/encryption.cpp:161]   --->   Operation 136 'xor' 'p_3_1_3' <Predicate = true> <Delay = 0.33> <Core = "LogicGate">   --->   Core 27 'LogicGate' <Latency = 0> <II = 1> <Delay = 0.33> <FuncUnit> <Opcode : 'and' 'or' 'xor'> <InPorts = 2> <OutPorts = 1>
ST_1 : Operation 137 [1/1] (0.00ns)   --->   "%p_Result_3_2 = call i8 @_ssdm_op_PartSelect.i8.i128.i32.i32(i128 %sub_key_V_6_read, i32 32, i32 39)" [CTREncryption/src/encryption.cpp:158]   --->   Operation 137 'partselect' 'p_Result_3_2' <Predicate = true> <Delay = 0.00>
ST_1 : Operation 138 [1/1] (0.33ns)   --->   "%p_3_2 = xor i8 %p_Result_3_2, %p_read_172" [CTREncryption/src/encryption.cpp:161]   --->   Operation 138 'xor' 'p_3_2' <Predicate = true> <Delay = 0.33> <Core = "LogicGate">   --->   Core 27 'LogicGate' <Latency = 0> <II = 1> <Delay = 0.33> <FuncUnit> <Opcode : 'and' 'or' 'xor'> <InPorts = 2> <OutPorts = 1>
ST_1 : Operation 139 [1/1] (0.33ns)   --->   "%p_3_2_1 = xor i8 %p_Result_3_2, %p_read3094" [CTREncryption/src/encryption.cpp:161]   --->   Operation 139 'xor' 'p_3_2_1' <Predicate = true> <Delay = 0.33> <Core = "LogicGate">   --->   Core 27 'LogicGate' <Latency = 0> <II = 1> <Delay = 0.33> <FuncUnit> <Opcode : 'and' 'or' 'xor'> <InPorts = 2> <OutPorts = 1>
ST_1 : Operation 140 [1/1] (0.33ns)   --->   "%p_3_2_2 = xor i8 %p_Result_3_2, %p_read_143" [CTREncryption/src/encryption.cpp:161]   --->   Operation 140 'xor' 'p_3_2_2' <Predicate = true> <Delay = 0.33> <Core = "LogicGate">   --->   Core 27 'LogicGate' <Latency = 0> <II = 1> <Delay = 0.33> <FuncUnit> <Opcode : 'and' 'or' 'xor'> <InPorts = 2> <OutPorts = 1>
ST_1 : Operation 141 [1/1] (0.33ns)   --->   "%p_3_2_3 = xor i8 %p_Result_3_2, %p_read_129" [CTREncryption/src/encryption.cpp:161]   --->   Operation 141 'xor' 'p_3_2_3' <Predicate = true> <Delay = 0.33> <Core = "LogicGate">   --->   Core 27 'LogicGate' <Latency = 0> <II = 1> <Delay = 0.33> <FuncUnit> <Opcode : 'and' 'or' 'xor'> <InPorts = 2> <OutPorts = 1>
ST_1 : Operation 142 [1/1] (0.00ns)   --->   "%tmp = trunc i128 %sub_key_V_6_read to i8" [CTREncryption/src/encryption.cpp:158]   --->   Operation 142 'trunc' 'tmp' <Predicate = true> <Delay = 0.00>
ST_1 : Operation 143 [1/1] (0.33ns)   --->   "%p_3_3 = xor i8 %tmp, %p_read_171" [CTREncryption/src/encryption.cpp:161]   --->   Operation 143 'xor' 'p_3_3' <Predicate = true> <Delay = 0.33> <Core = "LogicGate">   --->   Core 27 'LogicGate' <Latency = 0> <II = 1> <Delay = 0.33> <FuncUnit> <Opcode : 'and' 'or' 'xor'> <InPorts = 2> <OutPorts = 1>
ST_1 : Operation 144 [1/1] (0.33ns)   --->   "%p_3_3_1 = xor i8 %tmp, %p_read_157" [CTREncryption/src/encryption.cpp:161]   --->   Operation 144 'xor' 'p_3_3_1' <Predicate = true> <Delay = 0.33> <Core = "LogicGate">   --->   Core 27 'LogicGate' <Latency = 0> <II = 1> <Delay = 0.33> <FuncUnit> <Opcode : 'and' 'or' 'xor'> <InPorts = 2> <OutPorts = 1>
ST_1 : Operation 145 [1/1] (0.33ns)   --->   "%p_3_3_2 = xor i8 %tmp, %p_read_142" [CTREncryption/src/encryption.cpp:161]   --->   Operation 145 'xor' 'p_3_3_2' <Predicate = true> <Delay = 0.33> <Core = "LogicGate">   --->   Core 27 'LogicGate' <Latency = 0> <II = 1> <Delay = 0.33> <FuncUnit> <Opcode : 'and' 'or' 'xor'> <InPorts = 2> <OutPorts = 1>
ST_1 : Operation 146 [1/1] (0.33ns)   --->   "%p_3_3_3 = xor i8 %tmp, %p_read_128" [CTREncryption/src/encryption.cpp:161]   --->   Operation 146 'xor' 'p_3_3_3' <Predicate = true> <Delay = 0.33> <Core = "LogicGate">   --->   Core 27 'LogicGate' <Latency = 0> <II = 1> <Delay = 0.33> <FuncUnit> <Opcode : 'and' 'or' 'xor'> <InPorts = 2> <OutPorts = 1>
ST_1 : Operation 147 [1/1] (0.00ns)   --->   "%mrv = insertvalue { i8, i8, i8, i8, i8, i8, i8, i8, i8, i8, i8, i8, i8, i8, i8, i8, i8, i8, i8, i8, i8, i8, i8, i8, i8, i8, i8, i8, i8, i8, i8, i8, i8, i8, i8, i8, i8, i8, i8, i8, i8, i8, i8, i8, i8, i8, i8, i8, i8, i8, i8, i8, i8, i8, i8, i8, i8, i8, i8, i8, i8, i8, i8, i8 } undef, i8 %p_s, 0" [CTREncryption/src/encryption.cpp:165]   --->   Operation 147 'insertvalue' 'mrv' <Predicate = true> <Delay = 0.00>
ST_1 : Operation 148 [1/1] (0.00ns)   --->   "%mrv_1 = insertvalue { i8, i8, i8, i8, i8, i8, i8, i8, i8, i8, i8, i8, i8, i8, i8, i8, i8, i8, i8, i8, i8, i8, i8, i8, i8, i8, i8, i8, i8, i8, i8, i8, i8, i8, i8, i8, i8, i8, i8, i8, i8, i8, i8, i8, i8, i8, i8, i8, i8, i8, i8, i8, i8, i8, i8, i8, i8, i8, i8, i8, i8, i8, i8, i8 } %mrv, i8 %p_0_1, 1" [CTREncryption/src/encryption.cpp:165]   --->   Operation 148 'insertvalue' 'mrv_1' <Predicate = true> <Delay = 0.00>
ST_1 : Operation 149 [1/1] (0.00ns)   --->   "%mrv_2 = insertvalue { i8, i8, i8, i8, i8, i8, i8, i8, i8, i8, i8, i8, i8, i8, i8, i8, i8, i8, i8, i8, i8, i8, i8, i8, i8, i8, i8, i8, i8, i8, i8, i8, i8, i8, i8, i8, i8, i8, i8, i8, i8, i8, i8, i8, i8, i8, i8, i8, i8, i8, i8, i8, i8, i8, i8, i8, i8, i8, i8, i8, i8, i8, i8, i8 } %mrv_1, i8 %p_0_2, 2" [CTREncryption/src/encryption.cpp:165]   --->   Operation 149 'insertvalue' 'mrv_2' <Predicate = true> <Delay = 0.00>
ST_1 : Operation 150 [1/1] (0.00ns)   --->   "%mrv_3 = insertvalue { i8, i8, i8, i8, i8, i8, i8, i8, i8, i8, i8, i8, i8, i8, i8, i8, i8, i8, i8, i8, i8, i8, i8, i8, i8, i8, i8, i8, i8, i8, i8, i8, i8, i8, i8, i8, i8, i8, i8, i8, i8, i8, i8, i8, i8, i8, i8, i8, i8, i8, i8, i8, i8, i8, i8, i8, i8, i8, i8, i8, i8, i8, i8, i8 } %mrv_2, i8 %p_0_3, 3" [CTREncryption/src/encryption.cpp:165]   --->   Operation 150 'insertvalue' 'mrv_3' <Predicate = true> <Delay = 0.00>
ST_1 : Operation 151 [1/1] (0.00ns)   --->   "%mrv_4 = insertvalue { i8, i8, i8, i8, i8, i8, i8, i8, i8, i8, i8, i8, i8, i8, i8, i8, i8, i8, i8, i8, i8, i8, i8, i8, i8, i8, i8, i8, i8, i8, i8, i8, i8, i8, i8, i8, i8, i8, i8, i8, i8, i8, i8, i8, i8, i8, i8, i8, i8, i8, i8, i8, i8, i8, i8, i8, i8, i8, i8, i8, i8, i8, i8, i8 } %mrv_3, i8 %p_1, 4" [CTREncryption/src/encryption.cpp:165]   --->   Operation 151 'insertvalue' 'mrv_4' <Predicate = true> <Delay = 0.00>
ST_1 : Operation 152 [1/1] (0.00ns)   --->   "%mrv_5 = insertvalue { i8, i8, i8, i8, i8, i8, i8, i8, i8, i8, i8, i8, i8, i8, i8, i8, i8, i8, i8, i8, i8, i8, i8, i8, i8, i8, i8, i8, i8, i8, i8, i8, i8, i8, i8, i8, i8, i8, i8, i8, i8, i8, i8, i8, i8, i8, i8, i8, i8, i8, i8, i8, i8, i8, i8, i8, i8, i8, i8, i8, i8, i8, i8, i8 } %mrv_4, i8 %p_1_1, 5" [CTREncryption/src/encryption.cpp:165]   --->   Operation 152 'insertvalue' 'mrv_5' <Predicate = true> <Delay = 0.00>
ST_1 : Operation 153 [1/1] (0.00ns)   --->   "%mrv_6 = insertvalue { i8, i8, i8, i8, i8, i8, i8, i8, i8, i8, i8, i8, i8, i8, i8, i8, i8, i8, i8, i8, i8, i8, i8, i8, i8, i8, i8, i8, i8, i8, i8, i8, i8, i8, i8, i8, i8, i8, i8, i8, i8, i8, i8, i8, i8, i8, i8, i8, i8, i8, i8, i8, i8, i8, i8, i8, i8, i8, i8, i8, i8, i8, i8, i8 } %mrv_5, i8 %p_1_2, 6" [CTREncryption/src/encryption.cpp:165]   --->   Operation 153 'insertvalue' 'mrv_6' <Predicate = true> <Delay = 0.00>
ST_1 : Operation 154 [1/1] (0.00ns)   --->   "%mrv_7 = insertvalue { i8, i8, i8, i8, i8, i8, i8, i8, i8, i8, i8, i8, i8, i8, i8, i8, i8, i8, i8, i8, i8, i8, i8, i8, i8, i8, i8, i8, i8, i8, i8, i8, i8, i8, i8, i8, i8, i8, i8, i8, i8, i8, i8, i8, i8, i8, i8, i8, i8, i8, i8, i8, i8, i8, i8, i8, i8, i8, i8, i8, i8, i8, i8, i8 } %mrv_6, i8 %p_1_3, 7" [CTREncryption/src/encryption.cpp:165]   --->   Operation 154 'insertvalue' 'mrv_7' <Predicate = true> <Delay = 0.00>
ST_1 : Operation 155 [1/1] (0.00ns)   --->   "%mrv_8 = insertvalue { i8, i8, i8, i8, i8, i8, i8, i8, i8, i8, i8, i8, i8, i8, i8, i8, i8, i8, i8, i8, i8, i8, i8, i8, i8, i8, i8, i8, i8, i8, i8, i8, i8, i8, i8, i8, i8, i8, i8, i8, i8, i8, i8, i8, i8, i8, i8, i8, i8, i8, i8, i8, i8, i8, i8, i8, i8, i8, i8, i8, i8, i8, i8, i8 } %mrv_7, i8 %p_2, 8" [CTREncryption/src/encryption.cpp:165]   --->   Operation 155 'insertvalue' 'mrv_8' <Predicate = true> <Delay = 0.00>
ST_1 : Operation 156 [1/1] (0.00ns)   --->   "%mrv_9 = insertvalue { i8, i8, i8, i8, i8, i8, i8, i8, i8, i8, i8, i8, i8, i8, i8, i8, i8, i8, i8, i8, i8, i8, i8, i8, i8, i8, i8, i8, i8, i8, i8, i8, i8, i8, i8, i8, i8, i8, i8, i8, i8, i8, i8, i8, i8, i8, i8, i8, i8, i8, i8, i8, i8, i8, i8, i8, i8, i8, i8, i8, i8, i8, i8, i8 } %mrv_8, i8 %p_2_1, 9" [CTREncryption/src/encryption.cpp:165]   --->   Operation 156 'insertvalue' 'mrv_9' <Predicate = true> <Delay = 0.00>
ST_1 : Operation 157 [1/1] (0.00ns)   --->   "%mrv_10 = insertvalue { i8, i8, i8, i8, i8, i8, i8, i8, i8, i8, i8, i8, i8, i8, i8, i8, i8, i8, i8, i8, i8, i8, i8, i8, i8, i8, i8, i8, i8, i8, i8, i8, i8, i8, i8, i8, i8, i8, i8, i8, i8, i8, i8, i8, i8, i8, i8, i8, i8, i8, i8, i8, i8, i8, i8, i8, i8, i8, i8, i8, i8, i8, i8, i8 } %mrv_9, i8 %p_2_2, 10" [CTREncryption/src/encryption.cpp:165]   --->   Operation 157 'insertvalue' 'mrv_10' <Predicate = true> <Delay = 0.00>
ST_1 : Operation 158 [1/1] (0.00ns)   --->   "%mrv_11 = insertvalue { i8, i8, i8, i8, i8, i8, i8, i8, i8, i8, i8, i8, i8, i8, i8, i8, i8, i8, i8, i8, i8, i8, i8, i8, i8, i8, i8, i8, i8, i8, i8, i8, i8, i8, i8, i8, i8, i8, i8, i8, i8, i8, i8, i8, i8, i8, i8, i8, i8, i8, i8, i8, i8, i8, i8, i8, i8, i8, i8, i8, i8, i8, i8, i8 } %mrv_10, i8 %p_2_3, 11" [CTREncryption/src/encryption.cpp:165]   --->   Operation 158 'insertvalue' 'mrv_11' <Predicate = true> <Delay = 0.00>
ST_1 : Operation 159 [1/1] (0.00ns)   --->   "%mrv_12 = insertvalue { i8, i8, i8, i8, i8, i8, i8, i8, i8, i8, i8, i8, i8, i8, i8, i8, i8, i8, i8, i8, i8, i8, i8, i8, i8, i8, i8, i8, i8, i8, i8, i8, i8, i8, i8, i8, i8, i8, i8, i8, i8, i8, i8, i8, i8, i8, i8, i8, i8, i8, i8, i8, i8, i8, i8, i8, i8, i8, i8, i8, i8, i8, i8, i8 } %mrv_11, i8 %p_3, 12" [CTREncryption/src/encryption.cpp:165]   --->   Operation 159 'insertvalue' 'mrv_12' <Predicate = true> <Delay = 0.00>
ST_1 : Operation 160 [1/1] (0.00ns)   --->   "%mrv_13 = insertvalue { i8, i8, i8, i8, i8, i8, i8, i8, i8, i8, i8, i8, i8, i8, i8, i8, i8, i8, i8, i8, i8, i8, i8, i8, i8, i8, i8, i8, i8, i8, i8, i8, i8, i8, i8, i8, i8, i8, i8, i8, i8, i8, i8, i8, i8, i8, i8, i8, i8, i8, i8, i8, i8, i8, i8, i8, i8, i8, i8, i8, i8, i8, i8, i8 } %mrv_12, i8 %p_3_1, 13" [CTREncryption/src/encryption.cpp:165]   --->   Operation 160 'insertvalue' 'mrv_13' <Predicate = true> <Delay = 0.00>
ST_1 : Operation 161 [1/1] (0.00ns)   --->   "%mrv_14 = insertvalue { i8, i8, i8, i8, i8, i8, i8, i8, i8, i8, i8, i8, i8, i8, i8, i8, i8, i8, i8, i8, i8, i8, i8, i8, i8, i8, i8, i8, i8, i8, i8, i8, i8, i8, i8, i8, i8, i8, i8, i8, i8, i8, i8, i8, i8, i8, i8, i8, i8, i8, i8, i8, i8, i8, i8, i8, i8, i8, i8, i8, i8, i8, i8, i8 } %mrv_13, i8 %p_3_2, 14" [CTREncryption/src/encryption.cpp:165]   --->   Operation 161 'insertvalue' 'mrv_14' <Predicate = true> <Delay = 0.00>
ST_1 : Operation 162 [1/1] (0.00ns)   --->   "%mrv_15 = insertvalue { i8, i8, i8, i8, i8, i8, i8, i8, i8, i8, i8, i8, i8, i8, i8, i8, i8, i8, i8, i8, i8, i8, i8, i8, i8, i8, i8, i8, i8, i8, i8, i8, i8, i8, i8, i8, i8, i8, i8, i8, i8, i8, i8, i8, i8, i8, i8, i8, i8, i8, i8, i8, i8, i8, i8, i8, i8, i8, i8, i8, i8, i8, i8, i8 } %mrv_14, i8 %p_3_3, 15" [CTREncryption/src/encryption.cpp:165]   --->   Operation 162 'insertvalue' 'mrv_15' <Predicate = true> <Delay = 0.00>
ST_1 : Operation 163 [1/1] (0.00ns)   --->   "%mrv_16 = insertvalue { i8, i8, i8, i8, i8, i8, i8, i8, i8, i8, i8, i8, i8, i8, i8, i8, i8, i8, i8, i8, i8, i8, i8, i8, i8, i8, i8, i8, i8, i8, i8, i8, i8, i8, i8, i8, i8, i8, i8, i8, i8, i8, i8, i8, i8, i8, i8, i8, i8, i8, i8, i8, i8, i8, i8, i8, i8, i8, i8, i8, i8, i8, i8, i8 } %mrv_15, i8 %p_0_0_1, 16" [CTREncryption/src/encryption.cpp:165]   --->   Operation 163 'insertvalue' 'mrv_16' <Predicate = true> <Delay = 0.00>
ST_1 : Operation 164 [1/1] (0.00ns)   --->   "%mrv_17 = insertvalue { i8, i8, i8, i8, i8, i8, i8, i8, i8, i8, i8, i8, i8, i8, i8, i8, i8, i8, i8, i8, i8, i8, i8, i8, i8, i8, i8, i8, i8, i8, i8, i8, i8, i8, i8, i8, i8, i8, i8, i8, i8, i8, i8, i8, i8, i8, i8, i8, i8, i8, i8, i8, i8, i8, i8, i8, i8, i8, i8, i8, i8, i8, i8, i8 } %mrv_16, i8 %p_0_1_1, 17" [CTREncryption/src/encryption.cpp:165]   --->   Operation 164 'insertvalue' 'mrv_17' <Predicate = true> <Delay = 0.00>
ST_1 : Operation 165 [1/1] (0.00ns)   --->   "%mrv_18 = insertvalue { i8, i8, i8, i8, i8, i8, i8, i8, i8, i8, i8, i8, i8, i8, i8, i8, i8, i8, i8, i8, i8, i8, i8, i8, i8, i8, i8, i8, i8, i8, i8, i8, i8, i8, i8, i8, i8, i8, i8, i8, i8, i8, i8, i8, i8, i8, i8, i8, i8, i8, i8, i8, i8, i8, i8, i8, i8, i8, i8, i8, i8, i8, i8, i8 } %mrv_17, i8 %p_0_2_1, 18" [CTREncryption/src/encryption.cpp:165]   --->   Operation 165 'insertvalue' 'mrv_18' <Predicate = true> <Delay = 0.00>
ST_1 : Operation 166 [1/1] (0.00ns)   --->   "%mrv_19 = insertvalue { i8, i8, i8, i8, i8, i8, i8, i8, i8, i8, i8, i8, i8, i8, i8, i8, i8, i8, i8, i8, i8, i8, i8, i8, i8, i8, i8, i8, i8, i8, i8, i8, i8, i8, i8, i8, i8, i8, i8, i8, i8, i8, i8, i8, i8, i8, i8, i8, i8, i8, i8, i8, i8, i8, i8, i8, i8, i8, i8, i8, i8, i8, i8, i8 } %mrv_18, i8 %p_0_3_1, 19" [CTREncryption/src/encryption.cpp:165]   --->   Operation 166 'insertvalue' 'mrv_19' <Predicate = true> <Delay = 0.00>
ST_1 : Operation 167 [1/1] (0.00ns)   --->   "%mrv_20 = insertvalue { i8, i8, i8, i8, i8, i8, i8, i8, i8, i8, i8, i8, i8, i8, i8, i8, i8, i8, i8, i8, i8, i8, i8, i8, i8, i8, i8, i8, i8, i8, i8, i8, i8, i8, i8, i8, i8, i8, i8, i8, i8, i8, i8, i8, i8, i8, i8, i8, i8, i8, i8, i8, i8, i8, i8, i8, i8, i8, i8, i8, i8, i8, i8, i8 } %mrv_19, i8 %p_1_0_1, 20" [CTREncryption/src/encryption.cpp:165]   --->   Operation 167 'insertvalue' 'mrv_20' <Predicate = true> <Delay = 0.00>
ST_1 : Operation 168 [1/1] (0.00ns)   --->   "%mrv_21 = insertvalue { i8, i8, i8, i8, i8, i8, i8, i8, i8, i8, i8, i8, i8, i8, i8, i8, i8, i8, i8, i8, i8, i8, i8, i8, i8, i8, i8, i8, i8, i8, i8, i8, i8, i8, i8, i8, i8, i8, i8, i8, i8, i8, i8, i8, i8, i8, i8, i8, i8, i8, i8, i8, i8, i8, i8, i8, i8, i8, i8, i8, i8, i8, i8, i8 } %mrv_20, i8 %p_1_1_1, 21" [CTREncryption/src/encryption.cpp:165]   --->   Operation 168 'insertvalue' 'mrv_21' <Predicate = true> <Delay = 0.00>
ST_1 : Operation 169 [1/1] (0.00ns)   --->   "%mrv_22 = insertvalue { i8, i8, i8, i8, i8, i8, i8, i8, i8, i8, i8, i8, i8, i8, i8, i8, i8, i8, i8, i8, i8, i8, i8, i8, i8, i8, i8, i8, i8, i8, i8, i8, i8, i8, i8, i8, i8, i8, i8, i8, i8, i8, i8, i8, i8, i8, i8, i8, i8, i8, i8, i8, i8, i8, i8, i8, i8, i8, i8, i8, i8, i8, i8, i8 } %mrv_21, i8 %p_1_2_1, 22" [CTREncryption/src/encryption.cpp:165]   --->   Operation 169 'insertvalue' 'mrv_22' <Predicate = true> <Delay = 0.00>
ST_1 : Operation 170 [1/1] (0.00ns)   --->   "%mrv_23 = insertvalue { i8, i8, i8, i8, i8, i8, i8, i8, i8, i8, i8, i8, i8, i8, i8, i8, i8, i8, i8, i8, i8, i8, i8, i8, i8, i8, i8, i8, i8, i8, i8, i8, i8, i8, i8, i8, i8, i8, i8, i8, i8, i8, i8, i8, i8, i8, i8, i8, i8, i8, i8, i8, i8, i8, i8, i8, i8, i8, i8, i8, i8, i8, i8, i8 } %mrv_22, i8 %p_1_3_1, 23" [CTREncryption/src/encryption.cpp:165]   --->   Operation 170 'insertvalue' 'mrv_23' <Predicate = true> <Delay = 0.00>
ST_1 : Operation 171 [1/1] (0.00ns)   --->   "%mrv_24 = insertvalue { i8, i8, i8, i8, i8, i8, i8, i8, i8, i8, i8, i8, i8, i8, i8, i8, i8, i8, i8, i8, i8, i8, i8, i8, i8, i8, i8, i8, i8, i8, i8, i8, i8, i8, i8, i8, i8, i8, i8, i8, i8, i8, i8, i8, i8, i8, i8, i8, i8, i8, i8, i8, i8, i8, i8, i8, i8, i8, i8, i8, i8, i8, i8, i8 } %mrv_23, i8 %p_2_0_1, 24" [CTREncryption/src/encryption.cpp:165]   --->   Operation 171 'insertvalue' 'mrv_24' <Predicate = true> <Delay = 0.00>
ST_1 : Operation 172 [1/1] (0.00ns)   --->   "%mrv_25 = insertvalue { i8, i8, i8, i8, i8, i8, i8, i8, i8, i8, i8, i8, i8, i8, i8, i8, i8, i8, i8, i8, i8, i8, i8, i8, i8, i8, i8, i8, i8, i8, i8, i8, i8, i8, i8, i8, i8, i8, i8, i8, i8, i8, i8, i8, i8, i8, i8, i8, i8, i8, i8, i8, i8, i8, i8, i8, i8, i8, i8, i8, i8, i8, i8, i8 } %mrv_24, i8 %p_2_1_1, 25" [CTREncryption/src/encryption.cpp:165]   --->   Operation 172 'insertvalue' 'mrv_25' <Predicate = true> <Delay = 0.00>
ST_1 : Operation 173 [1/1] (0.00ns)   --->   "%mrv_26 = insertvalue { i8, i8, i8, i8, i8, i8, i8, i8, i8, i8, i8, i8, i8, i8, i8, i8, i8, i8, i8, i8, i8, i8, i8, i8, i8, i8, i8, i8, i8, i8, i8, i8, i8, i8, i8, i8, i8, i8, i8, i8, i8, i8, i8, i8, i8, i8, i8, i8, i8, i8, i8, i8, i8, i8, i8, i8, i8, i8, i8, i8, i8, i8, i8, i8 } %mrv_25, i8 %p_2_2_1, 26" [CTREncryption/src/encryption.cpp:165]   --->   Operation 173 'insertvalue' 'mrv_26' <Predicate = true> <Delay = 0.00>
ST_1 : Operation 174 [1/1] (0.00ns)   --->   "%mrv_27 = insertvalue { i8, i8, i8, i8, i8, i8, i8, i8, i8, i8, i8, i8, i8, i8, i8, i8, i8, i8, i8, i8, i8, i8, i8, i8, i8, i8, i8, i8, i8, i8, i8, i8, i8, i8, i8, i8, i8, i8, i8, i8, i8, i8, i8, i8, i8, i8, i8, i8, i8, i8, i8, i8, i8, i8, i8, i8, i8, i8, i8, i8, i8, i8, i8, i8 } %mrv_26, i8 %p_2_3_1, 27" [CTREncryption/src/encryption.cpp:165]   --->   Operation 174 'insertvalue' 'mrv_27' <Predicate = true> <Delay = 0.00>
ST_1 : Operation 175 [1/1] (0.00ns)   --->   "%mrv_28 = insertvalue { i8, i8, i8, i8, i8, i8, i8, i8, i8, i8, i8, i8, i8, i8, i8, i8, i8, i8, i8, i8, i8, i8, i8, i8, i8, i8, i8, i8, i8, i8, i8, i8, i8, i8, i8, i8, i8, i8, i8, i8, i8, i8, i8, i8, i8, i8, i8, i8, i8, i8, i8, i8, i8, i8, i8, i8, i8, i8, i8, i8, i8, i8, i8, i8 } %mrv_27, i8 %p_3_0_1, 28" [CTREncryption/src/encryption.cpp:165]   --->   Operation 175 'insertvalue' 'mrv_28' <Predicate = true> <Delay = 0.00>
ST_1 : Operation 176 [1/1] (0.00ns)   --->   "%mrv_29 = insertvalue { i8, i8, i8, i8, i8, i8, i8, i8, i8, i8, i8, i8, i8, i8, i8, i8, i8, i8, i8, i8, i8, i8, i8, i8, i8, i8, i8, i8, i8, i8, i8, i8, i8, i8, i8, i8, i8, i8, i8, i8, i8, i8, i8, i8, i8, i8, i8, i8, i8, i8, i8, i8, i8, i8, i8, i8, i8, i8, i8, i8, i8, i8, i8, i8 } %mrv_28, i8 %p_3_1_1, 29" [CTREncryption/src/encryption.cpp:165]   --->   Operation 176 'insertvalue' 'mrv_29' <Predicate = true> <Delay = 0.00>
ST_1 : Operation 177 [1/1] (0.00ns)   --->   "%mrv_30 = insertvalue { i8, i8, i8, i8, i8, i8, i8, i8, i8, i8, i8, i8, i8, i8, i8, i8, i8, i8, i8, i8, i8, i8, i8, i8, i8, i8, i8, i8, i8, i8, i8, i8, i8, i8, i8, i8, i8, i8, i8, i8, i8, i8, i8, i8, i8, i8, i8, i8, i8, i8, i8, i8, i8, i8, i8, i8, i8, i8, i8, i8, i8, i8, i8, i8 } %mrv_29, i8 %p_3_2_1, 30" [CTREncryption/src/encryption.cpp:165]   --->   Operation 177 'insertvalue' 'mrv_30' <Predicate = true> <Delay = 0.00>
ST_1 : Operation 178 [1/1] (0.00ns)   --->   "%mrv_31 = insertvalue { i8, i8, i8, i8, i8, i8, i8, i8, i8, i8, i8, i8, i8, i8, i8, i8, i8, i8, i8, i8, i8, i8, i8, i8, i8, i8, i8, i8, i8, i8, i8, i8, i8, i8, i8, i8, i8, i8, i8, i8, i8, i8, i8, i8, i8, i8, i8, i8, i8, i8, i8, i8, i8, i8, i8, i8, i8, i8, i8, i8, i8, i8, i8, i8 } %mrv_30, i8 %p_3_3_1, 31" [CTREncryption/src/encryption.cpp:165]   --->   Operation 178 'insertvalue' 'mrv_31' <Predicate = true> <Delay = 0.00>
ST_1 : Operation 179 [1/1] (0.00ns)   --->   "%mrv_32 = insertvalue { i8, i8, i8, i8, i8, i8, i8, i8, i8, i8, i8, i8, i8, i8, i8, i8, i8, i8, i8, i8, i8, i8, i8, i8, i8, i8, i8, i8, i8, i8, i8, i8, i8, i8, i8, i8, i8, i8, i8, i8, i8, i8, i8, i8, i8, i8, i8, i8, i8, i8, i8, i8, i8, i8, i8, i8, i8, i8, i8, i8, i8, i8, i8, i8 } %mrv_31, i8 %p_0_0_2, 32" [CTREncryption/src/encryption.cpp:165]   --->   Operation 179 'insertvalue' 'mrv_32' <Predicate = true> <Delay = 0.00>
ST_1 : Operation 180 [1/1] (0.00ns)   --->   "%mrv_33 = insertvalue { i8, i8, i8, i8, i8, i8, i8, i8, i8, i8, i8, i8, i8, i8, i8, i8, i8, i8, i8, i8, i8, i8, i8, i8, i8, i8, i8, i8, i8, i8, i8, i8, i8, i8, i8, i8, i8, i8, i8, i8, i8, i8, i8, i8, i8, i8, i8, i8, i8, i8, i8, i8, i8, i8, i8, i8, i8, i8, i8, i8, i8, i8, i8, i8 } %mrv_32, i8 %p_0_1_2, 33" [CTREncryption/src/encryption.cpp:165]   --->   Operation 180 'insertvalue' 'mrv_33' <Predicate = true> <Delay = 0.00>
ST_1 : Operation 181 [1/1] (0.00ns)   --->   "%mrv_34 = insertvalue { i8, i8, i8, i8, i8, i8, i8, i8, i8, i8, i8, i8, i8, i8, i8, i8, i8, i8, i8, i8, i8, i8, i8, i8, i8, i8, i8, i8, i8, i8, i8, i8, i8, i8, i8, i8, i8, i8, i8, i8, i8, i8, i8, i8, i8, i8, i8, i8, i8, i8, i8, i8, i8, i8, i8, i8, i8, i8, i8, i8, i8, i8, i8, i8 } %mrv_33, i8 %p_0_2_2, 34" [CTREncryption/src/encryption.cpp:165]   --->   Operation 181 'insertvalue' 'mrv_34' <Predicate = true> <Delay = 0.00>
ST_1 : Operation 182 [1/1] (0.00ns)   --->   "%mrv_35 = insertvalue { i8, i8, i8, i8, i8, i8, i8, i8, i8, i8, i8, i8, i8, i8, i8, i8, i8, i8, i8, i8, i8, i8, i8, i8, i8, i8, i8, i8, i8, i8, i8, i8, i8, i8, i8, i8, i8, i8, i8, i8, i8, i8, i8, i8, i8, i8, i8, i8, i8, i8, i8, i8, i8, i8, i8, i8, i8, i8, i8, i8, i8, i8, i8, i8 } %mrv_34, i8 %p_0_3_2, 35" [CTREncryption/src/encryption.cpp:165]   --->   Operation 182 'insertvalue' 'mrv_35' <Predicate = true> <Delay = 0.00>
ST_1 : Operation 183 [1/1] (0.00ns)   --->   "%mrv_36 = insertvalue { i8, i8, i8, i8, i8, i8, i8, i8, i8, i8, i8, i8, i8, i8, i8, i8, i8, i8, i8, i8, i8, i8, i8, i8, i8, i8, i8, i8, i8, i8, i8, i8, i8, i8, i8, i8, i8, i8, i8, i8, i8, i8, i8, i8, i8, i8, i8, i8, i8, i8, i8, i8, i8, i8, i8, i8, i8, i8, i8, i8, i8, i8, i8, i8 } %mrv_35, i8 %p_1_0_2, 36" [CTREncryption/src/encryption.cpp:165]   --->   Operation 183 'insertvalue' 'mrv_36' <Predicate = true> <Delay = 0.00>
ST_1 : Operation 184 [1/1] (0.00ns)   --->   "%mrv_37 = insertvalue { i8, i8, i8, i8, i8, i8, i8, i8, i8, i8, i8, i8, i8, i8, i8, i8, i8, i8, i8, i8, i8, i8, i8, i8, i8, i8, i8, i8, i8, i8, i8, i8, i8, i8, i8, i8, i8, i8, i8, i8, i8, i8, i8, i8, i8, i8, i8, i8, i8, i8, i8, i8, i8, i8, i8, i8, i8, i8, i8, i8, i8, i8, i8, i8 } %mrv_36, i8 %p_1_1_2, 37" [CTREncryption/src/encryption.cpp:165]   --->   Operation 184 'insertvalue' 'mrv_37' <Predicate = true> <Delay = 0.00>
ST_1 : Operation 185 [1/1] (0.00ns)   --->   "%mrv_38 = insertvalue { i8, i8, i8, i8, i8, i8, i8, i8, i8, i8, i8, i8, i8, i8, i8, i8, i8, i8, i8, i8, i8, i8, i8, i8, i8, i8, i8, i8, i8, i8, i8, i8, i8, i8, i8, i8, i8, i8, i8, i8, i8, i8, i8, i8, i8, i8, i8, i8, i8, i8, i8, i8, i8, i8, i8, i8, i8, i8, i8, i8, i8, i8, i8, i8 } %mrv_37, i8 %p_1_2_2, 38" [CTREncryption/src/encryption.cpp:165]   --->   Operation 185 'insertvalue' 'mrv_38' <Predicate = true> <Delay = 0.00>
ST_1 : Operation 186 [1/1] (0.00ns)   --->   "%mrv_39 = insertvalue { i8, i8, i8, i8, i8, i8, i8, i8, i8, i8, i8, i8, i8, i8, i8, i8, i8, i8, i8, i8, i8, i8, i8, i8, i8, i8, i8, i8, i8, i8, i8, i8, i8, i8, i8, i8, i8, i8, i8, i8, i8, i8, i8, i8, i8, i8, i8, i8, i8, i8, i8, i8, i8, i8, i8, i8, i8, i8, i8, i8, i8, i8, i8, i8 } %mrv_38, i8 %p_1_3_2, 39" [CTREncryption/src/encryption.cpp:165]   --->   Operation 186 'insertvalue' 'mrv_39' <Predicate = true> <Delay = 0.00>
ST_1 : Operation 187 [1/1] (0.00ns)   --->   "%mrv_40 = insertvalue { i8, i8, i8, i8, i8, i8, i8, i8, i8, i8, i8, i8, i8, i8, i8, i8, i8, i8, i8, i8, i8, i8, i8, i8, i8, i8, i8, i8, i8, i8, i8, i8, i8, i8, i8, i8, i8, i8, i8, i8, i8, i8, i8, i8, i8, i8, i8, i8, i8, i8, i8, i8, i8, i8, i8, i8, i8, i8, i8, i8, i8, i8, i8, i8 } %mrv_39, i8 %p_2_0_2, 40" [CTREncryption/src/encryption.cpp:165]   --->   Operation 187 'insertvalue' 'mrv_40' <Predicate = true> <Delay = 0.00>
ST_1 : Operation 188 [1/1] (0.00ns)   --->   "%mrv_41 = insertvalue { i8, i8, i8, i8, i8, i8, i8, i8, i8, i8, i8, i8, i8, i8, i8, i8, i8, i8, i8, i8, i8, i8, i8, i8, i8, i8, i8, i8, i8, i8, i8, i8, i8, i8, i8, i8, i8, i8, i8, i8, i8, i8, i8, i8, i8, i8, i8, i8, i8, i8, i8, i8, i8, i8, i8, i8, i8, i8, i8, i8, i8, i8, i8, i8 } %mrv_40, i8 %p_2_1_2, 41" [CTREncryption/src/encryption.cpp:165]   --->   Operation 188 'insertvalue' 'mrv_41' <Predicate = true> <Delay = 0.00>
ST_1 : Operation 189 [1/1] (0.00ns)   --->   "%mrv_42 = insertvalue { i8, i8, i8, i8, i8, i8, i8, i8, i8, i8, i8, i8, i8, i8, i8, i8, i8, i8, i8, i8, i8, i8, i8, i8, i8, i8, i8, i8, i8, i8, i8, i8, i8, i8, i8, i8, i8, i8, i8, i8, i8, i8, i8, i8, i8, i8, i8, i8, i8, i8, i8, i8, i8, i8, i8, i8, i8, i8, i8, i8, i8, i8, i8, i8 } %mrv_41, i8 %p_2_2_2, 42" [CTREncryption/src/encryption.cpp:165]   --->   Operation 189 'insertvalue' 'mrv_42' <Predicate = true> <Delay = 0.00>
ST_1 : Operation 190 [1/1] (0.00ns)   --->   "%mrv_43 = insertvalue { i8, i8, i8, i8, i8, i8, i8, i8, i8, i8, i8, i8, i8, i8, i8, i8, i8, i8, i8, i8, i8, i8, i8, i8, i8, i8, i8, i8, i8, i8, i8, i8, i8, i8, i8, i8, i8, i8, i8, i8, i8, i8, i8, i8, i8, i8, i8, i8, i8, i8, i8, i8, i8, i8, i8, i8, i8, i8, i8, i8, i8, i8, i8, i8 } %mrv_42, i8 %p_2_3_2, 43" [CTREncryption/src/encryption.cpp:165]   --->   Operation 190 'insertvalue' 'mrv_43' <Predicate = true> <Delay = 0.00>
ST_1 : Operation 191 [1/1] (0.00ns)   --->   "%mrv_44 = insertvalue { i8, i8, i8, i8, i8, i8, i8, i8, i8, i8, i8, i8, i8, i8, i8, i8, i8, i8, i8, i8, i8, i8, i8, i8, i8, i8, i8, i8, i8, i8, i8, i8, i8, i8, i8, i8, i8, i8, i8, i8, i8, i8, i8, i8, i8, i8, i8, i8, i8, i8, i8, i8, i8, i8, i8, i8, i8, i8, i8, i8, i8, i8, i8, i8 } %mrv_43, i8 %p_3_0_2, 44" [CTREncryption/src/encryption.cpp:165]   --->   Operation 191 'insertvalue' 'mrv_44' <Predicate = true> <Delay = 0.00>
ST_1 : Operation 192 [1/1] (0.00ns)   --->   "%mrv_45 = insertvalue { i8, i8, i8, i8, i8, i8, i8, i8, i8, i8, i8, i8, i8, i8, i8, i8, i8, i8, i8, i8, i8, i8, i8, i8, i8, i8, i8, i8, i8, i8, i8, i8, i8, i8, i8, i8, i8, i8, i8, i8, i8, i8, i8, i8, i8, i8, i8, i8, i8, i8, i8, i8, i8, i8, i8, i8, i8, i8, i8, i8, i8, i8, i8, i8 } %mrv_44, i8 %p_3_1_2, 45" [CTREncryption/src/encryption.cpp:165]   --->   Operation 192 'insertvalue' 'mrv_45' <Predicate = true> <Delay = 0.00>
ST_1 : Operation 193 [1/1] (0.00ns)   --->   "%mrv_46 = insertvalue { i8, i8, i8, i8, i8, i8, i8, i8, i8, i8, i8, i8, i8, i8, i8, i8, i8, i8, i8, i8, i8, i8, i8, i8, i8, i8, i8, i8, i8, i8, i8, i8, i8, i8, i8, i8, i8, i8, i8, i8, i8, i8, i8, i8, i8, i8, i8, i8, i8, i8, i8, i8, i8, i8, i8, i8, i8, i8, i8, i8, i8, i8, i8, i8 } %mrv_45, i8 %p_3_2_2, 46" [CTREncryption/src/encryption.cpp:165]   --->   Operation 193 'insertvalue' 'mrv_46' <Predicate = true> <Delay = 0.00>
ST_1 : Operation 194 [1/1] (0.00ns)   --->   "%mrv_47 = insertvalue { i8, i8, i8, i8, i8, i8, i8, i8, i8, i8, i8, i8, i8, i8, i8, i8, i8, i8, i8, i8, i8, i8, i8, i8, i8, i8, i8, i8, i8, i8, i8, i8, i8, i8, i8, i8, i8, i8, i8, i8, i8, i8, i8, i8, i8, i8, i8, i8, i8, i8, i8, i8, i8, i8, i8, i8, i8, i8, i8, i8, i8, i8, i8, i8 } %mrv_46, i8 %p_3_3_2, 47" [CTREncryption/src/encryption.cpp:165]   --->   Operation 194 'insertvalue' 'mrv_47' <Predicate = true> <Delay = 0.00>
ST_1 : Operation 195 [1/1] (0.00ns)   --->   "%mrv_48 = insertvalue { i8, i8, i8, i8, i8, i8, i8, i8, i8, i8, i8, i8, i8, i8, i8, i8, i8, i8, i8, i8, i8, i8, i8, i8, i8, i8, i8, i8, i8, i8, i8, i8, i8, i8, i8, i8, i8, i8, i8, i8, i8, i8, i8, i8, i8, i8, i8, i8, i8, i8, i8, i8, i8, i8, i8, i8, i8, i8, i8, i8, i8, i8, i8, i8 } %mrv_47, i8 %p_0_0_3, 48" [CTREncryption/src/encryption.cpp:165]   --->   Operation 195 'insertvalue' 'mrv_48' <Predicate = true> <Delay = 0.00>
ST_1 : Operation 196 [1/1] (0.00ns)   --->   "%mrv_49 = insertvalue { i8, i8, i8, i8, i8, i8, i8, i8, i8, i8, i8, i8, i8, i8, i8, i8, i8, i8, i8, i8, i8, i8, i8, i8, i8, i8, i8, i8, i8, i8, i8, i8, i8, i8, i8, i8, i8, i8, i8, i8, i8, i8, i8, i8, i8, i8, i8, i8, i8, i8, i8, i8, i8, i8, i8, i8, i8, i8, i8, i8, i8, i8, i8, i8 } %mrv_48, i8 %p_0_1_3, 49" [CTREncryption/src/encryption.cpp:165]   --->   Operation 196 'insertvalue' 'mrv_49' <Predicate = true> <Delay = 0.00>
ST_1 : Operation 197 [1/1] (0.00ns)   --->   "%mrv_50 = insertvalue { i8, i8, i8, i8, i8, i8, i8, i8, i8, i8, i8, i8, i8, i8, i8, i8, i8, i8, i8, i8, i8, i8, i8, i8, i8, i8, i8, i8, i8, i8, i8, i8, i8, i8, i8, i8, i8, i8, i8, i8, i8, i8, i8, i8, i8, i8, i8, i8, i8, i8, i8, i8, i8, i8, i8, i8, i8, i8, i8, i8, i8, i8, i8, i8 } %mrv_49, i8 %p_0_2_3, 50" [CTREncryption/src/encryption.cpp:165]   --->   Operation 197 'insertvalue' 'mrv_50' <Predicate = true> <Delay = 0.00>
ST_1 : Operation 198 [1/1] (0.00ns)   --->   "%mrv_51 = insertvalue { i8, i8, i8, i8, i8, i8, i8, i8, i8, i8, i8, i8, i8, i8, i8, i8, i8, i8, i8, i8, i8, i8, i8, i8, i8, i8, i8, i8, i8, i8, i8, i8, i8, i8, i8, i8, i8, i8, i8, i8, i8, i8, i8, i8, i8, i8, i8, i8, i8, i8, i8, i8, i8, i8, i8, i8, i8, i8, i8, i8, i8, i8, i8, i8 } %mrv_50, i8 %p_0_3_3, 51" [CTREncryption/src/encryption.cpp:165]   --->   Operation 198 'insertvalue' 'mrv_51' <Predicate = true> <Delay = 0.00>
ST_1 : Operation 199 [1/1] (0.00ns)   --->   "%mrv_52 = insertvalue { i8, i8, i8, i8, i8, i8, i8, i8, i8, i8, i8, i8, i8, i8, i8, i8, i8, i8, i8, i8, i8, i8, i8, i8, i8, i8, i8, i8, i8, i8, i8, i8, i8, i8, i8, i8, i8, i8, i8, i8, i8, i8, i8, i8, i8, i8, i8, i8, i8, i8, i8, i8, i8, i8, i8, i8, i8, i8, i8, i8, i8, i8, i8, i8 } %mrv_51, i8 %p_1_0_3, 52" [CTREncryption/src/encryption.cpp:165]   --->   Operation 199 'insertvalue' 'mrv_52' <Predicate = true> <Delay = 0.00>
ST_1 : Operation 200 [1/1] (0.00ns)   --->   "%mrv_53 = insertvalue { i8, i8, i8, i8, i8, i8, i8, i8, i8, i8, i8, i8, i8, i8, i8, i8, i8, i8, i8, i8, i8, i8, i8, i8, i8, i8, i8, i8, i8, i8, i8, i8, i8, i8, i8, i8, i8, i8, i8, i8, i8, i8, i8, i8, i8, i8, i8, i8, i8, i8, i8, i8, i8, i8, i8, i8, i8, i8, i8, i8, i8, i8, i8, i8 } %mrv_52, i8 %p_1_1_3, 53" [CTREncryption/src/encryption.cpp:165]   --->   Operation 200 'insertvalue' 'mrv_53' <Predicate = true> <Delay = 0.00>
ST_1 : Operation 201 [1/1] (0.00ns)   --->   "%mrv_54 = insertvalue { i8, i8, i8, i8, i8, i8, i8, i8, i8, i8, i8, i8, i8, i8, i8, i8, i8, i8, i8, i8, i8, i8, i8, i8, i8, i8, i8, i8, i8, i8, i8, i8, i8, i8, i8, i8, i8, i8, i8, i8, i8, i8, i8, i8, i8, i8, i8, i8, i8, i8, i8, i8, i8, i8, i8, i8, i8, i8, i8, i8, i8, i8, i8, i8 } %mrv_53, i8 %p_1_2_3, 54" [CTREncryption/src/encryption.cpp:165]   --->   Operation 201 'insertvalue' 'mrv_54' <Predicate = true> <Delay = 0.00>
ST_1 : Operation 202 [1/1] (0.00ns)   --->   "%mrv_55 = insertvalue { i8, i8, i8, i8, i8, i8, i8, i8, i8, i8, i8, i8, i8, i8, i8, i8, i8, i8, i8, i8, i8, i8, i8, i8, i8, i8, i8, i8, i8, i8, i8, i8, i8, i8, i8, i8, i8, i8, i8, i8, i8, i8, i8, i8, i8, i8, i8, i8, i8, i8, i8, i8, i8, i8, i8, i8, i8, i8, i8, i8, i8, i8, i8, i8 } %mrv_54, i8 %p_1_3_3, 55" [CTREncryption/src/encryption.cpp:165]   --->   Operation 202 'insertvalue' 'mrv_55' <Predicate = true> <Delay = 0.00>
ST_1 : Operation 203 [1/1] (0.00ns)   --->   "%mrv_56 = insertvalue { i8, i8, i8, i8, i8, i8, i8, i8, i8, i8, i8, i8, i8, i8, i8, i8, i8, i8, i8, i8, i8, i8, i8, i8, i8, i8, i8, i8, i8, i8, i8, i8, i8, i8, i8, i8, i8, i8, i8, i8, i8, i8, i8, i8, i8, i8, i8, i8, i8, i8, i8, i8, i8, i8, i8, i8, i8, i8, i8, i8, i8, i8, i8, i8 } %mrv_55, i8 %p_2_0_3, 56" [CTREncryption/src/encryption.cpp:165]   --->   Operation 203 'insertvalue' 'mrv_56' <Predicate = true> <Delay = 0.00>
ST_1 : Operation 204 [1/1] (0.00ns)   --->   "%mrv_57 = insertvalue { i8, i8, i8, i8, i8, i8, i8, i8, i8, i8, i8, i8, i8, i8, i8, i8, i8, i8, i8, i8, i8, i8, i8, i8, i8, i8, i8, i8, i8, i8, i8, i8, i8, i8, i8, i8, i8, i8, i8, i8, i8, i8, i8, i8, i8, i8, i8, i8, i8, i8, i8, i8, i8, i8, i8, i8, i8, i8, i8, i8, i8, i8, i8, i8 } %mrv_56, i8 %p_2_1_3, 57" [CTREncryption/src/encryption.cpp:165]   --->   Operation 204 'insertvalue' 'mrv_57' <Predicate = true> <Delay = 0.00>
ST_1 : Operation 205 [1/1] (0.00ns)   --->   "%mrv_58 = insertvalue { i8, i8, i8, i8, i8, i8, i8, i8, i8, i8, i8, i8, i8, i8, i8, i8, i8, i8, i8, i8, i8, i8, i8, i8, i8, i8, i8, i8, i8, i8, i8, i8, i8, i8, i8, i8, i8, i8, i8, i8, i8, i8, i8, i8, i8, i8, i8, i8, i8, i8, i8, i8, i8, i8, i8, i8, i8, i8, i8, i8, i8, i8, i8, i8 } %mrv_57, i8 %p_2_2_3, 58" [CTREncryption/src/encryption.cpp:165]   --->   Operation 205 'insertvalue' 'mrv_58' <Predicate = true> <Delay = 0.00>
ST_1 : Operation 206 [1/1] (0.00ns)   --->   "%mrv_59 = insertvalue { i8, i8, i8, i8, i8, i8, i8, i8, i8, i8, i8, i8, i8, i8, i8, i8, i8, i8, i8, i8, i8, i8, i8, i8, i8, i8, i8, i8, i8, i8, i8, i8, i8, i8, i8, i8, i8, i8, i8, i8, i8, i8, i8, i8, i8, i8, i8, i8, i8, i8, i8, i8, i8, i8, i8, i8, i8, i8, i8, i8, i8, i8, i8, i8 } %mrv_58, i8 %p_2_3_3, 59" [CTREncryption/src/encryption.cpp:165]   --->   Operation 206 'insertvalue' 'mrv_59' <Predicate = true> <Delay = 0.00>
ST_1 : Operation 207 [1/1] (0.00ns)   --->   "%mrv_60 = insertvalue { i8, i8, i8, i8, i8, i8, i8, i8, i8, i8, i8, i8, i8, i8, i8, i8, i8, i8, i8, i8, i8, i8, i8, i8, i8, i8, i8, i8, i8, i8, i8, i8, i8, i8, i8, i8, i8, i8, i8, i8, i8, i8, i8, i8, i8, i8, i8, i8, i8, i8, i8, i8, i8, i8, i8, i8, i8, i8, i8, i8, i8, i8, i8, i8 } %mrv_59, i8 %p_3_0_3, 60" [CTREncryption/src/encryption.cpp:165]   --->   Operation 207 'insertvalue' 'mrv_60' <Predicate = true> <Delay = 0.00>
ST_1 : Operation 208 [1/1] (0.00ns)   --->   "%mrv_61 = insertvalue { i8, i8, i8, i8, i8, i8, i8, i8, i8, i8, i8, i8, i8, i8, i8, i8, i8, i8, i8, i8, i8, i8, i8, i8, i8, i8, i8, i8, i8, i8, i8, i8, i8, i8, i8, i8, i8, i8, i8, i8, i8, i8, i8, i8, i8, i8, i8, i8, i8, i8, i8, i8, i8, i8, i8, i8, i8, i8, i8, i8, i8, i8, i8, i8 } %mrv_60, i8 %p_3_1_3, 61" [CTREncryption/src/encryption.cpp:165]   --->   Operation 208 'insertvalue' 'mrv_61' <Predicate = true> <Delay = 0.00>
ST_1 : Operation 209 [1/1] (0.00ns)   --->   "%mrv_62 = insertvalue { i8, i8, i8, i8, i8, i8, i8, i8, i8, i8, i8, i8, i8, i8, i8, i8, i8, i8, i8, i8, i8, i8, i8, i8, i8, i8, i8, i8, i8, i8, i8, i8, i8, i8, i8, i8, i8, i8, i8, i8, i8, i8, i8, i8, i8, i8, i8, i8, i8, i8, i8, i8, i8, i8, i8, i8, i8, i8, i8, i8, i8, i8, i8, i8 } %mrv_61, i8 %p_3_2_3, 62" [CTREncryption/src/encryption.cpp:165]   --->   Operation 209 'insertvalue' 'mrv_62' <Predicate = true> <Delay = 0.00>
ST_1 : Operation 210 [1/1] (0.00ns)   --->   "%mrv_s = insertvalue { i8, i8, i8, i8, i8, i8, i8, i8, i8, i8, i8, i8, i8, i8, i8, i8, i8, i8, i8, i8, i8, i8, i8, i8, i8, i8, i8, i8, i8, i8, i8, i8, i8, i8, i8, i8, i8, i8, i8, i8, i8, i8, i8, i8, i8, i8, i8, i8, i8, i8, i8, i8, i8, i8, i8, i8, i8, i8, i8, i8, i8, i8, i8, i8 } %mrv_62, i8 %p_3_3_3, 63" [CTREncryption/src/encryption.cpp:165]   --->   Operation 210 'insertvalue' 'mrv_s' <Predicate = true> <Delay = 0.00>
ST_1 : Operation 211 [1/1] (0.00ns)   --->   "ret { i8, i8, i8, i8, i8, i8, i8, i8, i8, i8, i8, i8, i8, i8, i8, i8, i8, i8, i8, i8, i8, i8, i8, i8, i8, i8, i8, i8, i8, i8, i8, i8, i8, i8, i8, i8, i8, i8, i8, i8, i8, i8, i8, i8, i8, i8, i8, i8, i8, i8, i8, i8, i8, i8, i8, i8, i8, i8, i8, i8, i8, i8, i8, i8 } %mrv_s" [CTREncryption/src/encryption.cpp:165]   --->   Operation 211 'ret' <Predicate = true> <Delay = 0.00>


============================================================
+ Verbose Summary: Timing violations
============================================================
Target clock period: 5ns, clock uncertainty: 0.625ns.

 <State 1>: 0.335ns
The critical path consists of the following:
	wire read on port 'sub_key_V_6' (CTREncryption/src/encryption.cpp:158) [66]  (0 ns)
	'xor' operation ('p_s', CTREncryption/src/encryption.cpp:161) [132]  (0.335 ns)


============================================================
+ Verbose Summary: Binding
============================================================
N/A
* FSMD analyzer results:
  - Output states:
 - Input state : 
  - Chain level:
	State 1


============================================================
+ Verbose Summary: Datapath Resource usage 
============================================================
N/A
